[0.361s] DEBUG:colcon:Command line arguments: ['/usr/bin/colcon', 'build']
[0.361s] DEBUG:colcon:Parsed command line arguments: Namespace(ament_cmake_args=None, base_paths=['.'], build_base='build', catkin_cmake_args=None, catkin_skip_building_tests=False, cmake_args=None, cmake_clean_cache=False, cmake_clean_first=False, cmake_force_configure=False, cmake_target=None, cmake_target_skip_unavailable=False, continue_on_error=False, event_handlers=None, executor='parallel', ignore_user_meta=False, install_base='install', log_base=None, log_level=None, main=<bound method BuildVerb.main of <colcon_core.verb.build.BuildVerb object at 0x7f919765b550>>, merge_install=False, metas=['./colcon.meta'], packages_above=None, packages_above_and_dependencies=None, packages_above_depth=None, packages_end=None, packages_ignore=None, packages_ignore_regex=None, packages_select=None, packages_select_build_failed=False, packages_select_by_dep=None, packages_select_regex=None, packages_select_test_failures=False, packages_skip=None, packages_skip_build_finished=False, packages_skip_by_dep=None, packages_skip_regex=None, packages_skip_test_passed=False, packages_skip_up_to=None, packages_start=None, packages_up_to=None, packages_up_to_regex=None, parallel_workers=4, paths=None, symlink_install=False, test_result_base=None, verb_extension=<colcon_core.verb.build.BuildVerb object at 0x7f919765b550>, verb_name='build', verb_parser=<colcon_defaults.argument_parser.defaults.DefaultArgumentsDecorator object at 0x7f919765ba90>)
[0.382s] Level 1:colcon.colcon_core.package_discovery:discover_packages(colcon_meta) check parameters
[0.382s] Level 1:colcon.colcon_core.package_discovery:discover_packages(recursive) check parameters
[0.382s] Level 1:colcon.colcon_core.package_discovery:discover_packages(ignore) check parameters
[0.382s] Level 1:colcon.colcon_core.package_discovery:discover_packages(path) check parameters
[0.382s] Level 1:colcon.colcon_core.package_discovery:discover_packages(colcon_meta) discover
[0.383s] Level 1:colcon.colcon_core.package_discovery:discover_packages(recursive) discover
[0.383s] INFO:colcon.colcon_core.package_discovery:Crawling recursively for packages in '/home/autretechlab/Documents/GitHub/ATL_WEBOTS_ROS2_bridge/ros2_ws'
[0.383s] Level 1:colcon.colcon_core.package_identification:_identify(.) by extensions ['ignore', 'ignore_ament_install']
[0.383s] Level 1:colcon.colcon_core.package_identification:_identify(.) by extension 'ignore'
[0.383s] Level 1:colcon.colcon_core.package_identification:_identify(.) by extension 'ignore_ament_install'
[0.383s] Level 1:colcon.colcon_core.package_identification:_identify(.) by extensions ['colcon_pkg']
[0.383s] Level 1:colcon.colcon_core.package_identification:_identify(.) by extension 'colcon_pkg'
[0.383s] Level 1:colcon.colcon_core.package_identification:_identify(.) by extensions ['colcon_meta']
[0.383s] Level 1:colcon.colcon_core.package_identification:_identify(.) by extension 'colcon_meta'
[0.383s] Level 1:colcon.colcon_core.package_identification:_identify(.) by extensions ['ros']
[0.383s] Level 1:colcon.colcon_core.package_identification:_identify(.) by extension 'ros'
[0.408s] Level 1:colcon.colcon_core.package_identification:_identify(.) by extensions ['cmake', 'python']
[0.409s] Level 1:colcon.colcon_core.package_identification:_identify(.) by extension 'cmake'
[0.409s] Level 1:colcon.colcon_core.package_identification:_identify(.) by extension 'python'
[0.409s] Level 1:colcon.colcon_core.package_identification:_identify(.) by extensions ['python_setup_py']
[0.409s] Level 1:colcon.colcon_core.package_identification:_identify(.) by extension 'python_setup_py'
[0.409s] Level 1:colcon.colcon_core.package_identification:_identify(build) by extensions ['ignore', 'ignore_ament_install']
[0.409s] Level 1:colcon.colcon_core.package_identification:_identify(build) by extension 'ignore'
[0.409s] Level 1:colcon.colcon_core.package_identification:_identify(build) ignored
[0.409s] Level 1:colcon.colcon_core.package_identification:_identify(install) by extensions ['ignore', 'ignore_ament_install']
[0.410s] Level 1:colcon.colcon_core.package_identification:_identify(install) by extension 'ignore'
[0.410s] Level 1:colcon.colcon_core.package_identification:_identify(install) ignored
[0.410s] Level 1:colcon.colcon_core.package_identification:_identify(log) by extensions ['ignore', 'ignore_ament_install']
[0.410s] Level 1:colcon.colcon_core.package_identification:_identify(log) by extension 'ignore'
[0.410s] Level 1:colcon.colcon_core.package_identification:_identify(log) ignored
[0.410s] Level 1:colcon.colcon_core.package_identification:_identify(src) by extensions ['ignore', 'ignore_ament_install']
[0.410s] Level 1:colcon.colcon_core.package_identification:_identify(src) by extension 'ignore'
[0.410s] Level 1:colcon.colcon_core.package_identification:_identify(src) by extension 'ignore_ament_install'
[0.410s] Level 1:colcon.colcon_core.package_identification:_identify(src) by extensions ['colcon_pkg']
[0.410s] Level 1:colcon.colcon_core.package_identification:_identify(src) by extension 'colcon_pkg'
[0.410s] Level 1:colcon.colcon_core.package_identification:_identify(src) by extensions ['colcon_meta']
[0.410s] Level 1:colcon.colcon_core.package_identification:_identify(src) by extension 'colcon_meta'
[0.410s] Level 1:colcon.colcon_core.package_identification:_identify(src) by extensions ['ros']
[0.411s] Level 1:colcon.colcon_core.package_identification:_identify(src) by extension 'ros'
[0.411s] Level 1:colcon.colcon_core.package_identification:_identify(src) by extensions ['cmake', 'python']
[0.411s] Level 1:colcon.colcon_core.package_identification:_identify(src) by extension 'cmake'
[0.411s] Level 1:colcon.colcon_core.package_identification:_identify(src) by extension 'python'
[0.411s] Level 1:colcon.colcon_core.package_identification:_identify(src) by extensions ['python_setup_py']
[0.411s] Level 1:colcon.colcon_core.package_identification:_identify(src) by extension 'python_setup_py'
[0.411s] Level 1:colcon.colcon_core.package_identification:_identify(src/webots_interfaces) by extensions ['ignore', 'ignore_ament_install']
[0.411s] Level 1:colcon.colcon_core.package_identification:_identify(src/webots_interfaces) by extension 'ignore'
[0.411s] Level 1:colcon.colcon_core.package_identification:_identify(src/webots_interfaces) by extension 'ignore_ament_install'
[0.411s] Level 1:colcon.colcon_core.package_identification:_identify(src/webots_interfaces) by extensions ['colcon_pkg']
[0.411s] Level 1:colcon.colcon_core.package_identification:_identify(src/webots_interfaces) by extension 'colcon_pkg'
[0.411s] Level 1:colcon.colcon_core.package_identification:_identify(src/webots_interfaces) by extensions ['colcon_meta']
[0.411s] Level 1:colcon.colcon_core.package_identification:_identify(src/webots_interfaces) by extension 'colcon_meta'
[0.412s] Level 1:colcon.colcon_core.package_identification:_identify(src/webots_interfaces) by extensions ['ros']
[0.412s] Level 1:colcon.colcon_core.package_identification:_identify(src/webots_interfaces) by extension 'ros'
[0.415s] DEBUG:colcon.colcon_core.package_identification:Package 'src/webots_interfaces' with type 'ros.ament_cmake' and name 'webots_interfaces'
[0.416s] Level 1:colcon.colcon_core.package_identification:_identify(src/webots_ros2_bridge_py_pkg) by extensions ['ignore', 'ignore_ament_install']
[0.416s] Level 1:colcon.colcon_core.package_identification:_identify(src/webots_ros2_bridge_py_pkg) by extension 'ignore'
[0.416s] Level 1:colcon.colcon_core.package_identification:_identify(src/webots_ros2_bridge_py_pkg) by extension 'ignore_ament_install'
[0.416s] Level 1:colcon.colcon_core.package_identification:_identify(src/webots_ros2_bridge_py_pkg) by extensions ['colcon_pkg']
[0.416s] Level 1:colcon.colcon_core.package_identification:_identify(src/webots_ros2_bridge_py_pkg) by extension 'colcon_pkg'
[0.416s] Level 1:colcon.colcon_core.package_identification:_identify(src/webots_ros2_bridge_py_pkg) by extensions ['colcon_meta']
[0.416s] Level 1:colcon.colcon_core.package_identification:_identify(src/webots_ros2_bridge_py_pkg) by extension 'colcon_meta'
[0.416s] Level 1:colcon.colcon_core.package_identification:_identify(src/webots_ros2_bridge_py_pkg) by extensions ['ros']
[0.416s] Level 1:colcon.colcon_core.package_identification:_identify(src/webots_ros2_bridge_py_pkg) by extension 'ros'
[0.417s] DEBUG:colcon.colcon_core.package_identification:Package 'src/webots_ros2_bridge_py_pkg' with type 'ros.ament_python' and name 'webots_ros2_bridge_py_pkg'
[0.417s] Level 1:colcon.colcon_core.package_discovery:discover_packages(recursive) using defaults
[0.417s] Level 1:colcon.colcon_core.package_discovery:discover_packages(ignore) discover
[0.417s] Level 1:colcon.colcon_core.package_discovery:discover_packages(ignore) using defaults
[0.417s] Level 1:colcon.colcon_core.package_discovery:discover_packages(path) discover
[0.417s] Level 1:colcon.colcon_core.package_discovery:discover_packages(path) using defaults
[0.459s] Level 5:colcon.colcon_core.verb:set package 'webots_interfaces' build argument 'cmake_args' from command line to 'None'
[0.460s] Level 5:colcon.colcon_core.verb:set package 'webots_interfaces' build argument 'cmake_target' from command line to 'None'
[0.460s] Level 5:colcon.colcon_core.verb:set package 'webots_interfaces' build argument 'cmake_target_skip_unavailable' from command line to 'False'
[0.460s] Level 5:colcon.colcon_core.verb:set package 'webots_interfaces' build argument 'cmake_clean_cache' from command line to 'False'
[0.460s] Level 5:colcon.colcon_core.verb:set package 'webots_interfaces' build argument 'cmake_clean_first' from command line to 'False'
[0.460s] Level 5:colcon.colcon_core.verb:set package 'webots_interfaces' build argument 'cmake_force_configure' from command line to 'False'
[0.460s] Level 5:colcon.colcon_core.verb:set package 'webots_interfaces' build argument 'ament_cmake_args' from command line to 'None'
[0.460s] Level 5:colcon.colcon_core.verb:set package 'webots_interfaces' build argument 'catkin_cmake_args' from command line to 'None'
[0.460s] Level 5:colcon.colcon_core.verb:set package 'webots_interfaces' build argument 'catkin_skip_building_tests' from command line to 'False'
[0.460s] DEBUG:colcon.colcon_core.verb:Building package 'webots_interfaces' with the following arguments: {'ament_cmake_args': None, 'build_base': '/home/autretechlab/Documents/GitHub/ATL_WEBOTS_ROS2_bridge/ros2_ws/build/webots_interfaces', 'catkin_cmake_args': None, 'catkin_skip_building_tests': False, 'cmake_args': None, 'cmake_clean_cache': False, 'cmake_clean_first': False, 'cmake_force_configure': False, 'cmake_target': None, 'cmake_target_skip_unavailable': False, 'install_base': '/home/autretechlab/Documents/GitHub/ATL_WEBOTS_ROS2_bridge/ros2_ws/install/webots_interfaces', 'merge_install': False, 'path': '/home/autretechlab/Documents/GitHub/ATL_WEBOTS_ROS2_bridge/ros2_ws/src/webots_interfaces', 'symlink_install': False, 'test_result_base': None}
[0.464s] Level 5:colcon.colcon_core.verb:set package 'webots_ros2_bridge_py_pkg' build argument 'cmake_args' from command line to 'None'
[0.464s] Level 5:colcon.colcon_core.verb:set package 'webots_ros2_bridge_py_pkg' build argument 'cmake_target' from command line to 'None'
[0.464s] Level 5:colcon.colcon_core.verb:set package 'webots_ros2_bridge_py_pkg' build argument 'cmake_target_skip_unavailable' from command line to 'False'
[0.464s] Level 5:colcon.colcon_core.verb:set package 'webots_ros2_bridge_py_pkg' build argument 'cmake_clean_cache' from command line to 'False'
[0.464s] Level 5:colcon.colcon_core.verb:set package 'webots_ros2_bridge_py_pkg' build argument 'cmake_clean_first' from command line to 'False'
[0.464s] Level 5:colcon.colcon_core.verb:set package 'webots_ros2_bridge_py_pkg' build argument 'cmake_force_configure' from command line to 'False'
[0.464s] Level 5:colcon.colcon_core.verb:set package 'webots_ros2_bridge_py_pkg' build argument 'ament_cmake_args' from command line to 'None'
[0.464s] Level 5:colcon.colcon_core.verb:set package 'webots_ros2_bridge_py_pkg' build argument 'catkin_cmake_args' from command line to 'None'
[0.464s] Level 5:colcon.colcon_core.verb:set package 'webots_ros2_bridge_py_pkg' build argument 'catkin_skip_building_tests' from command line to 'False'
[0.464s] DEBUG:colcon.colcon_core.verb:Building package 'webots_ros2_bridge_py_pkg' with the following arguments: {'ament_cmake_args': None, 'build_base': '/home/autretechlab/Documents/GitHub/ATL_WEBOTS_ROS2_bridge/ros2_ws/build/webots_ros2_bridge_py_pkg', 'catkin_cmake_args': None, 'catkin_skip_building_tests': False, 'cmake_args': None, 'cmake_clean_cache': False, 'cmake_clean_first': False, 'cmake_force_configure': False, 'cmake_target': None, 'cmake_target_skip_unavailable': False, 'install_base': '/home/autretechlab/Documents/GitHub/ATL_WEBOTS_ROS2_bridge/ros2_ws/install/webots_ros2_bridge_py_pkg', 'merge_install': False, 'path': '/home/autretechlab/Documents/GitHub/ATL_WEBOTS_ROS2_bridge/ros2_ws/src/webots_ros2_bridge_py_pkg', 'symlink_install': False, 'test_result_base': None}
[0.465s] INFO:colcon.colcon_core.executor:Executing jobs using 'parallel' executor
[0.470s] DEBUG:colcon.colcon_parallel_executor.executor.parallel:run_until_complete
[0.470s] INFO:colcon.colcon_ros.task.ament_cmake.build:Building ROS package in '/home/autretechlab/Documents/GitHub/ATL_WEBOTS_ROS2_bridge/ros2_ws/src/webots_interfaces' with build type 'ament_cmake'
[0.470s] INFO:colcon.colcon_cmake.task.cmake.build:Building CMake package in '/home/autretechlab/Documents/GitHub/ATL_WEBOTS_ROS2_bridge/ros2_ws/src/webots_interfaces'
[0.480s] INFO:colcon.colcon_core.plugin_system:Skipping extension 'colcon_core.shell.bat': Not used on non-Windows systems
[0.481s] INFO:colcon.colcon_core.shell:Skip shell extension 'powershell' for command environment: Not usable outside of PowerShell
[0.481s] DEBUG:colcon.colcon_core.shell:Skip shell extension 'dsv' for command environment
[0.489s] DEBUG:colcon.colcon_core.shell:Ignoring prefix path '/opt/ros/foxy'
[0.510s] DEBUG:colcon.colcon_core.event_handler.log_command:Invoking command in '/home/autretechlab/Documents/GitHub/ATL_WEBOTS_ROS2_bridge/ros2_ws/build/webots_interfaces': CMAKE_PREFIX_PATH=${CMAKE_PREFIX_PATH}:/home/autretechlab/Documents/GitHub/ATL_WEBOTS_ROS2_bridge/ros2_ws/install/webots_ros2_bridge_py_pkg:/home/autretechlab/Documents/GitHub/ATL_Robotics_IDE/ros2_ws/install/atl_blockly_ide_py_pkg:/home/autretechlab/Documents/GitHub/ATL_ThymioII_ROS2_bridge/install/thymio2_ros2_tutorials_py_pkg:/home/autretechlab/Documents/GitHub/ATL_ThymioII_ROS2_bridge/install/thymio2_ros2_bridge_py_pkg:/home/autretechlab/Documents/GitHub/ATL_ThymioII_ROS2_bridge/install/thymio2_ROS2_bridge_py_pkg:/opt/ros/foxy /usr/bin/cmake --build /home/autretechlab/Documents/GitHub/ATL_WEBOTS_ROS2_bridge/ros2_ws/build/webots_interfaces -- -j4 -l4
[0.931s] DEBUG:colcon.colcon_core.event_handler.log_command:Invoked command in '/home/autretechlab/Documents/GitHub/ATL_WEBOTS_ROS2_bridge/ros2_ws/build/webots_interfaces' returned '0': CMAKE_PREFIX_PATH=${CMAKE_PREFIX_PATH}:/home/autretechlab/Documents/GitHub/ATL_WEBOTS_ROS2_bridge/ros2_ws/install/webots_ros2_bridge_py_pkg:/home/autretechlab/Documents/GitHub/ATL_Robotics_IDE/ros2_ws/install/atl_blockly_ide_py_pkg:/home/autretechlab/Documents/GitHub/ATL_ThymioII_ROS2_bridge/install/thymio2_ros2_tutorials_py_pkg:/home/autretechlab/Documents/GitHub/ATL_ThymioII_ROS2_bridge/install/thymio2_ros2_bridge_py_pkg:/home/autretechlab/Documents/GitHub/ATL_ThymioII_ROS2_bridge/install/thymio2_ROS2_bridge_py_pkg:/opt/ros/foxy /usr/bin/cmake --build /home/autretechlab/Documents/GitHub/ATL_WEBOTS_ROS2_bridge/ros2_ws/build/webots_interfaces -- -j4 -l4
[1.108s] DEBUG:colcon.colcon_core.event_handler.log_command:Invoking command in '/home/autretechlab/Documents/GitHub/ATL_WEBOTS_ROS2_bridge/ros2_ws/build/webots_interfaces': CMAKE_PREFIX_PATH=${CMAKE_PREFIX_PATH}:/home/autretechlab/Documents/GitHub/ATL_WEBOTS_ROS2_bridge/ros2_ws/install/webots_ros2_bridge_py_pkg:/home/autretechlab/Documents/GitHub/ATL_Robotics_IDE/ros2_ws/install/atl_blockly_ide_py_pkg:/home/autretechlab/Documents/GitHub/ATL_ThymioII_ROS2_bridge/install/thymio2_ros2_tutorials_py_pkg:/home/autretechlab/Documents/GitHub/ATL_ThymioII_ROS2_bridge/install/thymio2_ros2_bridge_py_pkg:/home/autretechlab/Documents/GitHub/ATL_ThymioII_ROS2_bridge/install/thymio2_ROS2_bridge_py_pkg:/opt/ros/foxy /usr/bin/cmake --install /home/autretechlab/Documents/GitHub/ATL_WEBOTS_ROS2_bridge/ros2_ws/build/webots_interfaces
[1.218s] Level 1:colcon.colcon_core.environment:create_environment_scripts_only(webots_interfaces)
[1.220s] DEBUG:colcon.colcon_core.event_handler.log_command:Invoked command in '/home/autretechlab/Documents/GitHub/ATL_WEBOTS_ROS2_bridge/ros2_ws/build/webots_interfaces' returned '0': CMAKE_PREFIX_PATH=${CMAKE_PREFIX_PATH}:/home/autretechlab/Documents/GitHub/ATL_WEBOTS_ROS2_bridge/ros2_ws/install/webots_ros2_bridge_py_pkg:/home/autretechlab/Documents/GitHub/ATL_Robotics_IDE/ros2_ws/install/atl_blockly_ide_py_pkg:/home/autretechlab/Documents/GitHub/ATL_ThymioII_ROS2_bridge/install/thymio2_ros2_tutorials_py_pkg:/home/autretechlab/Documents/GitHub/ATL_ThymioII_ROS2_bridge/install/thymio2_ros2_bridge_py_pkg:/home/autretechlab/Documents/GitHub/ATL_ThymioII_ROS2_bridge/install/thymio2_ROS2_bridge_py_pkg:/opt/ros/foxy /usr/bin/cmake --install /home/autretechlab/Documents/GitHub/ATL_WEBOTS_ROS2_bridge/ros2_ws/build/webots_interfaces
[1.224s] Level 1:colcon.colcon_core.environment:checking '/home/autretechlab/Documents/GitHub/ATL_WEBOTS_ROS2_bridge/ros2_ws/install/webots_interfaces' for CMake module files
[1.225s] Level 1:colcon.colcon_core.environment:checking '/home/autretechlab/Documents/GitHub/ATL_WEBOTS_ROS2_bridge/ros2_ws/install/webots_interfaces' for CMake config files
[1.226s] Level 1:colcon.colcon_core.shell:create_environment_hook('webots_interfaces', 'cmake_prefix_path')
[1.227s] INFO:colcon.colcon_core.shell:Creating environment hook '/home/autretechlab/Documents/GitHub/ATL_WEBOTS_ROS2_bridge/ros2_ws/install/webots_interfaces/share/webots_interfaces/hook/cmake_prefix_path.ps1'
[1.229s] INFO:colcon.colcon_core.shell:Creating environment descriptor '/home/autretechlab/Documents/GitHub/ATL_WEBOTS_ROS2_bridge/ros2_ws/install/webots_interfaces/share/webots_interfaces/hook/cmake_prefix_path.dsv'
[1.230s] INFO:colcon.colcon_core.shell:Creating environment hook '/home/autretechlab/Documents/GitHub/ATL_WEBOTS_ROS2_bridge/ros2_ws/install/webots_interfaces/share/webots_interfaces/hook/cmake_prefix_path.sh'
[1.231s] Level 1:colcon.colcon_core.environment:checking '/home/autretechlab/Documents/GitHub/ATL_WEBOTS_ROS2_bridge/ros2_ws/install/webots_interfaces/lib'
[1.232s] Level 1:colcon.colcon_core.shell:create_environment_hook('webots_interfaces', 'ld_library_path_lib')
[1.233s] INFO:colcon.colcon_core.shell:Creating environment hook '/home/autretechlab/Documents/GitHub/ATL_WEBOTS_ROS2_bridge/ros2_ws/install/webots_interfaces/share/webots_interfaces/hook/ld_library_path_lib.ps1'
[1.234s] INFO:colcon.colcon_core.shell:Creating environment descriptor '/home/autretechlab/Documents/GitHub/ATL_WEBOTS_ROS2_bridge/ros2_ws/install/webots_interfaces/share/webots_interfaces/hook/ld_library_path_lib.dsv'
[1.235s] INFO:colcon.colcon_core.shell:Creating environment hook '/home/autretechlab/Documents/GitHub/ATL_WEBOTS_ROS2_bridge/ros2_ws/install/webots_interfaces/share/webots_interfaces/hook/ld_library_path_lib.sh'
[1.236s] Level 1:colcon.colcon_core.environment:checking '/home/autretechlab/Documents/GitHub/ATL_WEBOTS_ROS2_bridge/ros2_ws/install/webots_interfaces/bin'
[1.237s] Level 1:colcon.colcon_core.environment:checking '/home/autretechlab/Documents/GitHub/ATL_WEBOTS_ROS2_bridge/ros2_ws/install/webots_interfaces/lib/pkgconfig/webots_interfaces.pc'
[1.237s] Level 1:colcon.colcon_core.environment:checking '/home/autretechlab/Documents/GitHub/ATL_WEBOTS_ROS2_bridge/ros2_ws/install/webots_interfaces/lib/python3.8/site-packages'
[1.238s] Level 1:colcon.colcon_core.shell:create_environment_hook('webots_interfaces', 'pythonpath')
[1.239s] INFO:colcon.colcon_core.shell:Creating environment hook '/home/autretechlab/Documents/GitHub/ATL_WEBOTS_ROS2_bridge/ros2_ws/install/webots_interfaces/share/webots_interfaces/hook/pythonpath.ps1'
[1.240s] INFO:colcon.colcon_core.shell:Creating environment descriptor '/home/autretechlab/Documents/GitHub/ATL_WEBOTS_ROS2_bridge/ros2_ws/install/webots_interfaces/share/webots_interfaces/hook/pythonpath.dsv'
[1.240s] INFO:colcon.colcon_core.shell:Creating environment hook '/home/autretechlab/Documents/GitHub/ATL_WEBOTS_ROS2_bridge/ros2_ws/install/webots_interfaces/share/webots_interfaces/hook/pythonpath.sh'
[1.242s] INFO:colcon.colcon_core.shell:Creating package script '/home/autretechlab/Documents/GitHub/ATL_WEBOTS_ROS2_bridge/ros2_ws/install/webots_interfaces/share/webots_interfaces/package.ps1'
[1.243s] INFO:colcon.colcon_core.shell:Creating package descriptor '/home/autretechlab/Documents/GitHub/ATL_WEBOTS_ROS2_bridge/ros2_ws/install/webots_interfaces/share/webots_interfaces/package.dsv'
[1.244s] INFO:colcon.colcon_core.shell:Creating package script '/home/autretechlab/Documents/GitHub/ATL_WEBOTS_ROS2_bridge/ros2_ws/install/webots_interfaces/share/webots_interfaces/package.sh'
[1.245s] INFO:colcon.colcon_core.shell:Creating package script '/home/autretechlab/Documents/GitHub/ATL_WEBOTS_ROS2_bridge/ros2_ws/install/webots_interfaces/share/webots_interfaces/package.bash'
[1.246s] INFO:colcon.colcon_core.shell:Creating package script '/home/autretechlab/Documents/GitHub/ATL_WEBOTS_ROS2_bridge/ros2_ws/install/webots_interfaces/share/webots_interfaces/package.zsh'
[1.246s] Level 1:colcon.colcon_core.environment:create_file_with_runtime_dependencies(/home/autretechlab/Documents/GitHub/ATL_WEBOTS_ROS2_bridge/ros2_ws/install/webots_interfaces/share/colcon-core/packages/webots_interfaces)
[1.393s] Level 1:colcon.colcon_core.environment:create_environment_scripts_only(webots_interfaces)
[1.394s] Level 1:colcon.colcon_core.environment:checking '/home/autretechlab/Documents/GitHub/ATL_WEBOTS_ROS2_bridge/ros2_ws/install/webots_interfaces' for CMake module files
[1.395s] Level 1:colcon.colcon_core.environment:checking '/home/autretechlab/Documents/GitHub/ATL_WEBOTS_ROS2_bridge/ros2_ws/install/webots_interfaces' for CMake config files
[1.396s] Level 1:colcon.colcon_core.shell:create_environment_hook('webots_interfaces', 'cmake_prefix_path')
[1.397s] INFO:colcon.colcon_core.shell:Creating environment hook '/home/autretechlab/Documents/GitHub/ATL_WEBOTS_ROS2_bridge/ros2_ws/install/webots_interfaces/share/webots_interfaces/hook/cmake_prefix_path.ps1'
[1.397s] INFO:colcon.colcon_core.shell:Creating environment descriptor '/home/autretechlab/Documents/GitHub/ATL_WEBOTS_ROS2_bridge/ros2_ws/install/webots_interfaces/share/webots_interfaces/hook/cmake_prefix_path.dsv'
[1.398s] INFO:colcon.colcon_core.shell:Creating environment hook '/home/autretechlab/Documents/GitHub/ATL_WEBOTS_ROS2_bridge/ros2_ws/install/webots_interfaces/share/webots_interfaces/hook/cmake_prefix_path.sh'
[1.399s] Level 1:colcon.colcon_core.environment:checking '/home/autretechlab/Documents/GitHub/ATL_WEBOTS_ROS2_bridge/ros2_ws/install/webots_interfaces/lib'
[1.399s] Level 1:colcon.colcon_core.shell:create_environment_hook('webots_interfaces', 'ld_library_path_lib')
[1.400s] INFO:colcon.colcon_core.shell:Creating environment hook '/home/autretechlab/Documents/GitHub/ATL_WEBOTS_ROS2_bridge/ros2_ws/install/webots_interfaces/share/webots_interfaces/hook/ld_library_path_lib.ps1'
[1.401s] INFO:colcon.colcon_core.shell:Creating environment descriptor '/home/autretechlab/Documents/GitHub/ATL_WEBOTS_ROS2_bridge/ros2_ws/install/webots_interfaces/share/webots_interfaces/hook/ld_library_path_lib.dsv'
[1.401s] INFO:colcon.colcon_core.shell:Creating environment hook '/home/autretechlab/Documents/GitHub/ATL_WEBOTS_ROS2_bridge/ros2_ws/install/webots_interfaces/share/webots_interfaces/hook/ld_library_path_lib.sh'
[1.402s] Level 1:colcon.colcon_core.environment:checking '/home/autretechlab/Documents/GitHub/ATL_WEBOTS_ROS2_bridge/ros2_ws/install/webots_interfaces/bin'
[1.402s] Level 1:colcon.colcon_core.environment:checking '/home/autretechlab/Documents/GitHub/ATL_WEBOTS_ROS2_bridge/ros2_ws/install/webots_interfaces/lib/pkgconfig/webots_interfaces.pc'
[1.402s] Level 1:colcon.colcon_core.environment:checking '/home/autretechlab/Documents/GitHub/ATL_WEBOTS_ROS2_bridge/ros2_ws/install/webots_interfaces/lib/python3.8/site-packages'
[1.402s] Level 1:colcon.colcon_core.shell:create_environment_hook('webots_interfaces', 'pythonpath')
[1.403s] INFO:colcon.colcon_core.shell:Creating environment hook '/home/autretechlab/Documents/GitHub/ATL_WEBOTS_ROS2_bridge/ros2_ws/install/webots_interfaces/share/webots_interfaces/hook/pythonpath.ps1'
[1.405s] INFO:colcon.colcon_core.shell:Creating environment descriptor '/home/autretechlab/Documents/GitHub/ATL_WEBOTS_ROS2_bridge/ros2_ws/install/webots_interfaces/share/webots_interfaces/hook/pythonpath.dsv'
[1.405s] INFO:colcon.colcon_core.shell:Creating environment hook '/home/autretechlab/Documents/GitHub/ATL_WEBOTS_ROS2_bridge/ros2_ws/install/webots_interfaces/share/webots_interfaces/hook/pythonpath.sh'
[1.407s] INFO:colcon.colcon_core.shell:Creating package script '/home/autretechlab/Documents/GitHub/ATL_WEBOTS_ROS2_bridge/ros2_ws/install/webots_interfaces/share/webots_interfaces/package.ps1'
[1.409s] INFO:colcon.colcon_core.shell:Creating package descriptor '/home/autretechlab/Documents/GitHub/ATL_WEBOTS_ROS2_bridge/ros2_ws/install/webots_interfaces/share/webots_interfaces/package.dsv'
[1.410s] INFO:colcon.colcon_core.shell:Creating package script '/home/autretechlab/Documents/GitHub/ATL_WEBOTS_ROS2_bridge/ros2_ws/install/webots_interfaces/share/webots_interfaces/package.sh'
[1.411s] INFO:colcon.colcon_core.shell:Creating package script '/home/autretechlab/Documents/GitHub/ATL_WEBOTS_ROS2_bridge/ros2_ws/install/webots_interfaces/share/webots_interfaces/package.bash'
[1.412s] INFO:colcon.colcon_core.shell:Creating package script '/home/autretechlab/Documents/GitHub/ATL_WEBOTS_ROS2_bridge/ros2_ws/install/webots_interfaces/share/webots_interfaces/package.zsh'
[1.413s] Level 1:colcon.colcon_core.environment:create_file_with_runtime_dependencies(/home/autretechlab/Documents/GitHub/ATL_WEBOTS_ROS2_bridge/ros2_ws/install/webots_interfaces/share/colcon-core/packages/webots_interfaces)
[1.415s] INFO:colcon.colcon_ros.task.ament_python.build:Building ROS package in '/home/autretechlab/Documents/GitHub/ATL_WEBOTS_ROS2_bridge/ros2_ws/src/webots_ros2_bridge_py_pkg' with build type 'ament_python'
[1.415s] Level 1:colcon.colcon_core.shell:create_environment_hook('webots_ros2_bridge_py_pkg', 'ament_prefix_path')
[1.416s] INFO:colcon.colcon_core.shell:Creating environment hook '/home/autretechlab/Documents/GitHub/ATL_WEBOTS_ROS2_bridge/ros2_ws/install/webots_ros2_bridge_py_pkg/share/webots_ros2_bridge_py_pkg/hook/ament_prefix_path.ps1'
[1.417s] INFO:colcon.colcon_core.shell:Creating environment descriptor '/home/autretechlab/Documents/GitHub/ATL_WEBOTS_ROS2_bridge/ros2_ws/install/webots_ros2_bridge_py_pkg/share/webots_ros2_bridge_py_pkg/hook/ament_prefix_path.dsv'
[1.418s] INFO:colcon.colcon_core.shell:Creating environment hook '/home/autretechlab/Documents/GitHub/ATL_WEBOTS_ROS2_bridge/ros2_ws/install/webots_ros2_bridge_py_pkg/share/webots_ros2_bridge_py_pkg/hook/ament_prefix_path.sh'
[1.419s] INFO:colcon.colcon_core.shell:Skip shell extension 'powershell' for command environment: Not usable outside of PowerShell
[1.419s] DEBUG:colcon.colcon_core.shell:Skip shell extension 'dsv' for command environment
[1.423s] DEBUG:colcon.colcon_core.shell:Ignoring prefix path '/opt/ros/foxy'
[1.811s] INFO:colcon.colcon_core.task.python.build:Building Python package in '/home/autretechlab/Documents/GitHub/ATL_WEBOTS_ROS2_bridge/ros2_ws/src/webots_ros2_bridge_py_pkg'
[1.814s] INFO:colcon.colcon_core.shell:Skip shell extension 'powershell' for command environment: Not usable outside of PowerShell
[1.814s] DEBUG:colcon.colcon_core.shell:Skip shell extension 'dsv' for command environment
[1.819s] DEBUG:colcon.colcon_core.shell:Ignoring prefix path '/opt/ros/foxy'
[1.837s] DEBUG:colcon.colcon_core.event_handler.log_command:Invoking command in '/home/autretechlab/Documents/GitHub/ATL_WEBOTS_ROS2_bridge/ros2_ws/src/webots_ros2_bridge_py_pkg': LD_LIBRARY_PATH=/home/autretechlab/Documents/GitHub/ATL_WEBOTS_ROS2_bridge/ros2_ws/install/webots_interfaces/lib:${LD_LIBRARY_PATH} PYTHONPATH=/home/autretechlab/Documents/GitHub/ATL_WEBOTS_ROS2_bridge/ros2_ws/install/webots_ros2_bridge_py_pkg/lib/python3.8/site-packages:/home/autretechlab/Documents/GitHub/ATL_WEBOTS_ROS2_bridge/ros2_ws/install/webots_interfaces/lib/python3.8/site-packages:${PYTHONPATH} /usr/bin/python3 setup.py egg_info --egg-base ../../build/webots_ros2_bridge_py_pkg build --build-base /home/autretechlab/Documents/GitHub/ATL_WEBOTS_ROS2_bridge/ros2_ws/build/webots_ros2_bridge_py_pkg/build install --prefix /home/autretechlab/Documents/GitHub/ATL_WEBOTS_ROS2_bridge/ros2_ws/install/webots_ros2_bridge_py_pkg --record /home/autretechlab/Documents/GitHub/ATL_WEBOTS_ROS2_bridge/ros2_ws/build/webots_ros2_bridge_py_pkg/install.log --single-version-externally-managed
[2.339s] Level 1:colcon.colcon_core.environment:checking '/home/autretechlab/Documents/GitHub/ATL_WEBOTS_ROS2_bridge/ros2_ws/install/webots_ros2_bridge_py_pkg' for CMake module files
[2.340s] DEBUG:colcon.colcon_core.event_handler.log_command:Invoked command in '/home/autretechlab/Documents/GitHub/ATL_WEBOTS_ROS2_bridge/ros2_ws/src/webots_ros2_bridge_py_pkg' returned '0': LD_LIBRARY_PATH=/home/autretechlab/Documents/GitHub/ATL_WEBOTS_ROS2_bridge/ros2_ws/install/webots_interfaces/lib:${LD_LIBRARY_PATH} PYTHONPATH=/home/autretechlab/Documents/GitHub/ATL_WEBOTS_ROS2_bridge/ros2_ws/install/webots_ros2_bridge_py_pkg/lib/python3.8/site-packages:/home/autretechlab/Documents/GitHub/ATL_WEBOTS_ROS2_bridge/ros2_ws/install/webots_interfaces/lib/python3.8/site-packages:${PYTHONPATH} /usr/bin/python3 setup.py egg_info --egg-base ../../build/webots_ros2_bridge_py_pkg build --build-base /home/autretechlab/Documents/GitHub/ATL_WEBOTS_ROS2_bridge/ros2_ws/build/webots_ros2_bridge_py_pkg/build install --prefix /home/autretechlab/Documents/GitHub/ATL_WEBOTS_ROS2_bridge/ros2_ws/install/webots_ros2_bridge_py_pkg --record /home/autretechlab/Documents/GitHub/ATL_WEBOTS_ROS2_bridge/ros2_ws/build/webots_ros2_bridge_py_pkg/install.log --single-version-externally-managed
[2.341s] Level 1:colcon.colcon_core.environment:checking '/home/autretechlab/Documents/GitHub/ATL_WEBOTS_ROS2_bridge/ros2_ws/install/webots_ros2_bridge_py_pkg' for CMake config files
[2.341s] Level 1:colcon.colcon_core.environment:checking '/home/autretechlab/Documents/GitHub/ATL_WEBOTS_ROS2_bridge/ros2_ws/install/webots_ros2_bridge_py_pkg/lib'
[2.342s] Level 1:colcon.colcon_core.environment:checking '/home/autretechlab/Documents/GitHub/ATL_WEBOTS_ROS2_bridge/ros2_ws/install/webots_ros2_bridge_py_pkg/bin'
[2.342s] Level 1:colcon.colcon_core.environment:checking '/home/autretechlab/Documents/GitHub/ATL_WEBOTS_ROS2_bridge/ros2_ws/install/webots_ros2_bridge_py_pkg/lib/pkgconfig/webots_ros2_bridge_py_pkg.pc'
[2.342s] Level 1:colcon.colcon_core.environment:checking '/home/autretechlab/Documents/GitHub/ATL_WEBOTS_ROS2_bridge/ros2_ws/install/webots_ros2_bridge_py_pkg/lib/python3.8/site-packages'
[2.342s] Level 1:colcon.colcon_core.shell:create_environment_hook('webots_ros2_bridge_py_pkg', 'pythonpath')
[2.343s] INFO:colcon.colcon_core.shell:Creating environment hook '/home/autretechlab/Documents/GitHub/ATL_WEBOTS_ROS2_bridge/ros2_ws/install/webots_ros2_bridge_py_pkg/share/webots_ros2_bridge_py_pkg/hook/pythonpath.ps1'
[2.343s] INFO:colcon.colcon_core.shell:Creating environment descriptor '/home/autretechlab/Documents/GitHub/ATL_WEBOTS_ROS2_bridge/ros2_ws/install/webots_ros2_bridge_py_pkg/share/webots_ros2_bridge_py_pkg/hook/pythonpath.dsv'
[2.344s] INFO:colcon.colcon_core.shell:Creating environment hook '/home/autretechlab/Documents/GitHub/ATL_WEBOTS_ROS2_bridge/ros2_ws/install/webots_ros2_bridge_py_pkg/share/webots_ros2_bridge_py_pkg/hook/pythonpath.sh'
[2.344s] Level 1:colcon.colcon_core.environment:create_environment_scripts_only(webots_ros2_bridge_py_pkg)
[2.345s] INFO:colcon.colcon_core.shell:Creating package script '/home/autretechlab/Documents/GitHub/ATL_WEBOTS_ROS2_bridge/ros2_ws/install/webots_ros2_bridge_py_pkg/share/webots_ros2_bridge_py_pkg/package.ps1'
[2.346s] INFO:colcon.colcon_core.shell:Creating package descriptor '/home/autretechlab/Documents/GitHub/ATL_WEBOTS_ROS2_bridge/ros2_ws/install/webots_ros2_bridge_py_pkg/share/webots_ros2_bridge_py_pkg/package.dsv'
[2.346s] INFO:colcon.colcon_core.shell:Creating package script '/home/autretechlab/Documents/GitHub/ATL_WEBOTS_ROS2_bridge/ros2_ws/install/webots_ros2_bridge_py_pkg/share/webots_ros2_bridge_py_pkg/package.sh'
[2.347s] INFO:colcon.colcon_core.shell:Creating package script '/home/autretechlab/Documents/GitHub/ATL_WEBOTS_ROS2_bridge/ros2_ws/install/webots_ros2_bridge_py_pkg/share/webots_ros2_bridge_py_pkg/package.bash'
[2.347s] INFO:colcon.colcon_core.shell:Creating package script '/home/autretechlab/Documents/GitHub/ATL_WEBOTS_ROS2_bridge/ros2_ws/install/webots_ros2_bridge_py_pkg/share/webots_ros2_bridge_py_pkg/package.zsh'
[2.348s] Level 1:colcon.colcon_core.environment:create_file_with_runtime_dependencies(/home/autretechlab/Documents/GitHub/ATL_WEBOTS_ROS2_bridge/ros2_ws/install/webots_ros2_bridge_py_pkg/share/colcon-core/packages/webots_ros2_bridge_py_pkg)
[2.348s] DEBUG:colcon.colcon_parallel_executor.executor.parallel:closing loop
[2.349s] DEBUG:colcon.colcon_parallel_executor.executor.parallel:loop closed
[2.349s] DEBUG:colcon.colcon_parallel_executor.executor.parallel:run_until_complete finished with '0'
[2.349s] DEBUG:colcon.colcon_core.event_reactor:joining thread
[2.357s] INFO:colcon.colcon_core.plugin_system:Skipping extension 'colcon_notification.desktop_notification.terminal_notifier': Not used on non-Darwin systems
[2.357s] INFO:colcon.colcon_core.plugin_system:Skipping extension 'colcon_notification.desktop_notification.win32': Not used on non-Windows systems
[2.357s] INFO:colcon.colcon_notification.desktop_notification:Sending desktop notification using 'notify2'
[2.392s] DEBUG:colcon.colcon_core.event_reactor:joined thread
[2.395s] INFO:colcon.colcon_core.shell:Creating prefix script '/home/autretechlab/Documents/GitHub/ATL_WEBOTS_ROS2_bridge/ros2_ws/install/local_setup.ps1'
[2.398s] INFO:colcon.colcon_core.shell:Creating prefix util module '/home/autretechlab/Documents/GitHub/ATL_WEBOTS_ROS2_bridge/ros2_ws/install/_local_setup_util_ps1.py'
[2.401s] INFO:colcon.colcon_core.shell:Creating prefix chain script '/home/autretechlab/Documents/GitHub/ATL_WEBOTS_ROS2_bridge/ros2_ws/install/setup.ps1'
[2.410s] INFO:colcon.colcon_core.shell:Creating prefix script '/home/autretechlab/Documents/GitHub/ATL_WEBOTS_ROS2_bridge/ros2_ws/install/local_setup.sh'
[2.411s] INFO:colcon.colcon_core.shell:Creating prefix util module '/home/autretechlab/Documents/GitHub/ATL_WEBOTS_ROS2_bridge/ros2_ws/install/_local_setup_util_sh.py'
[2.412s] INFO:colcon.colcon_core.shell:Creating prefix chain script '/home/autretechlab/Documents/GitHub/ATL_WEBOTS_ROS2_bridge/ros2_ws/install/setup.sh'
[2.416s] INFO:colcon.colcon_core.shell:Creating prefix script '/home/autretechlab/Documents/GitHub/ATL_WEBOTS_ROS2_bridge/ros2_ws/install/local_setup.bash'
[2.418s] INFO:colcon.colcon_core.shell:Creating prefix chain script '/home/autretechlab/Documents/GitHub/ATL_WEBOTS_ROS2_bridge/ros2_ws/install/setup.bash'
[2.424s] INFO:colcon.colcon_core.shell:Creating prefix script '/home/autretechlab/Documents/GitHub/ATL_WEBOTS_ROS2_bridge/ros2_ws/install/local_setup.zsh'
[2.426s] INFO:colcon.colcon_core.shell:Creating prefix chain script '/home/autretechlab/Documents/GitHub/ATL_WEBOTS_ROS2_bridge/ros2_ws/install/setup.zsh'
