[0.043s] Invoking command in '/home/autretechlab/Documents/GitHub/ATL_WEBOTS_ROS2_bridge/ros2_ws/build/webots_interfaces': CMAKE_PREFIX_PATH=${CMAKE_PREFIX_PATH}:/home/autretechlab/Documents/GitHub/ATL_WEBOTS_ROS2_bridge/ros2_ws/install/webots_ros2_bridge_py_pkg:/home/autretechlab/Documents/GitHub/ATL_Robotics_IDE/ros2_ws/install/atl_blockly_ide_py_pkg:/home/autretechlab/Documents/GitHub/ATL_ThymioII_ROS2_bridge/install/thymio2_ros2_tutorials_py_pkg:/home/autretechlab/Documents/GitHub/ATL_ThymioII_ROS2_bridge/install/thymio2_ros2_bridge_py_pkg:/home/autretechlab/Documents/GitHub/ATL_ThymioII_ROS2_bridge/install/thymio2_ROS2_bridge_py_pkg:/opt/ros/foxy /usr/bin/cmake /home/autretechlab/Documents/GitHub/ATL_WEBOTS_ROS2_bridge/ros2_ws/src/webots_interfaces -DCMAKE_INSTALL_PREFIX=/home/autretechlab/Documents/GitHub/ATL_WEBOTS_ROS2_bridge/ros2_ws/install/webots_interfaces
[0.385s] -- The C compiler identification is GNU 9.3.0
[0.618s] -- The CXX compiler identification is GNU 9.3.0
[0.633s] -- Check for working C compiler: /usr/bin/cc
[0.779s] -- Check for working C compiler: /usr/bin/cc -- works
[0.782s] -- Detecting C compiler ABI info
[0.898s] -- Detecting C compiler ABI info - done
[0.921s] -- Detecting C compile features
[0.922s] -- Detecting C compile features - done
[0.928s] -- Check for working CXX compiler: /usr/bin/c++
[1.059s] -- Check for working CXX compiler: /usr/bin/c++ -- works
[1.060s] -- Detecting CXX compiler ABI info
[1.192s] -- Detecting CXX compiler ABI info - done
[1.215s] -- Detecting CXX compile features
[1.215s] -- Detecting CXX compile features - done
[1.233s] -- Found ament_cmake: 0.9.6 (/opt/ros/foxy/share/ament_cmake/cmake)
[1.294s] -- Found PythonInterp: /usr/bin/python3 (found suitable version "3.8.5", minimum required is "3") 
[1.294s] -- Using PYTHON_EXECUTABLE: /usr/bin/python3
[1.687s] -- Found rosidl_default_generators: 1.0.0 (/opt/ros/foxy/share/rosidl_default_generators/cmake)
[1.700s] -- Using all available rosidl_typesupport_c: rosidl_typesupport_fastrtps_c;rosidl_typesupport_introspection_c
[1.722s] -- Found rosidl_adapter: 1.1.0 (/opt/ros/foxy/share/rosidl_adapter/cmake)
[1.947s] -- Found OpenSSL: /usr/lib/x86_64-linux-gnu/libcrypto.so (found version "1.1.1f")  
[1.993s] -- Found FastRTPS: /opt/ros/foxy/include  
[2.159s] -- Using all available rosidl_typesupport_cpp: rosidl_typesupport_fastrtps_cpp;rosidl_typesupport_introspection_cpp
[2.261s] -- Found PythonInterp: /usr/bin/python3 (found version "3.8.5") 
[2.607s] -- Found ament_cmake_ros: 0.9.0 (/opt/ros/foxy/share/ament_cmake_ros/cmake)
[2.788s] -- Using all available rosidl_typesupport_c: rosidl_typesupport_fastrtps_c;rosidl_typesupport_introspection_c
[2.809s] -- Using all available rosidl_typesupport_cpp: rosidl_typesupport_fastrtps_cpp;rosidl_typesupport_introspection_cpp
[2.852s] -- Found PythonInterp: /usr/bin/python3 (found suitable version "3.8.5", minimum required is "3.5") 
[2.856s] -- Found python_cmake_module: 0.8.0 (/opt/ros/foxy/share/python_cmake_module/cmake)
[2.910s] -- Found PythonLibs: /usr/lib/x86_64-linux-gnu/libpython3.8.so (found suitable version "3.8.5", minimum required is "3.5") 
[2.911s] -- Using PYTHON_EXECUTABLE: /usr/bin/python3
[2.911s] -- Using PYTHON_INCLUDE_DIRS: /usr/include/python3.8
[2.911s] -- Using PYTHON_LIBRARIES: /usr/lib/x86_64-linux-gnu/libpython3.8.so
[2.951s] -- Found PythonExtra: .so  
[3.053s] -- Configuring done
[3.121s] -- Generating done
[3.126s] -- Build files have been written to: /home/autretechlab/Documents/GitHub/ATL_WEBOTS_ROS2_bridge/ros2_ws/build/webots_interfaces
[3.142s] Invoked command in '/home/autretechlab/Documents/GitHub/ATL_WEBOTS_ROS2_bridge/ros2_ws/build/webots_interfaces' returned '0': CMAKE_PREFIX_PATH=${CMAKE_PREFIX_PATH}:/home/autretechlab/Documents/GitHub/ATL_WEBOTS_ROS2_bridge/ros2_ws/install/webots_ros2_bridge_py_pkg:/home/autretechlab/Documents/GitHub/ATL_Robotics_IDE/ros2_ws/install/atl_blockly_ide_py_pkg:/home/autretechlab/Documents/GitHub/ATL_ThymioII_ROS2_bridge/install/thymio2_ros2_tutorials_py_pkg:/home/autretechlab/Documents/GitHub/ATL_ThymioII_ROS2_bridge/install/thymio2_ros2_bridge_py_pkg:/home/autretechlab/Documents/GitHub/ATL_ThymioII_ROS2_bridge/install/thymio2_ROS2_bridge_py_pkg:/opt/ros/foxy /usr/bin/cmake /home/autretechlab/Documents/GitHub/ATL_WEBOTS_ROS2_bridge/ros2_ws/src/webots_interfaces -DCMAKE_INSTALL_PREFIX=/home/autretechlab/Documents/GitHub/ATL_WEBOTS_ROS2_bridge/ros2_ws/install/webots_interfaces
[3.149s] Invoking command in '/home/autretechlab/Documents/GitHub/ATL_WEBOTS_ROS2_bridge/ros2_ws/build/webots_interfaces': CMAKE_PREFIX_PATH=${CMAKE_PREFIX_PATH}:/home/autretechlab/Documents/GitHub/ATL_WEBOTS_ROS2_bridge/ros2_ws/install/webots_ros2_bridge_py_pkg:/home/autretechlab/Documents/GitHub/ATL_Robotics_IDE/ros2_ws/install/atl_blockly_ide_py_pkg:/home/autretechlab/Documents/GitHub/ATL_ThymioII_ROS2_bridge/install/thymio2_ros2_tutorials_py_pkg:/home/autretechlab/Documents/GitHub/ATL_ThymioII_ROS2_bridge/install/thymio2_ros2_bridge_py_pkg:/home/autretechlab/Documents/GitHub/ATL_ThymioII_ROS2_bridge/install/thymio2_ROS2_bridge_py_pkg:/opt/ros/foxy /usr/bin/cmake --build /home/autretechlab/Documents/GitHub/ATL_WEBOTS_ROS2_bridge/ros2_ws/build/webots_interfaces -- -j4 -l4
[3.230s] [  1%] [34m[1mGenerating C code for ROS interfaces[0m
[3.231s] [35m[1mScanning dependencies of target webots_interfaces__cpp[0m
[3.256s] [  3%] [34m[1mGenerating C++ code for ROS interfaces[0m
[4.612s] [35m[1mScanning dependencies of target webots_interfaces__rosidl_generator_c[0m
[4.653s] [  5%] [32mBuilding C object CMakeFiles/webots_interfaces__rosidl_generator_c.dir/rosidl_generator_c/webots_interfaces/srv/detail/webots_thymio2_motor_srv__functions.c.o[0m
[4.653s] [  7%] [32mBuilding C object CMakeFiles/webots_interfaces__rosidl_generator_c.dir/rosidl_generator_c/webots_interfaces/srv/detail/webots_thymio2_controller_srv__functions.c.o[0m
[4.654s] [  9%] [32mBuilding C object CMakeFiles/webots_interfaces__rosidl_generator_c.dir/rosidl_generator_c/webots_interfaces/msg/detail/webots_thymio2_controller__functions.c.o[0m
[4.669s] [  9%] Built target webots_interfaces__cpp
[4.685s] [ 10%] [32mBuilding C object CMakeFiles/webots_interfaces__rosidl_generator_c.dir/rosidl_generator_c/webots_interfaces/srv/detail/webots_thymio2_led_srv__functions.c.o[0m
[4.785s] [ 12%] [34m[1mGenerating C++ type support dispatch for ROS interfaces[0m
[4.801s] [ 14%] [34m[1mGenerating C++ type support for eProsima Fast-RTPS[0m
[4.805s] [ 16%] [34m[1mGenerating C++ introspection for ROS interfaces[0m
[4.816s] [ 18%] [32m[1mLinking C shared library libwebots_interfaces__rosidl_generator_c.so[0m
[4.906s] [ 18%] Built target webots_interfaces__rosidl_generator_c
[4.933s] [ 20%] [34m[1mGenerating C introspection for ROS interfaces[0m
[6.138s] [35m[1mScanning dependencies of target webots_interfaces__rosidl_typesupport_cpp[0m
[6.219s] [ 21%] [32mBuilding CXX object CMakeFiles/webots_interfaces__rosidl_typesupport_cpp.dir/rosidl_typesupport_cpp/webots_interfaces/msg/webots_thymio2_controller__type_support.cpp.o[0m
[6.438s] [35m[1mScanning dependencies of target webots_interfaces__rosidl_typesupport_introspection_cpp[0m
[6.476s] [ 23%] [32mBuilding CXX object CMakeFiles/webots_interfaces__rosidl_typesupport_introspection_cpp.dir/rosidl_typesupport_introspection_cpp/webots_interfaces/msg/detail/webots_thymio2_controller__type_support.cpp.o[0m
[6.746s] [35m[1mScanning dependencies of target webots_interfaces__rosidl_typesupport_fastrtps_cpp[0m
[6.748s] [35m[1mScanning dependencies of target webots_interfaces__rosidl_typesupport_introspection_c[0m
[6.789s] [ 25%] [32mBuilding C object CMakeFiles/webots_interfaces__rosidl_typesupport_introspection_c.dir/rosidl_typesupport_introspection_c/webots_interfaces/msg/detail/webots_thymio2_controller__type_support.c.o[0m
[6.860s] [ 27%] [32mBuilding CXX object CMakeFiles/webots_interfaces__rosidl_typesupport_fastrtps_cpp.dir/rosidl_typesupport_fastrtps_cpp/webots_interfaces/msg/detail/dds_fastrtps/webots_thymio2_controller__type_support.cpp.o[0m
[6.907s] [ 29%] [32mBuilding C object CMakeFiles/webots_interfaces__rosidl_typesupport_introspection_c.dir/rosidl_typesupport_introspection_c/webots_interfaces/srv/detail/webots_thymio2_controller_srv__type_support.c.o[0m
[7.105s] [ 30%] [32mBuilding C object CMakeFiles/webots_interfaces__rosidl_typesupport_introspection_c.dir/rosidl_typesupport_introspection_c/webots_interfaces/srv/detail/webots_thymio2_motor_srv__type_support.c.o[0m
[7.237s] [ 32%] [32mBuilding CXX object CMakeFiles/webots_interfaces__rosidl_typesupport_cpp.dir/rosidl_typesupport_cpp/webots_interfaces/srv/webots_thymio2_controller_srv__type_support.cpp.o[0m
[7.257s] [ 34%] [32mBuilding C object CMakeFiles/webots_interfaces__rosidl_typesupport_introspection_c.dir/rosidl_typesupport_introspection_c/webots_interfaces/srv/detail/webots_thymio2_led_srv__type_support.c.o[0m
[7.416s] [ 36%] [32m[1mLinking C shared library libwebots_interfaces__rosidl_typesupport_introspection_c.so[0m
[7.545s] [ 36%] Built target webots_interfaces__rosidl_typesupport_introspection_c
[7.569s] [ 38%] [32mBuilding CXX object CMakeFiles/webots_interfaces__rosidl_typesupport_introspection_cpp.dir/rosidl_typesupport_introspection_cpp/webots_interfaces/srv/detail/webots_thymio2_controller_srv__type_support.cpp.o[0m
[7.990s] [ 40%] [32mBuilding CXX object CMakeFiles/webots_interfaces__rosidl_typesupport_introspection_cpp.dir/rosidl_typesupport_introspection_cpp/webots_interfaces/srv/detail/webots_thymio2_motor_srv__type_support.cpp.o[0m
[8.112s] [ 41%] [32mBuilding CXX object CMakeFiles/webots_interfaces__rosidl_typesupport_cpp.dir/rosidl_typesupport_cpp/webots_interfaces/srv/webots_thymio2_motor_srv__type_support.cpp.o[0m
[8.564s] [ 43%] [32mBuilding CXX object CMakeFiles/webots_interfaces__rosidl_typesupport_introspection_cpp.dir/rosidl_typesupport_introspection_cpp/webots_interfaces/srv/detail/webots_thymio2_led_srv__type_support.cpp.o[0m
[8.848s] [ 45%] [32mBuilding CXX object CMakeFiles/webots_interfaces__rosidl_typesupport_fastrtps_cpp.dir/rosidl_typesupport_fastrtps_cpp/webots_interfaces/srv/detail/dds_fastrtps/webots_thymio2_controller_srv__type_support.cpp.o[0m
[8.976s] [ 47%] [32mBuilding CXX object CMakeFiles/webots_interfaces__rosidl_typesupport_cpp.dir/rosidl_typesupport_cpp/webots_interfaces/srv/webots_thymio2_led_srv__type_support.cpp.o[0m
[9.036s] [ 49%] [32mBuilding CXX object CMakeFiles/webots_interfaces__rosidl_typesupport_fastrtps_cpp.dir/rosidl_typesupport_fastrtps_cpp/webots_interfaces/srv/detail/dds_fastrtps/webots_thymio2_motor_srv__type_support.cpp.o[0m
[9.588s] [ 50%] [32m[1mLinking CXX shared library libwebots_interfaces__rosidl_typesupport_introspection_cpp.so[0m
[9.827s] [ 50%] Built target webots_interfaces__rosidl_typesupport_introspection_cpp
[9.880s] [ 52%] [32mBuilding CXX object CMakeFiles/webots_interfaces__rosidl_typesupport_fastrtps_cpp.dir/rosidl_typesupport_fastrtps_cpp/webots_interfaces/srv/detail/dds_fastrtps/webots_thymio2_led_srv__type_support.cpp.o[0m
[10.003s] [ 54%] [32m[1mLinking CXX shared library libwebots_interfaces__rosidl_typesupport_cpp.so[0m
[10.106s] [ 54%] Built target webots_interfaces__rosidl_typesupport_cpp
[10.169s] [ 56%] [34m[1mGenerating C type support dispatch for ROS interfaces[0m
[11.128s] [ 58%] [32m[1mLinking CXX shared library libwebots_interfaces__rosidl_typesupport_fastrtps_cpp.so[0m
[11.186s] [35m[1mScanning dependencies of target webots_interfaces__rosidl_typesupport_c[0m
[11.216s] [ 60%] [32mBuilding CXX object CMakeFiles/webots_interfaces__rosidl_typesupport_c.dir/rosidl_typesupport_c/webots_interfaces/msg/webots_thymio2_controller__type_support.cpp.o[0m
[11.218s] [ 61%] [32mBuilding CXX object CMakeFiles/webots_interfaces__rosidl_typesupport_c.dir/rosidl_typesupport_c/webots_interfaces/srv/webots_thymio2_controller_srv__type_support.cpp.o[0m
[11.219s] [ 63%] [32mBuilding CXX object CMakeFiles/webots_interfaces__rosidl_typesupport_c.dir/rosidl_typesupport_c/webots_interfaces/srv/webots_thymio2_motor_srv__type_support.cpp.o[0m
[11.300s] [ 65%] [32mBuilding CXX object CMakeFiles/webots_interfaces__rosidl_typesupport_c.dir/rosidl_typesupport_c/webots_interfaces/srv/webots_thymio2_led_srv__type_support.cpp.o[0m
[11.362s] [ 65%] Built target webots_interfaces__rosidl_typesupport_fastrtps_cpp
[11.367s] [ 67%] [32m[1mLinking CXX shared library libwebots_interfaces__rosidl_typesupport_c.so[0m
[11.382s] [ 69%] [34m[1mGenerating C type support for eProsima Fast-RTPS[0m
[11.434s] [ 69%] Built target webots_interfaces__rosidl_typesupport_c
[12.370s] [35m[1mScanning dependencies of target webots_interfaces__rosidl_typesupport_fastrtps_c[0m
[12.412s] [ 70%] [32mBuilding CXX object CMakeFiles/webots_interfaces__rosidl_typesupport_fastrtps_c.dir/rosidl_typesupport_fastrtps_c/webots_interfaces/msg/detail/webots_thymio2_controller__type_support_c.cpp.o[0m
[12.417s] [ 72%] [32mBuilding CXX object CMakeFiles/webots_interfaces__rosidl_typesupport_fastrtps_c.dir/rosidl_typesupport_fastrtps_c/webots_interfaces/srv/detail/webots_thymio2_led_srv__type_support_c.cpp.o[0m
[12.420s] [ 74%] [32mBuilding CXX object CMakeFiles/webots_interfaces__rosidl_typesupport_fastrtps_c.dir/rosidl_typesupport_fastrtps_c/webots_interfaces/srv/detail/webots_thymio2_controller_srv__type_support_c.cpp.o[0m
[12.422s] [ 76%] [32mBuilding CXX object CMakeFiles/webots_interfaces__rosidl_typesupport_fastrtps_c.dir/rosidl_typesupport_fastrtps_c/webots_interfaces/srv/detail/webots_thymio2_motor_srv__type_support_c.cpp.o[0m
[13.745s] [ 78%] [32m[1mLinking CXX shared library libwebots_interfaces__rosidl_typesupport_fastrtps_c.so[0m
[13.909s] [ 78%] Built target webots_interfaces__rosidl_typesupport_fastrtps_c
[13.924s] [35m[1mScanning dependencies of target webots_interfaces[0m
[13.944s] [ 78%] Built target webots_interfaces
[13.960s] [35m[1mScanning dependencies of target webots_interfaces__py[0m
[13.978s] [ 80%] [34m[1mGenerating Python code for ROS interfaces[0m
[16.087s] [ 80%] Built target webots_interfaces__py
[16.109s] [35m[1mScanning dependencies of target webots_interfaces__python[0m
[16.177s] [ 81%] [32mBuilding C object CMakeFiles/webots_interfaces__python.dir/rosidl_generator_py/webots_interfaces/srv/_webots_thymio2_controller_srv_s.c.o[0m
[16.181s] [ 85%] [32mBuilding C object CMakeFiles/webots_interfaces__python.dir/rosidl_generator_py/webots_interfaces/msg/_webots_thymio2_controller_s.c.o[0m
[16.181s] [ 85%] [32mBuilding C object CMakeFiles/webots_interfaces__python.dir/rosidl_generator_py/webots_interfaces/srv/_webots_thymio2_motor_srv_s.c.o[0m
[16.191s] [ 87%] [32mBuilding C object CMakeFiles/webots_interfaces__python.dir/rosidl_generator_py/webots_interfaces/srv/_webots_thymio2_led_srv_s.c.o[0m
[16.666s] [ 89%] [32m[1mLinking C shared library rosidl_generator_py/webots_interfaces/libwebots_interfaces__python.so[0m
[16.740s] [ 89%] Built target webots_interfaces__python
[16.764s] [35m[1mScanning dependencies of target webots_interfaces__rosidl_typesupport_fastrtps_c__pyext[0m
[16.765s] [35m[1mScanning dependencies of target webots_interfaces__rosidl_typesupport_introspection_c__pyext[0m
[16.765s] [35m[1mScanning dependencies of target webots_interfaces__rosidl_typesupport_c__pyext[0m
[16.800s] [ 90%] [32mBuilding C object CMakeFiles/webots_interfaces__rosidl_typesupport_fastrtps_c__pyext.dir/rosidl_generator_py/webots_interfaces/_webots_interfaces_s.ep.rosidl_typesupport_fastrtps_c.c.o[0m
[16.805s] [ 92%] [32mBuilding C object CMakeFiles/webots_interfaces__rosidl_typesupport_introspection_c__pyext.dir/rosidl_generator_py/webots_interfaces/_webots_interfaces_s.ep.rosidl_typesupport_introspection_c.c.o[0m
[16.813s] [ 94%] [32mBuilding C object CMakeFiles/webots_interfaces__rosidl_typesupport_c__pyext.dir/rosidl_generator_py/webots_interfaces/_webots_interfaces_s.ep.rosidl_typesupport_c.c.o[0m
[17.062s] [ 96%] [32m[1mLinking CXX shared library rosidl_generator_py/webots_interfaces/webots_interfaces_s__rosidl_typesupport_fastrtps_c.cpython-38-x86_64-linux-gnu.so[0m
[17.109s] [ 98%] [32m[1mLinking C shared library rosidl_generator_py/webots_interfaces/webots_interfaces_s__rosidl_typesupport_introspection_c.cpython-38-x86_64-linux-gnu.so[0m
[17.132s] [100%] [32m[1mLinking C shared library rosidl_generator_py/webots_interfaces/webots_interfaces_s__rosidl_typesupport_c.cpython-38-x86_64-linux-gnu.so[0m
[17.187s] [100%] Built target webots_interfaces__rosidl_typesupport_introspection_c__pyext
[17.210s] [100%] Built target webots_interfaces__rosidl_typesupport_c__pyext
[17.214s] [100%] Built target webots_interfaces__rosidl_typesupport_fastrtps_c__pyext
[17.235s] Invoked command in '/home/autretechlab/Documents/GitHub/ATL_WEBOTS_ROS2_bridge/ros2_ws/build/webots_interfaces' returned '0': CMAKE_PREFIX_PATH=${CMAKE_PREFIX_PATH}:/home/autretechlab/Documents/GitHub/ATL_WEBOTS_ROS2_bridge/ros2_ws/install/webots_ros2_bridge_py_pkg:/home/autretechlab/Documents/GitHub/ATL_Robotics_IDE/ros2_ws/install/atl_blockly_ide_py_pkg:/home/autretechlab/Documents/GitHub/ATL_ThymioII_ROS2_bridge/install/thymio2_ros2_tutorials_py_pkg:/home/autretechlab/Documents/GitHub/ATL_ThymioII_ROS2_bridge/install/thymio2_ros2_bridge_py_pkg:/home/autretechlab/Documents/GitHub/ATL_ThymioII_ROS2_bridge/install/thymio2_ROS2_bridge_py_pkg:/opt/ros/foxy /usr/bin/cmake --build /home/autretechlab/Documents/GitHub/ATL_WEBOTS_ROS2_bridge/ros2_ws/build/webots_interfaces -- -j4 -l4
[17.395s] Invoking command in '/home/autretechlab/Documents/GitHub/ATL_WEBOTS_ROS2_bridge/ros2_ws/build/webots_interfaces': CMAKE_PREFIX_PATH=${CMAKE_PREFIX_PATH}:/home/autretechlab/Documents/GitHub/ATL_WEBOTS_ROS2_bridge/ros2_ws/install/webots_ros2_bridge_py_pkg:/home/autretechlab/Documents/GitHub/ATL_Robotics_IDE/ros2_ws/install/atl_blockly_ide_py_pkg:/home/autretechlab/Documents/GitHub/ATL_ThymioII_ROS2_bridge/install/thymio2_ros2_tutorials_py_pkg:/home/autretechlab/Documents/GitHub/ATL_ThymioII_ROS2_bridge/install/thymio2_ros2_bridge_py_pkg:/home/autretechlab/Documents/GitHub/ATL_ThymioII_ROS2_bridge/install/thymio2_ROS2_bridge_py_pkg:/opt/ros/foxy /usr/bin/cmake --install /home/autretechlab/Documents/GitHub/ATL_WEBOTS_ROS2_bridge/ros2_ws/build/webots_interfaces
[17.411s] -- Install configuration: ""
[17.412s] -- Installing: /home/autretechlab/Documents/GitHub/ATL_WEBOTS_ROS2_bridge/ros2_ws/install/webots_interfaces/share/ament_index/resource_index/rosidl_interfaces/webots_interfaces
[17.412s] -- Installing: /home/autretechlab/Documents/GitHub/ATL_WEBOTS_ROS2_bridge/ros2_ws/install/webots_interfaces/include/webots_interfaces
[17.412s] -- Installing: /home/autretechlab/Documents/GitHub/ATL_WEBOTS_ROS2_bridge/ros2_ws/install/webots_interfaces/include/webots_interfaces/srv
[17.413s] -- Installing: /home/autretechlab/Documents/GitHub/ATL_WEBOTS_ROS2_bridge/ros2_ws/install/webots_interfaces/include/webots_interfaces/srv/webots_thymio2_controller_srv.h
[17.413s] -- Installing: /home/autretechlab/Documents/GitHub/ATL_WEBOTS_ROS2_bridge/ros2_ws/install/webots_interfaces/include/webots_interfaces/srv/webots_thymio2_led_srv.h
[17.413s] -- Installing: /home/autretechlab/Documents/GitHub/ATL_WEBOTS_ROS2_bridge/ros2_ws/install/webots_interfaces/include/webots_interfaces/srv/webots_thymio2_motor_srv.h
[17.413s] -- Installing: /home/autretechlab/Documents/GitHub/ATL_WEBOTS_ROS2_bridge/ros2_ws/install/webots_interfaces/include/webots_interfaces/srv/detail
[17.414s] -- Installing: /home/autretechlab/Documents/GitHub/ATL_WEBOTS_ROS2_bridge/ros2_ws/install/webots_interfaces/include/webots_interfaces/srv/detail/webots_thymio2_controller_srv__functions.h
[17.414s] -- Installing: /home/autretechlab/Documents/GitHub/ATL_WEBOTS_ROS2_bridge/ros2_ws/install/webots_interfaces/include/webots_interfaces/srv/detail/webots_thymio2_motor_srv__struct.h
[17.414s] -- Installing: /home/autretechlab/Documents/GitHub/ATL_WEBOTS_ROS2_bridge/ros2_ws/install/webots_interfaces/include/webots_interfaces/srv/detail/webots_thymio2_motor_srv__functions.h
[17.414s] -- Installing: /home/autretechlab/Documents/GitHub/ATL_WEBOTS_ROS2_bridge/ros2_ws/install/webots_interfaces/include/webots_interfaces/srv/detail/webots_thymio2_motor_srv__type_support.h
[17.415s] -- Installing: /home/autretechlab/Documents/GitHub/ATL_WEBOTS_ROS2_bridge/ros2_ws/install/webots_interfaces/include/webots_interfaces/srv/detail/webots_thymio2_led_srv__type_support.h
[17.415s] -- Installing: /home/autretechlab/Documents/GitHub/ATL_WEBOTS_ROS2_bridge/ros2_ws/install/webots_interfaces/include/webots_interfaces/srv/detail/webots_thymio2_motor_srv__functions.c
[17.415s] -- Installing: /home/autretechlab/Documents/GitHub/ATL_WEBOTS_ROS2_bridge/ros2_ws/install/webots_interfaces/include/webots_interfaces/srv/detail/webots_thymio2_led_srv__struct.h
[17.415s] -- Installing: /home/autretechlab/Documents/GitHub/ATL_WEBOTS_ROS2_bridge/ros2_ws/install/webots_interfaces/include/webots_interfaces/srv/detail/webots_thymio2_controller_srv__type_support.h
[17.415s] -- Installing: /home/autretechlab/Documents/GitHub/ATL_WEBOTS_ROS2_bridge/ros2_ws/install/webots_interfaces/include/webots_interfaces/srv/detail/webots_thymio2_controller_srv__functions.c
[17.416s] -- Installing: /home/autretechlab/Documents/GitHub/ATL_WEBOTS_ROS2_bridge/ros2_ws/install/webots_interfaces/include/webots_interfaces/srv/detail/webots_thymio2_led_srv__functions.c
[17.416s] -- Installing: /home/autretechlab/Documents/GitHub/ATL_WEBOTS_ROS2_bridge/ros2_ws/install/webots_interfaces/include/webots_interfaces/srv/detail/webots_thymio2_controller_srv__struct.h
[17.416s] -- Installing: /home/autretechlab/Documents/GitHub/ATL_WEBOTS_ROS2_bridge/ros2_ws/install/webots_interfaces/include/webots_interfaces/srv/detail/webots_thymio2_led_srv__functions.h
[17.416s] -- Installing: /home/autretechlab/Documents/GitHub/ATL_WEBOTS_ROS2_bridge/ros2_ws/install/webots_interfaces/include/webots_interfaces/msg
[17.417s] -- Installing: /home/autretechlab/Documents/GitHub/ATL_WEBOTS_ROS2_bridge/ros2_ws/install/webots_interfaces/include/webots_interfaces/msg/rosidl_generator_c__visibility_control.h
[17.417s] -- Installing: /home/autretechlab/Documents/GitHub/ATL_WEBOTS_ROS2_bridge/ros2_ws/install/webots_interfaces/include/webots_interfaces/msg/webots_thymio2_controller.h
[17.418s] -- Installing: /home/autretechlab/Documents/GitHub/ATL_WEBOTS_ROS2_bridge/ros2_ws/install/webots_interfaces/include/webots_interfaces/msg/detail
[17.418s] -- Installing: /home/autretechlab/Documents/GitHub/ATL_WEBOTS_ROS2_bridge/ros2_ws/install/webots_interfaces/include/webots_interfaces/msg/detail/webots_thymio2_controller__functions.h
[17.418s] -- Installing: /home/autretechlab/Documents/GitHub/ATL_WEBOTS_ROS2_bridge/ros2_ws/install/webots_interfaces/include/webots_interfaces/msg/detail/webots_thymio2_controller__struct.h
[17.419s] -- Installing: /home/autretechlab/Documents/GitHub/ATL_WEBOTS_ROS2_bridge/ros2_ws/install/webots_interfaces/include/webots_interfaces/msg/detail/webots_thymio2_controller__functions.c
[17.419s] -- Installing: /home/autretechlab/Documents/GitHub/ATL_WEBOTS_ROS2_bridge/ros2_ws/install/webots_interfaces/include/webots_interfaces/msg/detail/webots_thymio2_controller__type_support.h
[17.419s] -- Installing: /home/autretechlab/Documents/GitHub/ATL_WEBOTS_ROS2_bridge/ros2_ws/install/webots_interfaces/share/webots_interfaces/environment/library_path.sh
[17.420s] -- Installing: /home/autretechlab/Documents/GitHub/ATL_WEBOTS_ROS2_bridge/ros2_ws/install/webots_interfaces/share/webots_interfaces/environment/library_path.dsv
[17.420s] -- Installing: /home/autretechlab/Documents/GitHub/ATL_WEBOTS_ROS2_bridge/ros2_ws/install/webots_interfaces/lib/libwebots_interfaces__rosidl_generator_c.so
[17.421s] -- Set runtime path of "/home/autretechlab/Documents/GitHub/ATL_WEBOTS_ROS2_bridge/ros2_ws/install/webots_interfaces/lib/libwebots_interfaces__rosidl_generator_c.so" to ""
[17.421s] -- Up-to-date: /home/autretechlab/Documents/GitHub/ATL_WEBOTS_ROS2_bridge/ros2_ws/install/webots_interfaces/include/webots_interfaces
[17.423s] -- Up-to-date: /home/autretechlab/Documents/GitHub/ATL_WEBOTS_ROS2_bridge/ros2_ws/install/webots_interfaces/include/webots_interfaces/srv
[17.423s] -- Up-to-date: /home/autretechlab/Documents/GitHub/ATL_WEBOTS_ROS2_bridge/ros2_ws/install/webots_interfaces/include/webots_interfaces/srv/detail
[17.424s] -- Installing: /home/autretechlab/Documents/GitHub/ATL_WEBOTS_ROS2_bridge/ros2_ws/install/webots_interfaces/include/webots_interfaces/srv/detail/webots_thymio2_led_srv__rosidl_typesupport_fastrtps_c.h
[17.424s] -- Installing: /home/autretechlab/Documents/GitHub/ATL_WEBOTS_ROS2_bridge/ros2_ws/install/webots_interfaces/include/webots_interfaces/srv/detail/webots_thymio2_controller_srv__rosidl_typesupport_fastrtps_c.h
[17.424s] -- Installing: /home/autretechlab/Documents/GitHub/ATL_WEBOTS_ROS2_bridge/ros2_ws/install/webots_interfaces/include/webots_interfaces/srv/detail/webots_thymio2_motor_srv__rosidl_typesupport_fastrtps_c.h
[17.425s] -- Up-to-date: /home/autretechlab/Documents/GitHub/ATL_WEBOTS_ROS2_bridge/ros2_ws/install/webots_interfaces/include/webots_interfaces/msg
[17.425s] -- Installing: /home/autretechlab/Documents/GitHub/ATL_WEBOTS_ROS2_bridge/ros2_ws/install/webots_interfaces/include/webots_interfaces/msg/rosidl_typesupport_fastrtps_c__visibility_control.h
[17.425s] -- Up-to-date: /home/autretechlab/Documents/GitHub/ATL_WEBOTS_ROS2_bridge/ros2_ws/install/webots_interfaces/include/webots_interfaces/msg/detail
[17.426s] -- Installing: /home/autretechlab/Documents/GitHub/ATL_WEBOTS_ROS2_bridge/ros2_ws/install/webots_interfaces/include/webots_interfaces/msg/detail/webots_thymio2_controller__rosidl_typesupport_fastrtps_c.h
[17.430s] -- Installing: /home/autretechlab/Documents/GitHub/ATL_WEBOTS_ROS2_bridge/ros2_ws/install/webots_interfaces/lib/libwebots_interfaces__rosidl_typesupport_fastrtps_c.so
[17.431s] -- Set runtime path of "/home/autretechlab/Documents/GitHub/ATL_WEBOTS_ROS2_bridge/ros2_ws/install/webots_interfaces/lib/libwebots_interfaces__rosidl_typesupport_fastrtps_c.so" to ""
[17.431s] -- Up-to-date: /home/autretechlab/Documents/GitHub/ATL_WEBOTS_ROS2_bridge/ros2_ws/install/webots_interfaces/include/webots_interfaces
[17.431s] -- Up-to-date: /home/autretechlab/Documents/GitHub/ATL_WEBOTS_ROS2_bridge/ros2_ws/install/webots_interfaces/include/webots_interfaces/srv
[17.431s] -- Up-to-date: /home/autretechlab/Documents/GitHub/ATL_WEBOTS_ROS2_bridge/ros2_ws/install/webots_interfaces/include/webots_interfaces/srv/detail
[17.432s] -- Installing: /home/autretechlab/Documents/GitHub/ATL_WEBOTS_ROS2_bridge/ros2_ws/install/webots_interfaces/include/webots_interfaces/srv/detail/dds_fastrtps
[17.432s] -- Installing: /home/autretechlab/Documents/GitHub/ATL_WEBOTS_ROS2_bridge/ros2_ws/install/webots_interfaces/include/webots_interfaces/srv/detail/webots_thymio2_controller_srv__rosidl_typesupport_fastrtps_cpp.hpp
[17.432s] -- Installing: /home/autretechlab/Documents/GitHub/ATL_WEBOTS_ROS2_bridge/ros2_ws/install/webots_interfaces/include/webots_interfaces/srv/detail/webots_thymio2_motor_srv__rosidl_typesupport_fastrtps_cpp.hpp
[17.432s] -- Installing: /home/autretechlab/Documents/GitHub/ATL_WEBOTS_ROS2_bridge/ros2_ws/install/webots_interfaces/include/webots_interfaces/srv/detail/webots_thymio2_led_srv__rosidl_typesupport_fastrtps_cpp.hpp
[17.432s] -- Up-to-date: /home/autretechlab/Documents/GitHub/ATL_WEBOTS_ROS2_bridge/ros2_ws/install/webots_interfaces/include/webots_interfaces/msg
[17.433s] -- Installing: /home/autretechlab/Documents/GitHub/ATL_WEBOTS_ROS2_bridge/ros2_ws/install/webots_interfaces/include/webots_interfaces/msg/rosidl_typesupport_fastrtps_cpp__visibility_control.h
[17.433s] -- Up-to-date: /home/autretechlab/Documents/GitHub/ATL_WEBOTS_ROS2_bridge/ros2_ws/install/webots_interfaces/include/webots_interfaces/msg/detail
[17.433s] -- Installing: /home/autretechlab/Documents/GitHub/ATL_WEBOTS_ROS2_bridge/ros2_ws/install/webots_interfaces/include/webots_interfaces/msg/detail/webots_thymio2_controller__rosidl_typesupport_fastrtps_cpp.hpp
[17.433s] -- Installing: /home/autretechlab/Documents/GitHub/ATL_WEBOTS_ROS2_bridge/ros2_ws/install/webots_interfaces/include/webots_interfaces/msg/detail/dds_fastrtps
[17.434s] -- Installing: /home/autretechlab/Documents/GitHub/ATL_WEBOTS_ROS2_bridge/ros2_ws/install/webots_interfaces/lib/libwebots_interfaces__rosidl_typesupport_fastrtps_cpp.so
[17.434s] -- Set runtime path of "/home/autretechlab/Documents/GitHub/ATL_WEBOTS_ROS2_bridge/ros2_ws/install/webots_interfaces/lib/libwebots_interfaces__rosidl_typesupport_fastrtps_cpp.so" to ""
[17.434s] -- Up-to-date: /home/autretechlab/Documents/GitHub/ATL_WEBOTS_ROS2_bridge/ros2_ws/install/webots_interfaces/include/webots_interfaces
[17.434s] -- Up-to-date: /home/autretechlab/Documents/GitHub/ATL_WEBOTS_ROS2_bridge/ros2_ws/install/webots_interfaces/include/webots_interfaces/srv
[17.434s] -- Up-to-date: /home/autretechlab/Documents/GitHub/ATL_WEBOTS_ROS2_bridge/ros2_ws/install/webots_interfaces/include/webots_interfaces/srv/detail
[17.435s] -- Installing: /home/autretechlab/Documents/GitHub/ATL_WEBOTS_ROS2_bridge/ros2_ws/install/webots_interfaces/include/webots_interfaces/srv/detail/webots_thymio2_led_srv__rosidl_typesupport_introspection_c.h
[17.435s] -- Installing: /home/autretechlab/Documents/GitHub/ATL_WEBOTS_ROS2_bridge/ros2_ws/install/webots_interfaces/include/webots_interfaces/srv/detail/webots_thymio2_led_srv__type_support.c
[17.435s] -- Installing: /home/autretechlab/Documents/GitHub/ATL_WEBOTS_ROS2_bridge/ros2_ws/install/webots_interfaces/include/webots_interfaces/srv/detail/webots_thymio2_controller_srv__type_support.c
[17.435s] -- Installing: /home/autretechlab/Documents/GitHub/ATL_WEBOTS_ROS2_bridge/ros2_ws/install/webots_interfaces/include/webots_interfaces/srv/detail/webots_thymio2_motor_srv__rosidl_typesupport_introspection_c.h
[17.435s] -- Installing: /home/autretechlab/Documents/GitHub/ATL_WEBOTS_ROS2_bridge/ros2_ws/install/webots_interfaces/include/webots_interfaces/srv/detail/webots_thymio2_motor_srv__type_support.c
[17.436s] -- Installing: /home/autretechlab/Documents/GitHub/ATL_WEBOTS_ROS2_bridge/ros2_ws/install/webots_interfaces/include/webots_interfaces/srv/detail/webots_thymio2_controller_srv__rosidl_typesupport_introspection_c.h
[17.436s] -- Up-to-date: /home/autretechlab/Documents/GitHub/ATL_WEBOTS_ROS2_bridge/ros2_ws/install/webots_interfaces/include/webots_interfaces/msg
[17.436s] -- Installing: /home/autretechlab/Documents/GitHub/ATL_WEBOTS_ROS2_bridge/ros2_ws/install/webots_interfaces/include/webots_interfaces/msg/rosidl_typesupport_introspection_c__visibility_control.h
[17.436s] -- Up-to-date: /home/autretechlab/Documents/GitHub/ATL_WEBOTS_ROS2_bridge/ros2_ws/install/webots_interfaces/include/webots_interfaces/msg/detail
[17.436s] -- Installing: /home/autretechlab/Documents/GitHub/ATL_WEBOTS_ROS2_bridge/ros2_ws/install/webots_interfaces/include/webots_interfaces/msg/detail/webots_thymio2_controller__rosidl_typesupport_introspection_c.h
[17.437s] -- Installing: /home/autretechlab/Documents/GitHub/ATL_WEBOTS_ROS2_bridge/ros2_ws/install/webots_interfaces/include/webots_interfaces/msg/detail/webots_thymio2_controller__type_support.c
[17.437s] -- Installing: /home/autretechlab/Documents/GitHub/ATL_WEBOTS_ROS2_bridge/ros2_ws/install/webots_interfaces/lib/libwebots_interfaces__rosidl_typesupport_introspection_c.so
[17.437s] -- Set runtime path of "/home/autretechlab/Documents/GitHub/ATL_WEBOTS_ROS2_bridge/ros2_ws/install/webots_interfaces/lib/libwebots_interfaces__rosidl_typesupport_introspection_c.so" to ""
[17.437s] -- Installing: /home/autretechlab/Documents/GitHub/ATL_WEBOTS_ROS2_bridge/ros2_ws/install/webots_interfaces/lib/libwebots_interfaces__rosidl_typesupport_c.so
[17.437s] -- Set runtime path of "/home/autretechlab/Documents/GitHub/ATL_WEBOTS_ROS2_bridge/ros2_ws/install/webots_interfaces/lib/libwebots_interfaces__rosidl_typesupport_c.so" to ""
[17.437s] -- Up-to-date: /home/autretechlab/Documents/GitHub/ATL_WEBOTS_ROS2_bridge/ros2_ws/install/webots_interfaces/include/webots_interfaces
[17.438s] -- Up-to-date: /home/autretechlab/Documents/GitHub/ATL_WEBOTS_ROS2_bridge/ros2_ws/install/webots_interfaces/include/webots_interfaces/srv
[17.438s] -- Installing: /home/autretechlab/Documents/GitHub/ATL_WEBOTS_ROS2_bridge/ros2_ws/install/webots_interfaces/include/webots_interfaces/srv/webots_thymio2_led_srv.hpp
[17.438s] -- Installing: /home/autretechlab/Documents/GitHub/ATL_WEBOTS_ROS2_bridge/ros2_ws/install/webots_interfaces/include/webots_interfaces/srv/webots_thymio2_motor_srv.hpp
[17.438s] -- Installing: /home/autretechlab/Documents/GitHub/ATL_WEBOTS_ROS2_bridge/ros2_ws/install/webots_interfaces/include/webots_interfaces/srv/webots_thymio2_controller_srv.hpp
[17.438s] -- Up-to-date: /home/autretechlab/Documents/GitHub/ATL_WEBOTS_ROS2_bridge/ros2_ws/install/webots_interfaces/include/webots_interfaces/srv/detail
[17.438s] -- Installing: /home/autretechlab/Documents/GitHub/ATL_WEBOTS_ROS2_bridge/ros2_ws/install/webots_interfaces/include/webots_interfaces/srv/detail/webots_thymio2_motor_srv__traits.hpp
[17.439s] -- Installing: /home/autretechlab/Documents/GitHub/ATL_WEBOTS_ROS2_bridge/ros2_ws/install/webots_interfaces/include/webots_interfaces/srv/detail/webots_thymio2_controller_srv__struct.hpp
[17.439s] -- Installing: /home/autretechlab/Documents/GitHub/ATL_WEBOTS_ROS2_bridge/ros2_ws/install/webots_interfaces/include/webots_interfaces/srv/detail/webots_thymio2_led_srv__struct.hpp
[17.439s] -- Installing: /home/autretechlab/Documents/GitHub/ATL_WEBOTS_ROS2_bridge/ros2_ws/install/webots_interfaces/include/webots_interfaces/srv/detail/webots_thymio2_controller_srv__traits.hpp
[17.439s] -- Installing: /home/autretechlab/Documents/GitHub/ATL_WEBOTS_ROS2_bridge/ros2_ws/install/webots_interfaces/include/webots_interfaces/srv/detail/webots_thymio2_led_srv__traits.hpp
[17.439s] -- Installing: /home/autretechlab/Documents/GitHub/ATL_WEBOTS_ROS2_bridge/ros2_ws/install/webots_interfaces/include/webots_interfaces/srv/detail/webots_thymio2_motor_srv__builder.hpp
[17.440s] -- Installing: /home/autretechlab/Documents/GitHub/ATL_WEBOTS_ROS2_bridge/ros2_ws/install/webots_interfaces/include/webots_interfaces/srv/detail/webots_thymio2_controller_srv__builder.hpp
[17.440s] -- Installing: /home/autretechlab/Documents/GitHub/ATL_WEBOTS_ROS2_bridge/ros2_ws/install/webots_interfaces/include/webots_interfaces/srv/detail/webots_thymio2_motor_srv__struct.hpp
[17.440s] -- Installing: /home/autretechlab/Documents/GitHub/ATL_WEBOTS_ROS2_bridge/ros2_ws/install/webots_interfaces/include/webots_interfaces/srv/detail/webots_thymio2_led_srv__builder.hpp
[17.440s] -- Up-to-date: /home/autretechlab/Documents/GitHub/ATL_WEBOTS_ROS2_bridge/ros2_ws/install/webots_interfaces/include/webots_interfaces/msg
[17.440s] -- Installing: /home/autretechlab/Documents/GitHub/ATL_WEBOTS_ROS2_bridge/ros2_ws/install/webots_interfaces/include/webots_interfaces/msg/webots_thymio2_controller.hpp
[17.441s] -- Up-to-date: /home/autretechlab/Documents/GitHub/ATL_WEBOTS_ROS2_bridge/ros2_ws/install/webots_interfaces/include/webots_interfaces/msg/detail
[17.441s] -- Installing: /home/autretechlab/Documents/GitHub/ATL_WEBOTS_ROS2_bridge/ros2_ws/install/webots_interfaces/include/webots_interfaces/msg/detail/webots_thymio2_controller__struct.hpp
[17.441s] -- Installing: /home/autretechlab/Documents/GitHub/ATL_WEBOTS_ROS2_bridge/ros2_ws/install/webots_interfaces/include/webots_interfaces/msg/detail/webots_thymio2_controller__builder.hpp
[17.441s] -- Installing: /home/autretechlab/Documents/GitHub/ATL_WEBOTS_ROS2_bridge/ros2_ws/install/webots_interfaces/include/webots_interfaces/msg/detail/webots_thymio2_controller__traits.hpp
[17.442s] -- Up-to-date: /home/autretechlab/Documents/GitHub/ATL_WEBOTS_ROS2_bridge/ros2_ws/install/webots_interfaces/include/webots_interfaces
[17.442s] -- Up-to-date: /home/autretechlab/Documents/GitHub/ATL_WEBOTS_ROS2_bridge/ros2_ws/install/webots_interfaces/include/webots_interfaces/srv
[17.442s] -- Up-to-date: /home/autretechlab/Documents/GitHub/ATL_WEBOTS_ROS2_bridge/ros2_ws/install/webots_interfaces/include/webots_interfaces/srv/detail
[17.442s] -- Installing: /home/autretechlab/Documents/GitHub/ATL_WEBOTS_ROS2_bridge/ros2_ws/install/webots_interfaces/include/webots_interfaces/srv/detail/webots_thymio2_controller_srv__type_support.cpp
[17.442s] -- Installing: /home/autretechlab/Documents/GitHub/ATL_WEBOTS_ROS2_bridge/ros2_ws/install/webots_interfaces/include/webots_interfaces/srv/detail/webots_thymio2_led_srv__type_support.cpp
[17.443s] -- Installing: /home/autretechlab/Documents/GitHub/ATL_WEBOTS_ROS2_bridge/ros2_ws/install/webots_interfaces/include/webots_interfaces/srv/detail/webots_thymio2_controller_srv__rosidl_typesupport_introspection_cpp.hpp
[17.443s] -- Installing: /home/autretechlab/Documents/GitHub/ATL_WEBOTS_ROS2_bridge/ros2_ws/install/webots_interfaces/include/webots_interfaces/srv/detail/webots_thymio2_led_srv__rosidl_typesupport_introspection_cpp.hpp
[17.443s] -- Installing: /home/autretechlab/Documents/GitHub/ATL_WEBOTS_ROS2_bridge/ros2_ws/install/webots_interfaces/include/webots_interfaces/srv/detail/webots_thymio2_motor_srv__type_support.cpp
[17.443s] -- Installing: /home/autretechlab/Documents/GitHub/ATL_WEBOTS_ROS2_bridge/ros2_ws/install/webots_interfaces/include/webots_interfaces/srv/detail/webots_thymio2_motor_srv__rosidl_typesupport_introspection_cpp.hpp
[17.444s] -- Up-to-date: /home/autretechlab/Documents/GitHub/ATL_WEBOTS_ROS2_bridge/ros2_ws/install/webots_interfaces/include/webots_interfaces/msg
[17.444s] -- Up-to-date: /home/autretechlab/Documents/GitHub/ATL_WEBOTS_ROS2_bridge/ros2_ws/install/webots_interfaces/include/webots_interfaces/msg/detail
[17.444s] -- Installing: /home/autretechlab/Documents/GitHub/ATL_WEBOTS_ROS2_bridge/ros2_ws/install/webots_interfaces/include/webots_interfaces/msg/detail/webots_thymio2_controller__type_support.cpp
[17.444s] -- Installing: /home/autretechlab/Documents/GitHub/ATL_WEBOTS_ROS2_bridge/ros2_ws/install/webots_interfaces/include/webots_interfaces/msg/detail/webots_thymio2_controller__rosidl_typesupport_introspection_cpp.hpp
[17.445s] -- Installing: /home/autretechlab/Documents/GitHub/ATL_WEBOTS_ROS2_bridge/ros2_ws/install/webots_interfaces/lib/libwebots_interfaces__rosidl_typesupport_introspection_cpp.so
[17.445s] -- Set runtime path of "/home/autretechlab/Documents/GitHub/ATL_WEBOTS_ROS2_bridge/ros2_ws/install/webots_interfaces/lib/libwebots_interfaces__rosidl_typesupport_introspection_cpp.so" to ""
[17.446s] -- Installing: /home/autretechlab/Documents/GitHub/ATL_WEBOTS_ROS2_bridge/ros2_ws/install/webots_interfaces/lib/libwebots_interfaces__rosidl_typesupport_cpp.so
[17.446s] -- Set runtime path of "/home/autretechlab/Documents/GitHub/ATL_WEBOTS_ROS2_bridge/ros2_ws/install/webots_interfaces/lib/libwebots_interfaces__rosidl_typesupport_cpp.so" to ""
[17.447s] -- Installing: /home/autretechlab/Documents/GitHub/ATL_WEBOTS_ROS2_bridge/ros2_ws/install/webots_interfaces/share/webots_interfaces/environment/pythonpath.sh
[17.447s] -- Installing: /home/autretechlab/Documents/GitHub/ATL_WEBOTS_ROS2_bridge/ros2_ws/install/webots_interfaces/share/webots_interfaces/environment/pythonpath.dsv
[17.447s] -- Installing: /home/autretechlab/Documents/GitHub/ATL_WEBOTS_ROS2_bridge/ros2_ws/install/webots_interfaces/lib/python3.8/site-packages/webots_interfaces/__init__.py
[17.513s] Compiling '/home/autretechlab/Documents/GitHub/ATL_WEBOTS_ROS2_bridge/ros2_ws/install/webots_interfaces/lib/python3.8/site-packages/webots_interfaces/__init__.py'...
[17.519s] -- Installing: /home/autretechlab/Documents/GitHub/ATL_WEBOTS_ROS2_bridge/ros2_ws/install/webots_interfaces/lib/python3.8/site-packages/webots_interfaces/msg
[17.519s] -- Installing: /home/autretechlab/Documents/GitHub/ATL_WEBOTS_ROS2_bridge/ros2_ws/install/webots_interfaces/lib/python3.8/site-packages/webots_interfaces/msg/__init__.py
[17.519s] -- Installing: /home/autretechlab/Documents/GitHub/ATL_WEBOTS_ROS2_bridge/ros2_ws/install/webots_interfaces/lib/python3.8/site-packages/webots_interfaces/msg/_webots_thymio2_controller_s.c
[17.519s] -- Installing: /home/autretechlab/Documents/GitHub/ATL_WEBOTS_ROS2_bridge/ros2_ws/install/webots_interfaces/lib/python3.8/site-packages/webots_interfaces/msg/_webots_thymio2_controller.py
[17.520s] -- Installing: /home/autretechlab/Documents/GitHub/ATL_WEBOTS_ROS2_bridge/ros2_ws/install/webots_interfaces/lib/python3.8/site-packages/webots_interfaces/srv
[17.520s] -- Installing: /home/autretechlab/Documents/GitHub/ATL_WEBOTS_ROS2_bridge/ros2_ws/install/webots_interfaces/lib/python3.8/site-packages/webots_interfaces/srv/__init__.py
[17.520s] -- Installing: /home/autretechlab/Documents/GitHub/ATL_WEBOTS_ROS2_bridge/ros2_ws/install/webots_interfaces/lib/python3.8/site-packages/webots_interfaces/srv/_webots_thymio2_motor_srv_s.c
[17.520s] -- Installing: /home/autretechlab/Documents/GitHub/ATL_WEBOTS_ROS2_bridge/ros2_ws/install/webots_interfaces/lib/python3.8/site-packages/webots_interfaces/srv/_webots_thymio2_controller_srv.py
[17.520s] -- Installing: /home/autretechlab/Documents/GitHub/ATL_WEBOTS_ROS2_bridge/ros2_ws/install/webots_interfaces/lib/python3.8/site-packages/webots_interfaces/srv/_webots_thymio2_controller_srv_s.c
[17.520s] -- Installing: /home/autretechlab/Documents/GitHub/ATL_WEBOTS_ROS2_bridge/ros2_ws/install/webots_interfaces/lib/python3.8/site-packages/webots_interfaces/srv/_webots_thymio2_led_srv_s.c
[17.520s] -- Installing: /home/autretechlab/Documents/GitHub/ATL_WEBOTS_ROS2_bridge/ros2_ws/install/webots_interfaces/lib/python3.8/site-packages/webots_interfaces/srv/_webots_thymio2_led_srv.py
[17.521s] -- Installing: /home/autretechlab/Documents/GitHub/ATL_WEBOTS_ROS2_bridge/ros2_ws/install/webots_interfaces/lib/python3.8/site-packages/webots_interfaces/srv/_webots_thymio2_motor_srv.py
[17.521s] -- Installing: /home/autretechlab/Documents/GitHub/ATL_WEBOTS_ROS2_bridge/ros2_ws/install/webots_interfaces/lib/python3.8/site-packages/webots_interfaces/webots_interfaces_s__rosidl_typesupport_fastrtps_c.cpython-38-x86_64-linux-gnu.so
[17.522s] -- Set runtime path of "/home/autretechlab/Documents/GitHub/ATL_WEBOTS_ROS2_bridge/ros2_ws/install/webots_interfaces/lib/python3.8/site-packages/webots_interfaces/webots_interfaces_s__rosidl_typesupport_fastrtps_c.cpython-38-x86_64-linux-gnu.so" to ""
[17.522s] -- Installing: /home/autretechlab/Documents/GitHub/ATL_WEBOTS_ROS2_bridge/ros2_ws/install/webots_interfaces/lib/python3.8/site-packages/webots_interfaces/webots_interfaces_s__rosidl_typesupport_introspection_c.cpython-38-x86_64-linux-gnu.so
[17.523s] -- Set runtime path of "/home/autretechlab/Documents/GitHub/ATL_WEBOTS_ROS2_bridge/ros2_ws/install/webots_interfaces/lib/python3.8/site-packages/webots_interfaces/webots_interfaces_s__rosidl_typesupport_introspection_c.cpython-38-x86_64-linux-gnu.so" to ""
[17.523s] -- Installing: /home/autretechlab/Documents/GitHub/ATL_WEBOTS_ROS2_bridge/ros2_ws/install/webots_interfaces/lib/python3.8/site-packages/webots_interfaces/webots_interfaces_s__rosidl_typesupport_c.cpython-38-x86_64-linux-gnu.so
[17.524s] -- Set runtime path of "/home/autretechlab/Documents/GitHub/ATL_WEBOTS_ROS2_bridge/ros2_ws/install/webots_interfaces/lib/python3.8/site-packages/webots_interfaces/webots_interfaces_s__rosidl_typesupport_c.cpython-38-x86_64-linux-gnu.so" to ""
[17.524s] -- Installing: /home/autretechlab/Documents/GitHub/ATL_WEBOTS_ROS2_bridge/ros2_ws/install/webots_interfaces/lib/libwebots_interfaces__python.so
[17.525s] -- Set runtime path of "/home/autretechlab/Documents/GitHub/ATL_WEBOTS_ROS2_bridge/ros2_ws/install/webots_interfaces/lib/libwebots_interfaces__python.so" to ""
[17.525s] -- Installing: /home/autretechlab/Documents/GitHub/ATL_WEBOTS_ROS2_bridge/ros2_ws/install/webots_interfaces/share/webots_interfaces/msg/WebotsThymio2Controller.idl
[17.525s] -- Installing: /home/autretechlab/Documents/GitHub/ATL_WEBOTS_ROS2_bridge/ros2_ws/install/webots_interfaces/share/webots_interfaces/srv/WebotsThymio2ControllerSrv.idl
[17.525s] -- Installing: /home/autretechlab/Documents/GitHub/ATL_WEBOTS_ROS2_bridge/ros2_ws/install/webots_interfaces/share/webots_interfaces/srv/WebotsThymio2MotorSrv.idl
[17.526s] -- Installing: /home/autretechlab/Documents/GitHub/ATL_WEBOTS_ROS2_bridge/ros2_ws/install/webots_interfaces/share/webots_interfaces/srv/WebotsThymio2LEDSrv.idl
[17.526s] -- Installing: /home/autretechlab/Documents/GitHub/ATL_WEBOTS_ROS2_bridge/ros2_ws/install/webots_interfaces/share/webots_interfaces/msg/WebotsThymio2Controller.msg
[17.526s] -- Installing: /home/autretechlab/Documents/GitHub/ATL_WEBOTS_ROS2_bridge/ros2_ws/install/webots_interfaces/share/webots_interfaces/srv/WebotsThymio2ControllerSrv.srv
[17.527s] -- Installing: /home/autretechlab/Documents/GitHub/ATL_WEBOTS_ROS2_bridge/ros2_ws/install/webots_interfaces/share/webots_interfaces/srv/WebotsThymio2ControllerSrv_Request.msg
[17.527s] -- Installing: /home/autretechlab/Documents/GitHub/ATL_WEBOTS_ROS2_bridge/ros2_ws/install/webots_interfaces/share/webots_interfaces/srv/WebotsThymio2ControllerSrv_Response.msg
[17.527s] -- Installing: /home/autretechlab/Documents/GitHub/ATL_WEBOTS_ROS2_bridge/ros2_ws/install/webots_interfaces/share/webots_interfaces/srv/WebotsThymio2MotorSrv.srv
[17.528s] -- Installing: /home/autretechlab/Documents/GitHub/ATL_WEBOTS_ROS2_bridge/ros2_ws/install/webots_interfaces/share/webots_interfaces/srv/WebotsThymio2MotorSrv_Request.msg
[17.528s] -- Installing: /home/autretechlab/Documents/GitHub/ATL_WEBOTS_ROS2_bridge/ros2_ws/install/webots_interfaces/share/webots_interfaces/srv/WebotsThymio2MotorSrv_Response.msg
[17.528s] -- Installing: /home/autretechlab/Documents/GitHub/ATL_WEBOTS_ROS2_bridge/ros2_ws/install/webots_interfaces/share/webots_interfaces/srv/WebotsThymio2LEDSrv.srv
[17.529s] -- Installing: /home/autretechlab/Documents/GitHub/ATL_WEBOTS_ROS2_bridge/ros2_ws/install/webots_interfaces/share/webots_interfaces/srv/WebotsThymio2LEDSrv_Request.msg
[17.529s] -- Installing: /home/autretechlab/Documents/GitHub/ATL_WEBOTS_ROS2_bridge/ros2_ws/install/webots_interfaces/share/webots_interfaces/srv/WebotsThymio2LEDSrv_Response.msg
[17.530s] -- Installing: /home/autretechlab/Documents/GitHub/ATL_WEBOTS_ROS2_bridge/ros2_ws/install/webots_interfaces/share/ament_index/resource_index/package_run_dependencies/webots_interfaces
[17.530s] -- Installing: /home/autretechlab/Documents/GitHub/ATL_WEBOTS_ROS2_bridge/ros2_ws/install/webots_interfaces/share/ament_index/resource_index/parent_prefix_path/webots_interfaces
[17.530s] -- Installing: /home/autretechlab/Documents/GitHub/ATL_WEBOTS_ROS2_bridge/ros2_ws/install/webots_interfaces/share/webots_interfaces/environment/ament_prefix_path.sh
[17.531s] -- Installing: /home/autretechlab/Documents/GitHub/ATL_WEBOTS_ROS2_bridge/ros2_ws/install/webots_interfaces/share/webots_interfaces/environment/ament_prefix_path.dsv
[17.531s] -- Installing: /home/autretechlab/Documents/GitHub/ATL_WEBOTS_ROS2_bridge/ros2_ws/install/webots_interfaces/share/webots_interfaces/environment/path.sh
[17.532s] -- Installing: /home/autretechlab/Documents/GitHub/ATL_WEBOTS_ROS2_bridge/ros2_ws/install/webots_interfaces/share/webots_interfaces/environment/path.dsv
[17.532s] -- Installing: /home/autretechlab/Documents/GitHub/ATL_WEBOTS_ROS2_bridge/ros2_ws/install/webots_interfaces/share/webots_interfaces/local_setup.bash
[17.533s] -- Installing: /home/autretechlab/Documents/GitHub/ATL_WEBOTS_ROS2_bridge/ros2_ws/install/webots_interfaces/share/webots_interfaces/local_setup.sh
[17.534s] -- Installing: /home/autretechlab/Documents/GitHub/ATL_WEBOTS_ROS2_bridge/ros2_ws/install/webots_interfaces/share/webots_interfaces/local_setup.zsh
[17.534s] -- Installing: /home/autretechlab/Documents/GitHub/ATL_WEBOTS_ROS2_bridge/ros2_ws/install/webots_interfaces/share/webots_interfaces/local_setup.dsv
[17.535s] -- Installing: /home/autretechlab/Documents/GitHub/ATL_WEBOTS_ROS2_bridge/ros2_ws/install/webots_interfaces/share/webots_interfaces/package.dsv
[17.536s] -- Installing: /home/autretechlab/Documents/GitHub/ATL_WEBOTS_ROS2_bridge/ros2_ws/install/webots_interfaces/share/ament_index/resource_index/packages/webots_interfaces
[17.537s] -- Installing: /home/autretechlab/Documents/GitHub/ATL_WEBOTS_ROS2_bridge/ros2_ws/install/webots_interfaces/share/webots_interfaces/cmake/webots_interfaces__rosidl_generator_cExport.cmake
[17.539s] -- Installing: /home/autretechlab/Documents/GitHub/ATL_WEBOTS_ROS2_bridge/ros2_ws/install/webots_interfaces/share/webots_interfaces/cmake/webots_interfaces__rosidl_generator_cExport-noconfig.cmake
[17.539s] -- Installing: /home/autretechlab/Documents/GitHub/ATL_WEBOTS_ROS2_bridge/ros2_ws/install/webots_interfaces/share/webots_interfaces/cmake/webots_interfaces__rosidl_typesupport_introspection_cExport.cmake
[17.540s] -- Installing: /home/autretechlab/Documents/GitHub/ATL_WEBOTS_ROS2_bridge/ros2_ws/install/webots_interfaces/share/webots_interfaces/cmake/webots_interfaces__rosidl_typesupport_introspection_cExport-noconfig.cmake
[17.541s] -- Installing: /home/autretechlab/Documents/GitHub/ATL_WEBOTS_ROS2_bridge/ros2_ws/install/webots_interfaces/share/webots_interfaces/cmake/webots_interfaces__rosidl_typesupport_cExport.cmake
[17.542s] -- Installing: /home/autretechlab/Documents/GitHub/ATL_WEBOTS_ROS2_bridge/ros2_ws/install/webots_interfaces/share/webots_interfaces/cmake/webots_interfaces__rosidl_typesupport_cExport-noconfig.cmake
[17.545s] -- Installing: /home/autretechlab/Documents/GitHub/ATL_WEBOTS_ROS2_bridge/ros2_ws/install/webots_interfaces/share/webots_interfaces/cmake/webots_interfaces__rosidl_generator_cppExport.cmake
[17.545s] -- Installing: /home/autretechlab/Documents/GitHub/ATL_WEBOTS_ROS2_bridge/ros2_ws/install/webots_interfaces/share/webots_interfaces/cmake/webots_interfaces__rosidl_typesupport_introspection_cppExport.cmake
[17.547s] -- Installing: /home/autretechlab/Documents/GitHub/ATL_WEBOTS_ROS2_bridge/ros2_ws/install/webots_interfaces/share/webots_interfaces/cmake/webots_interfaces__rosidl_typesupport_introspection_cppExport-noconfig.cmake
[17.547s] -- Installing: /home/autretechlab/Documents/GitHub/ATL_WEBOTS_ROS2_bridge/ros2_ws/install/webots_interfaces/share/webots_interfaces/cmake/webots_interfaces__rosidl_typesupport_cppExport.cmake
[17.547s] -- Installing: /home/autretechlab/Documents/GitHub/ATL_WEBOTS_ROS2_bridge/ros2_ws/install/webots_interfaces/share/webots_interfaces/cmake/webots_interfaces__rosidl_typesupport_cppExport-noconfig.cmake
[17.548s] -- Installing: /home/autretechlab/Documents/GitHub/ATL_WEBOTS_ROS2_bridge/ros2_ws/install/webots_interfaces/share/webots_interfaces/cmake/rosidl_cmake-extras.cmake
[17.548s] -- Installing: /home/autretechlab/Documents/GitHub/ATL_WEBOTS_ROS2_bridge/ros2_ws/install/webots_interfaces/share/webots_interfaces/cmake/ament_cmake_export_dependencies-extras.cmake
[17.549s] -- Installing: /home/autretechlab/Documents/GitHub/ATL_WEBOTS_ROS2_bridge/ros2_ws/install/webots_interfaces/share/webots_interfaces/cmake/ament_cmake_export_libraries-extras.cmake
[17.549s] -- Installing: /home/autretechlab/Documents/GitHub/ATL_WEBOTS_ROS2_bridge/ros2_ws/install/webots_interfaces/share/webots_interfaces/cmake/ament_cmake_export_targets-extras.cmake
[17.549s] -- Installing: /home/autretechlab/Documents/GitHub/ATL_WEBOTS_ROS2_bridge/ros2_ws/install/webots_interfaces/share/webots_interfaces/cmake/ament_cmake_export_include_directories-extras.cmake
[17.550s] -- Installing: /home/autretechlab/Documents/GitHub/ATL_WEBOTS_ROS2_bridge/ros2_ws/install/webots_interfaces/share/webots_interfaces/cmake/rosidl_cmake_export_typesupport_libraries-extras.cmake
[17.550s] -- Installing: /home/autretechlab/Documents/GitHub/ATL_WEBOTS_ROS2_bridge/ros2_ws/install/webots_interfaces/share/webots_interfaces/cmake/rosidl_cmake_export_typesupport_targets-extras.cmake
[17.551s] -- Installing: /home/autretechlab/Documents/GitHub/ATL_WEBOTS_ROS2_bridge/ros2_ws/install/webots_interfaces/share/webots_interfaces/cmake/webots_interfacesConfig.cmake
[17.551s] -- Installing: /home/autretechlab/Documents/GitHub/ATL_WEBOTS_ROS2_bridge/ros2_ws/install/webots_interfaces/share/webots_interfaces/cmake/webots_interfacesConfig-version.cmake
[17.551s] -- Installing: /home/autretechlab/Documents/GitHub/ATL_WEBOTS_ROS2_bridge/ros2_ws/install/webots_interfaces/share/webots_interfaces/package.xml
[17.556s] Invoked command in '/home/autretechlab/Documents/GitHub/ATL_WEBOTS_ROS2_bridge/ros2_ws/build/webots_interfaces' returned '0': CMAKE_PREFIX_PATH=${CMAKE_PREFIX_PATH}:/home/autretechlab/Documents/GitHub/ATL_WEBOTS_ROS2_bridge/ros2_ws/install/webots_ros2_bridge_py_pkg:/home/autretechlab/Documents/GitHub/ATL_Robotics_IDE/ros2_ws/install/atl_blockly_ide_py_pkg:/home/autretechlab/Documents/GitHub/ATL_ThymioII_ROS2_bridge/install/thymio2_ros2_tutorials_py_pkg:/home/autretechlab/Documents/GitHub/ATL_ThymioII_ROS2_bridge/install/thymio2_ros2_bridge_py_pkg:/home/autretechlab/Documents/GitHub/ATL_ThymioII_ROS2_bridge/install/thymio2_ROS2_bridge_py_pkg:/opt/ros/foxy /usr/bin/cmake --install /home/autretechlab/Documents/GitHub/ATL_WEBOTS_ROS2_bridge/ros2_ws/build/webots_interfaces
