[0.489s] DEBUG:colcon:Command line arguments: ['/usr/bin/colcon', 'build']
[0.489s] DEBUG:colcon:Parsed command line arguments: Namespace(ament_cmake_args=None, base_paths=['.'], build_base='build', catkin_cmake_args=None, catkin_skip_building_tests=False, cmake_args=None, cmake_clean_cache=False, cmake_clean_first=False, cmake_force_configure=False, cmake_target=None, cmake_target_skip_unavailable=False, continue_on_error=False, event_handlers=None, executor='parallel', ignore_user_meta=False, install_base='install', log_base=None, log_level=None, main=<bound method BuildVerb.main of <colcon_core.verb.build.BuildVerb object at 0x7f812a807580>>, merge_install=False, metas=['./colcon.meta'], packages_above=None, packages_above_and_dependencies=None, packages_above_depth=None, packages_end=None, packages_ignore=None, packages_ignore_regex=None, packages_select=None, packages_select_build_failed=False, packages_select_by_dep=None, packages_select_regex=None, packages_select_test_failures=False, packages_skip=None, packages_skip_build_finished=False, packages_skip_by_dep=None, packages_skip_regex=None, packages_skip_test_passed=False, packages_skip_up_to=None, packages_start=None, packages_up_to=None, packages_up_to_regex=None, parallel_workers=4, paths=None, symlink_install=False, test_result_base=None, verb_extension=<colcon_core.verb.build.BuildVerb object at 0x7f812a807580>, verb_name='build', verb_parser=<colcon_defaults.argument_parser.defaults.DefaultArgumentsDecorator object at 0x7f812a807ac0>)
[0.505s] Level 1:colcon.colcon_core.package_discovery:discover_packages(colcon_meta) check parameters
[0.506s] Level 1:colcon.colcon_core.package_discovery:discover_packages(recursive) check parameters
[0.506s] Level 1:colcon.colcon_core.package_discovery:discover_packages(ignore) check parameters
[0.506s] Level 1:colcon.colcon_core.package_discovery:discover_packages(path) check parameters
[0.506s] Level 1:colcon.colcon_core.package_discovery:discover_packages(colcon_meta) discover
[0.506s] Level 1:colcon.colcon_core.package_discovery:discover_packages(recursive) discover
[0.506s] INFO:colcon.colcon_core.package_discovery:Crawling recursively for packages in '/home/autretechlab/Documents/GitHub/ATL_WEBOTS_ROS2_bridge/ros2_ws'
[0.506s] Level 1:colcon.colcon_core.package_identification:_identify(.) by extensions ['ignore', 'ignore_ament_install']
[0.506s] Level 1:colcon.colcon_core.package_identification:_identify(.) by extension 'ignore'
[0.507s] Level 1:colcon.colcon_core.package_identification:_identify(.) by extension 'ignore_ament_install'
[0.507s] Level 1:colcon.colcon_core.package_identification:_identify(.) by extensions ['colcon_pkg']
[0.507s] Level 1:colcon.colcon_core.package_identification:_identify(.) by extension 'colcon_pkg'
[0.507s] Level 1:colcon.colcon_core.package_identification:_identify(.) by extensions ['colcon_meta']
[0.507s] Level 1:colcon.colcon_core.package_identification:_identify(.) by extension 'colcon_meta'
[0.507s] Level 1:colcon.colcon_core.package_identification:_identify(.) by extensions ['ros']
[0.507s] Level 1:colcon.colcon_core.package_identification:_identify(.) by extension 'ros'
[0.530s] Level 1:colcon.colcon_core.package_identification:_identify(.) by extensions ['cmake', 'python']
[0.530s] Level 1:colcon.colcon_core.package_identification:_identify(.) by extension 'cmake'
[0.530s] Level 1:colcon.colcon_core.package_identification:_identify(.) by extension 'python'
[0.530s] Level 1:colcon.colcon_core.package_identification:_identify(.) by extensions ['python_setup_py']
[0.530s] Level 1:colcon.colcon_core.package_identification:_identify(.) by extension 'python_setup_py'
[0.530s] Level 1:colcon.colcon_core.package_identification:_identify(build) by extensions ['ignore', 'ignore_ament_install']
[0.530s] Level 1:colcon.colcon_core.package_identification:_identify(build) by extension 'ignore'
[0.530s] Level 1:colcon.colcon_core.package_identification:_identify(build) ignored
[0.530s] Level 1:colcon.colcon_core.package_identification:_identify(install) by extensions ['ignore', 'ignore_ament_install']
[0.531s] Level 1:colcon.colcon_core.package_identification:_identify(install) by extension 'ignore'
[0.531s] Level 1:colcon.colcon_core.package_identification:_identify(install) ignored
[0.531s] Level 1:colcon.colcon_core.package_identification:_identify(log) by extensions ['ignore', 'ignore_ament_install']
[0.531s] Level 1:colcon.colcon_core.package_identification:_identify(log) by extension 'ignore'
[0.531s] Level 1:colcon.colcon_core.package_identification:_identify(log) ignored
[0.531s] Level 1:colcon.colcon_core.package_identification:_identify(src) by extensions ['ignore', 'ignore_ament_install']
[0.531s] Level 1:colcon.colcon_core.package_identification:_identify(src) by extension 'ignore'
[0.531s] Level 1:colcon.colcon_core.package_identification:_identify(src) by extension 'ignore_ament_install'
[0.531s] Level 1:colcon.colcon_core.package_identification:_identify(src) by extensions ['colcon_pkg']
[0.531s] Level 1:colcon.colcon_core.package_identification:_identify(src) by extension 'colcon_pkg'
[0.531s] Level 1:colcon.colcon_core.package_identification:_identify(src) by extensions ['colcon_meta']
[0.531s] Level 1:colcon.colcon_core.package_identification:_identify(src) by extension 'colcon_meta'
[0.532s] Level 1:colcon.colcon_core.package_identification:_identify(src) by extensions ['ros']
[0.532s] Level 1:colcon.colcon_core.package_identification:_identify(src) by extension 'ros'
[0.532s] Level 1:colcon.colcon_core.package_identification:_identify(src) by extensions ['cmake', 'python']
[0.532s] Level 1:colcon.colcon_core.package_identification:_identify(src) by extension 'cmake'
[0.532s] Level 1:colcon.colcon_core.package_identification:_identify(src) by extension 'python'
[0.532s] Level 1:colcon.colcon_core.package_identification:_identify(src) by extensions ['python_setup_py']
[0.532s] Level 1:colcon.colcon_core.package_identification:_identify(src) by extension 'python_setup_py'
[0.532s] Level 1:colcon.colcon_core.package_identification:_identify(src/webots_interfaces) by extensions ['ignore', 'ignore_ament_install']
[0.532s] Level 1:colcon.colcon_core.package_identification:_identify(src/webots_interfaces) by extension 'ignore'
[0.532s] Level 1:colcon.colcon_core.package_identification:_identify(src/webots_interfaces) by extension 'ignore_ament_install'
[0.532s] Level 1:colcon.colcon_core.package_identification:_identify(src/webots_interfaces) by extensions ['colcon_pkg']
[0.532s] Level 1:colcon.colcon_core.package_identification:_identify(src/webots_interfaces) by extension 'colcon_pkg'
[0.532s] Level 1:colcon.colcon_core.package_identification:_identify(src/webots_interfaces) by extensions ['colcon_meta']
[0.532s] Level 1:colcon.colcon_core.package_identification:_identify(src/webots_interfaces) by extension 'colcon_meta'
[0.532s] Level 1:colcon.colcon_core.package_identification:_identify(src/webots_interfaces) by extensions ['ros']
[0.533s] Level 1:colcon.colcon_core.package_identification:_identify(src/webots_interfaces) by extension 'ros'
[0.537s] DEBUG:colcon.colcon_core.package_identification:Package 'src/webots_interfaces' with type 'ros.ament_cmake' and name 'webots_interfaces'
[0.537s] Level 1:colcon.colcon_core.package_identification:_identify(src/webots_ros2_bridge_py_pkg) by extensions ['ignore', 'ignore_ament_install']
[0.538s] Level 1:colcon.colcon_core.package_identification:_identify(src/webots_ros2_bridge_py_pkg) by extension 'ignore'
[0.538s] Level 1:colcon.colcon_core.package_identification:_identify(src/webots_ros2_bridge_py_pkg) by extension 'ignore_ament_install'
[0.538s] Level 1:colcon.colcon_core.package_identification:_identify(src/webots_ros2_bridge_py_pkg) by extensions ['colcon_pkg']
[0.538s] Level 1:colcon.colcon_core.package_identification:_identify(src/webots_ros2_bridge_py_pkg) by extension 'colcon_pkg'
[0.538s] Level 1:colcon.colcon_core.package_identification:_identify(src/webots_ros2_bridge_py_pkg) by extensions ['colcon_meta']
[0.539s] Level 1:colcon.colcon_core.package_identification:_identify(src/webots_ros2_bridge_py_pkg) by extension 'colcon_meta'
[0.539s] Level 1:colcon.colcon_core.package_identification:_identify(src/webots_ros2_bridge_py_pkg) by extensions ['ros']
[0.539s] Level 1:colcon.colcon_core.package_identification:_identify(src/webots_ros2_bridge_py_pkg) by extension 'ros'
[0.540s] DEBUG:colcon.colcon_core.package_identification:Package 'src/webots_ros2_bridge_py_pkg' with type 'ros.ament_python' and name 'webots_ros2_bridge_py_pkg'
[0.540s] Level 1:colcon.colcon_core.package_discovery:discover_packages(recursive) using defaults
[0.540s] Level 1:colcon.colcon_core.package_discovery:discover_packages(ignore) discover
[0.541s] Level 1:colcon.colcon_core.package_discovery:discover_packages(ignore) using defaults
[0.541s] Level 1:colcon.colcon_core.package_discovery:discover_packages(path) discover
[0.541s] Level 1:colcon.colcon_core.package_discovery:discover_packages(path) using defaults
[0.585s] Level 5:colcon.colcon_core.verb:set package 'webots_interfaces' build argument 'cmake_args' from command line to 'None'
[0.585s] Level 5:colcon.colcon_core.verb:set package 'webots_interfaces' build argument 'cmake_target' from command line to 'None'
[0.585s] Level 5:colcon.colcon_core.verb:set package 'webots_interfaces' build argument 'cmake_target_skip_unavailable' from command line to 'False'
[0.585s] Level 5:colcon.colcon_core.verb:set package 'webots_interfaces' build argument 'cmake_clean_cache' from command line to 'False'
[0.585s] Level 5:colcon.colcon_core.verb:set package 'webots_interfaces' build argument 'cmake_clean_first' from command line to 'False'
[0.585s] Level 5:colcon.colcon_core.verb:set package 'webots_interfaces' build argument 'cmake_force_configure' from command line to 'False'
[0.585s] Level 5:colcon.colcon_core.verb:set package 'webots_interfaces' build argument 'ament_cmake_args' from command line to 'None'
[0.585s] Level 5:colcon.colcon_core.verb:set package 'webots_interfaces' build argument 'catkin_cmake_args' from command line to 'None'
[0.585s] Level 5:colcon.colcon_core.verb:set package 'webots_interfaces' build argument 'catkin_skip_building_tests' from command line to 'False'
[0.585s] DEBUG:colcon.colcon_core.verb:Building package 'webots_interfaces' with the following arguments: {'ament_cmake_args': None, 'build_base': '/home/autretechlab/Documents/GitHub/ATL_WEBOTS_ROS2_bridge/ros2_ws/build/webots_interfaces', 'catkin_cmake_args': None, 'catkin_skip_building_tests': False, 'cmake_args': None, 'cmake_clean_cache': False, 'cmake_clean_first': False, 'cmake_force_configure': False, 'cmake_target': None, 'cmake_target_skip_unavailable': False, 'install_base': '/home/autretechlab/Documents/GitHub/ATL_WEBOTS_ROS2_bridge/ros2_ws/install/webots_interfaces', 'merge_install': False, 'path': '/home/autretechlab/Documents/GitHub/ATL_WEBOTS_ROS2_bridge/ros2_ws/src/webots_interfaces', 'symlink_install': False, 'test_result_base': None}
[0.589s] Level 5:colcon.colcon_core.verb:set package 'webots_ros2_bridge_py_pkg' build argument 'cmake_args' from command line to 'None'
[0.589s] Level 5:colcon.colcon_core.verb:set package 'webots_ros2_bridge_py_pkg' build argument 'cmake_target' from command line to 'None'
[0.589s] Level 5:colcon.colcon_core.verb:set package 'webots_ros2_bridge_py_pkg' build argument 'cmake_target_skip_unavailable' from command line to 'False'
[0.589s] Level 5:colcon.colcon_core.verb:set package 'webots_ros2_bridge_py_pkg' build argument 'cmake_clean_cache' from command line to 'False'
[0.589s] Level 5:colcon.colcon_core.verb:set package 'webots_ros2_bridge_py_pkg' build argument 'cmake_clean_first' from command line to 'False'
[0.589s] Level 5:colcon.colcon_core.verb:set package 'webots_ros2_bridge_py_pkg' build argument 'cmake_force_configure' from command line to 'False'
[0.589s] Level 5:colcon.colcon_core.verb:set package 'webots_ros2_bridge_py_pkg' build argument 'ament_cmake_args' from command line to 'None'
[0.590s] Level 5:colcon.colcon_core.verb:set package 'webots_ros2_bridge_py_pkg' build argument 'catkin_cmake_args' from command line to 'None'
[0.590s] Level 5:colcon.colcon_core.verb:set package 'webots_ros2_bridge_py_pkg' build argument 'catkin_skip_building_tests' from command line to 'False'
[0.590s] DEBUG:colcon.colcon_core.verb:Building package 'webots_ros2_bridge_py_pkg' with the following arguments: {'ament_cmake_args': None, 'build_base': '/home/autretechlab/Documents/GitHub/ATL_WEBOTS_ROS2_bridge/ros2_ws/build/webots_ros2_bridge_py_pkg', 'catkin_cmake_args': None, 'catkin_skip_building_tests': False, 'cmake_args': None, 'cmake_clean_cache': False, 'cmake_clean_first': False, 'cmake_force_configure': False, 'cmake_target': None, 'cmake_target_skip_unavailable': False, 'install_base': '/home/autretechlab/Documents/GitHub/ATL_WEBOTS_ROS2_bridge/ros2_ws/install/webots_ros2_bridge_py_pkg', 'merge_install': False, 'path': '/home/autretechlab/Documents/GitHub/ATL_WEBOTS_ROS2_bridge/ros2_ws/src/webots_ros2_bridge_py_pkg', 'symlink_install': False, 'test_result_base': None}
[0.590s] INFO:colcon.colcon_core.executor:Executing jobs using 'parallel' executor
[0.594s] DEBUG:colcon.colcon_parallel_executor.executor.parallel:run_until_complete
[0.594s] INFO:colcon.colcon_ros.task.ament_cmake.build:Building ROS package in '/home/autretechlab/Documents/GitHub/ATL_WEBOTS_ROS2_bridge/ros2_ws/src/webots_interfaces' with build type 'ament_cmake'
[0.594s] INFO:colcon.colcon_cmake.task.cmake.build:Building CMake package in '/home/autretechlab/Documents/GitHub/ATL_WEBOTS_ROS2_bridge/ros2_ws/src/webots_interfaces'
[0.604s] INFO:colcon.colcon_core.plugin_system:Skipping extension 'colcon_core.shell.bat': Not used on non-Windows systems
[0.605s] INFO:colcon.colcon_core.shell:Skip shell extension 'powershell' for command environment: Not usable outside of PowerShell
[0.605s] DEBUG:colcon.colcon_core.shell:Skip shell extension 'dsv' for command environment
[0.613s] WARNING:colcon.colcon_ros.prefix_path.ament:The path '/home/autretechlab/Documents/GitHub/ATL_WEBOTS_ROS2_bridge/ros2_ws/install/webots_ros2_bridge_py_pkg' in the environment variable AMENT_PREFIX_PATH doesn't exist
[0.613s] WARNING:colcon.colcon_ros.prefix_path.ament:The path '/home/autretechlab/Documents/GitHub/ATL_WEBOTS_ROS2_bridge/ros2_ws/install/webots_interfaces' in the environment variable AMENT_PREFIX_PATH doesn't exist
[0.617s] WARNING:colcon.colcon_ros.prefix_path.catkin:The path '/home/autretechlab/Documents/GitHub/ATL_WEBOTS_ROS2_bridge/ros2_ws/install/webots_interfaces' in the environment variable CMAKE_PREFIX_PATH doesn't exist
[0.623s] DEBUG:colcon.colcon_core.shell:Ignoring prefix path '/opt/ros/foxy'
[0.638s] DEBUG:colcon.colcon_core.event_handler.log_command:Invoking command in '/home/autretechlab/Documents/GitHub/ATL_WEBOTS_ROS2_bridge/ros2_ws/build/webots_interfaces': CMAKE_PREFIX_PATH=${CMAKE_PREFIX_PATH}:/home/autretechlab/Documents/GitHub/ATL_WEBOTS_ROS2_bridge/ros2_ws/install/webots_ros2_bridge_py_pkg:/home/autretechlab/Documents/GitHub/ATL_Robotics_IDE/ros2_ws/install/atl_blockly_ide_py_pkg:/home/autretechlab/Documents/GitHub/ATL_ThymioII_ROS2_bridge/install/thymio2_ros2_tutorials_py_pkg:/home/autretechlab/Documents/GitHub/ATL_ThymioII_ROS2_bridge/install/thymio2_ros2_bridge_py_pkg:/home/autretechlab/Documents/GitHub/ATL_ThymioII_ROS2_bridge/install/thymio2_ROS2_bridge_py_pkg:/opt/ros/foxy /usr/bin/cmake /home/autretechlab/Documents/GitHub/ATL_WEBOTS_ROS2_bridge/ros2_ws/src/webots_interfaces -DCMAKE_INSTALL_PREFIX=/home/autretechlab/Documents/GitHub/ATL_WEBOTS_ROS2_bridge/ros2_ws/install/webots_interfaces
[3.738s] DEBUG:colcon.colcon_core.event_handler.log_command:Invoked command in '/home/autretechlab/Documents/GitHub/ATL_WEBOTS_ROS2_bridge/ros2_ws/build/webots_interfaces' returned '0': CMAKE_PREFIX_PATH=${CMAKE_PREFIX_PATH}:/home/autretechlab/Documents/GitHub/ATL_WEBOTS_ROS2_bridge/ros2_ws/install/webots_ros2_bridge_py_pkg:/home/autretechlab/Documents/GitHub/ATL_Robotics_IDE/ros2_ws/install/atl_blockly_ide_py_pkg:/home/autretechlab/Documents/GitHub/ATL_ThymioII_ROS2_bridge/install/thymio2_ros2_tutorials_py_pkg:/home/autretechlab/Documents/GitHub/ATL_ThymioII_ROS2_bridge/install/thymio2_ros2_bridge_py_pkg:/home/autretechlab/Documents/GitHub/ATL_ThymioII_ROS2_bridge/install/thymio2_ROS2_bridge_py_pkg:/opt/ros/foxy /usr/bin/cmake /home/autretechlab/Documents/GitHub/ATL_WEBOTS_ROS2_bridge/ros2_ws/src/webots_interfaces -DCMAKE_INSTALL_PREFIX=/home/autretechlab/Documents/GitHub/ATL_WEBOTS_ROS2_bridge/ros2_ws/install/webots_interfaces
[3.744s] DEBUG:colcon.colcon_core.event_handler.log_command:Invoking command in '/home/autretechlab/Documents/GitHub/ATL_WEBOTS_ROS2_bridge/ros2_ws/build/webots_interfaces': CMAKE_PREFIX_PATH=${CMAKE_PREFIX_PATH}:/home/autretechlab/Documents/GitHub/ATL_WEBOTS_ROS2_bridge/ros2_ws/install/webots_ros2_bridge_py_pkg:/home/autretechlab/Documents/GitHub/ATL_Robotics_IDE/ros2_ws/install/atl_blockly_ide_py_pkg:/home/autretechlab/Documents/GitHub/ATL_ThymioII_ROS2_bridge/install/thymio2_ros2_tutorials_py_pkg:/home/autretechlab/Documents/GitHub/ATL_ThymioII_ROS2_bridge/install/thymio2_ros2_bridge_py_pkg:/home/autretechlab/Documents/GitHub/ATL_ThymioII_ROS2_bridge/install/thymio2_ROS2_bridge_py_pkg:/opt/ros/foxy /usr/bin/cmake --build /home/autretechlab/Documents/GitHub/ATL_WEBOTS_ROS2_bridge/ros2_ws/build/webots_interfaces -- -j4 -l4
[17.830s] DEBUG:colcon.colcon_core.event_handler.log_command:Invoked command in '/home/autretechlab/Documents/GitHub/ATL_WEBOTS_ROS2_bridge/ros2_ws/build/webots_interfaces' returned '0': CMAKE_PREFIX_PATH=${CMAKE_PREFIX_PATH}:/home/autretechlab/Documents/GitHub/ATL_WEBOTS_ROS2_bridge/ros2_ws/install/webots_ros2_bridge_py_pkg:/home/autretechlab/Documents/GitHub/ATL_Robotics_IDE/ros2_ws/install/atl_blockly_ide_py_pkg:/home/autretechlab/Documents/GitHub/ATL_ThymioII_ROS2_bridge/install/thymio2_ros2_tutorials_py_pkg:/home/autretechlab/Documents/GitHub/ATL_ThymioII_ROS2_bridge/install/thymio2_ros2_bridge_py_pkg:/home/autretechlab/Documents/GitHub/ATL_ThymioII_ROS2_bridge/install/thymio2_ROS2_bridge_py_pkg:/opt/ros/foxy /usr/bin/cmake --build /home/autretechlab/Documents/GitHub/ATL_WEBOTS_ROS2_bridge/ros2_ws/build/webots_interfaces -- -j4 -l4
[17.991s] DEBUG:colcon.colcon_core.event_handler.log_command:Invoking command in '/home/autretechlab/Documents/GitHub/ATL_WEBOTS_ROS2_bridge/ros2_ws/build/webots_interfaces': CMAKE_PREFIX_PATH=${CMAKE_PREFIX_PATH}:/home/autretechlab/Documents/GitHub/ATL_WEBOTS_ROS2_bridge/ros2_ws/install/webots_ros2_bridge_py_pkg:/home/autretechlab/Documents/GitHub/ATL_Robotics_IDE/ros2_ws/install/atl_blockly_ide_py_pkg:/home/autretechlab/Documents/GitHub/ATL_ThymioII_ROS2_bridge/install/thymio2_ros2_tutorials_py_pkg:/home/autretechlab/Documents/GitHub/ATL_ThymioII_ROS2_bridge/install/thymio2_ros2_bridge_py_pkg:/home/autretechlab/Documents/GitHub/ATL_ThymioII_ROS2_bridge/install/thymio2_ROS2_bridge_py_pkg:/opt/ros/foxy /usr/bin/cmake --install /home/autretechlab/Documents/GitHub/ATL_WEBOTS_ROS2_bridge/ros2_ws/build/webots_interfaces
[18.149s] Level 1:colcon.colcon_core.environment:create_environment_scripts_only(webots_interfaces)
[18.151s] DEBUG:colcon.colcon_core.event_handler.log_command:Invoked command in '/home/autretechlab/Documents/GitHub/ATL_WEBOTS_ROS2_bridge/ros2_ws/build/webots_interfaces' returned '0': CMAKE_PREFIX_PATH=${CMAKE_PREFIX_PATH}:/home/autretechlab/Documents/GitHub/ATL_WEBOTS_ROS2_bridge/ros2_ws/install/webots_ros2_bridge_py_pkg:/home/autretechlab/Documents/GitHub/ATL_Robotics_IDE/ros2_ws/install/atl_blockly_ide_py_pkg:/home/autretechlab/Documents/GitHub/ATL_ThymioII_ROS2_bridge/install/thymio2_ros2_tutorials_py_pkg:/home/autretechlab/Documents/GitHub/ATL_ThymioII_ROS2_bridge/install/thymio2_ros2_bridge_py_pkg:/home/autretechlab/Documents/GitHub/ATL_ThymioII_ROS2_bridge/install/thymio2_ROS2_bridge_py_pkg:/opt/ros/foxy /usr/bin/cmake --install /home/autretechlab/Documents/GitHub/ATL_WEBOTS_ROS2_bridge/ros2_ws/build/webots_interfaces
[18.166s] Level 1:colcon.colcon_core.environment:checking '/home/autretechlab/Documents/GitHub/ATL_WEBOTS_ROS2_bridge/ros2_ws/install/webots_interfaces' for CMake module files
[18.167s] Level 1:colcon.colcon_core.environment:checking '/home/autretechlab/Documents/GitHub/ATL_WEBOTS_ROS2_bridge/ros2_ws/install/webots_interfaces' for CMake config files
[18.169s] Level 1:colcon.colcon_core.shell:create_environment_hook('webots_interfaces', 'cmake_prefix_path')
[18.171s] INFO:colcon.colcon_core.shell:Creating environment hook '/home/autretechlab/Documents/GitHub/ATL_WEBOTS_ROS2_bridge/ros2_ws/install/webots_interfaces/share/webots_interfaces/hook/cmake_prefix_path.ps1'
[18.173s] INFO:colcon.colcon_core.shell:Creating environment descriptor '/home/autretechlab/Documents/GitHub/ATL_WEBOTS_ROS2_bridge/ros2_ws/install/webots_interfaces/share/webots_interfaces/hook/cmake_prefix_path.dsv'
[18.174s] INFO:colcon.colcon_core.shell:Creating environment hook '/home/autretechlab/Documents/GitHub/ATL_WEBOTS_ROS2_bridge/ros2_ws/install/webots_interfaces/share/webots_interfaces/hook/cmake_prefix_path.sh'
[18.175s] Level 1:colcon.colcon_core.environment:checking '/home/autretechlab/Documents/GitHub/ATL_WEBOTS_ROS2_bridge/ros2_ws/install/webots_interfaces/lib'
[18.176s] Level 1:colcon.colcon_core.shell:create_environment_hook('webots_interfaces', 'ld_library_path_lib')
[18.177s] INFO:colcon.colcon_core.shell:Creating environment hook '/home/autretechlab/Documents/GitHub/ATL_WEBOTS_ROS2_bridge/ros2_ws/install/webots_interfaces/share/webots_interfaces/hook/ld_library_path_lib.ps1'
[18.177s] INFO:colcon.colcon_core.shell:Creating environment descriptor '/home/autretechlab/Documents/GitHub/ATL_WEBOTS_ROS2_bridge/ros2_ws/install/webots_interfaces/share/webots_interfaces/hook/ld_library_path_lib.dsv'
[18.178s] INFO:colcon.colcon_core.shell:Creating environment hook '/home/autretechlab/Documents/GitHub/ATL_WEBOTS_ROS2_bridge/ros2_ws/install/webots_interfaces/share/webots_interfaces/hook/ld_library_path_lib.sh'
[18.178s] Level 1:colcon.colcon_core.environment:checking '/home/autretechlab/Documents/GitHub/ATL_WEBOTS_ROS2_bridge/ros2_ws/install/webots_interfaces/bin'
[18.178s] Level 1:colcon.colcon_core.environment:checking '/home/autretechlab/Documents/GitHub/ATL_WEBOTS_ROS2_bridge/ros2_ws/install/webots_interfaces/lib/pkgconfig/webots_interfaces.pc'
[18.178s] Level 1:colcon.colcon_core.environment:checking '/home/autretechlab/Documents/GitHub/ATL_WEBOTS_ROS2_bridge/ros2_ws/install/webots_interfaces/lib/python3.8/site-packages'
[18.178s] Level 1:colcon.colcon_core.shell:create_environment_hook('webots_interfaces', 'pythonpath')
[18.179s] INFO:colcon.colcon_core.shell:Creating environment hook '/home/autretechlab/Documents/GitHub/ATL_WEBOTS_ROS2_bridge/ros2_ws/install/webots_interfaces/share/webots_interfaces/hook/pythonpath.ps1'
[18.180s] INFO:colcon.colcon_core.shell:Creating environment descriptor '/home/autretechlab/Documents/GitHub/ATL_WEBOTS_ROS2_bridge/ros2_ws/install/webots_interfaces/share/webots_interfaces/hook/pythonpath.dsv'
[18.180s] INFO:colcon.colcon_core.shell:Creating environment hook '/home/autretechlab/Documents/GitHub/ATL_WEBOTS_ROS2_bridge/ros2_ws/install/webots_interfaces/share/webots_interfaces/hook/pythonpath.sh'
[18.181s] INFO:colcon.colcon_core.shell:Creating package script '/home/autretechlab/Documents/GitHub/ATL_WEBOTS_ROS2_bridge/ros2_ws/install/webots_interfaces/share/webots_interfaces/package.ps1'
[18.182s] INFO:colcon.colcon_core.shell:Creating package descriptor '/home/autretechlab/Documents/GitHub/ATL_WEBOTS_ROS2_bridge/ros2_ws/install/webots_interfaces/share/webots_interfaces/package.dsv'
[18.184s] INFO:colcon.colcon_core.shell:Creating package script '/home/autretechlab/Documents/GitHub/ATL_WEBOTS_ROS2_bridge/ros2_ws/install/webots_interfaces/share/webots_interfaces/package.sh'
[18.187s] INFO:colcon.colcon_core.shell:Creating package script '/home/autretechlab/Documents/GitHub/ATL_WEBOTS_ROS2_bridge/ros2_ws/install/webots_interfaces/share/webots_interfaces/package.bash'
[18.190s] INFO:colcon.colcon_core.shell:Creating package script '/home/autretechlab/Documents/GitHub/ATL_WEBOTS_ROS2_bridge/ros2_ws/install/webots_interfaces/share/webots_interfaces/package.zsh'
[18.193s] Level 1:colcon.colcon_core.environment:create_file_with_runtime_dependencies(/home/autretechlab/Documents/GitHub/ATL_WEBOTS_ROS2_bridge/ros2_ws/install/webots_interfaces/share/colcon-core/packages/webots_interfaces)
[18.344s] Level 1:colcon.colcon_core.environment:create_environment_scripts_only(webots_interfaces)
[18.345s] Level 1:colcon.colcon_core.environment:checking '/home/autretechlab/Documents/GitHub/ATL_WEBOTS_ROS2_bridge/ros2_ws/install/webots_interfaces' for CMake module files
[18.347s] Level 1:colcon.colcon_core.environment:checking '/home/autretechlab/Documents/GitHub/ATL_WEBOTS_ROS2_bridge/ros2_ws/install/webots_interfaces' for CMake config files
[18.347s] Level 1:colcon.colcon_core.shell:create_environment_hook('webots_interfaces', 'cmake_prefix_path')
[18.348s] INFO:colcon.colcon_core.shell:Creating environment hook '/home/autretechlab/Documents/GitHub/ATL_WEBOTS_ROS2_bridge/ros2_ws/install/webots_interfaces/share/webots_interfaces/hook/cmake_prefix_path.ps1'
[18.349s] INFO:colcon.colcon_core.shell:Creating environment descriptor '/home/autretechlab/Documents/GitHub/ATL_WEBOTS_ROS2_bridge/ros2_ws/install/webots_interfaces/share/webots_interfaces/hook/cmake_prefix_path.dsv'
[18.349s] INFO:colcon.colcon_core.shell:Creating environment hook '/home/autretechlab/Documents/GitHub/ATL_WEBOTS_ROS2_bridge/ros2_ws/install/webots_interfaces/share/webots_interfaces/hook/cmake_prefix_path.sh'
[18.350s] Level 1:colcon.colcon_core.environment:checking '/home/autretechlab/Documents/GitHub/ATL_WEBOTS_ROS2_bridge/ros2_ws/install/webots_interfaces/lib'
[18.350s] Level 1:colcon.colcon_core.shell:create_environment_hook('webots_interfaces', 'ld_library_path_lib')
[18.351s] INFO:colcon.colcon_core.shell:Creating environment hook '/home/autretechlab/Documents/GitHub/ATL_WEBOTS_ROS2_bridge/ros2_ws/install/webots_interfaces/share/webots_interfaces/hook/ld_library_path_lib.ps1'
[18.352s] INFO:colcon.colcon_core.shell:Creating environment descriptor '/home/autretechlab/Documents/GitHub/ATL_WEBOTS_ROS2_bridge/ros2_ws/install/webots_interfaces/share/webots_interfaces/hook/ld_library_path_lib.dsv'
[18.352s] INFO:colcon.colcon_core.shell:Creating environment hook '/home/autretechlab/Documents/GitHub/ATL_WEBOTS_ROS2_bridge/ros2_ws/install/webots_interfaces/share/webots_interfaces/hook/ld_library_path_lib.sh'
[18.353s] Level 1:colcon.colcon_core.environment:checking '/home/autretechlab/Documents/GitHub/ATL_WEBOTS_ROS2_bridge/ros2_ws/install/webots_interfaces/bin'
[18.353s] Level 1:colcon.colcon_core.environment:checking '/home/autretechlab/Documents/GitHub/ATL_WEBOTS_ROS2_bridge/ros2_ws/install/webots_interfaces/lib/pkgconfig/webots_interfaces.pc'
[18.353s] Level 1:colcon.colcon_core.environment:checking '/home/autretechlab/Documents/GitHub/ATL_WEBOTS_ROS2_bridge/ros2_ws/install/webots_interfaces/lib/python3.8/site-packages'
[18.353s] Level 1:colcon.colcon_core.shell:create_environment_hook('webots_interfaces', 'pythonpath')
[18.354s] INFO:colcon.colcon_core.shell:Creating environment hook '/home/autretechlab/Documents/GitHub/ATL_WEBOTS_ROS2_bridge/ros2_ws/install/webots_interfaces/share/webots_interfaces/hook/pythonpath.ps1'
[18.355s] INFO:colcon.colcon_core.shell:Creating environment descriptor '/home/autretechlab/Documents/GitHub/ATL_WEBOTS_ROS2_bridge/ros2_ws/install/webots_interfaces/share/webots_interfaces/hook/pythonpath.dsv'
[18.355s] INFO:colcon.colcon_core.shell:Creating environment hook '/home/autretechlab/Documents/GitHub/ATL_WEBOTS_ROS2_bridge/ros2_ws/install/webots_interfaces/share/webots_interfaces/hook/pythonpath.sh'
[18.357s] INFO:colcon.colcon_core.shell:Creating package script '/home/autretechlab/Documents/GitHub/ATL_WEBOTS_ROS2_bridge/ros2_ws/install/webots_interfaces/share/webots_interfaces/package.ps1'
[18.359s] INFO:colcon.colcon_core.shell:Creating package descriptor '/home/autretechlab/Documents/GitHub/ATL_WEBOTS_ROS2_bridge/ros2_ws/install/webots_interfaces/share/webots_interfaces/package.dsv'
[18.360s] INFO:colcon.colcon_core.shell:Creating package script '/home/autretechlab/Documents/GitHub/ATL_WEBOTS_ROS2_bridge/ros2_ws/install/webots_interfaces/share/webots_interfaces/package.sh'
[18.361s] INFO:colcon.colcon_core.shell:Creating package script '/home/autretechlab/Documents/GitHub/ATL_WEBOTS_ROS2_bridge/ros2_ws/install/webots_interfaces/share/webots_interfaces/package.bash'
[18.363s] INFO:colcon.colcon_core.shell:Creating package script '/home/autretechlab/Documents/GitHub/ATL_WEBOTS_ROS2_bridge/ros2_ws/install/webots_interfaces/share/webots_interfaces/package.zsh'
[18.363s] Level 1:colcon.colcon_core.environment:create_file_with_runtime_dependencies(/home/autretechlab/Documents/GitHub/ATL_WEBOTS_ROS2_bridge/ros2_ws/install/webots_interfaces/share/colcon-core/packages/webots_interfaces)
[18.364s] INFO:colcon.colcon_ros.task.ament_python.build:Building ROS package in '/home/autretechlab/Documents/GitHub/ATL_WEBOTS_ROS2_bridge/ros2_ws/src/webots_ros2_bridge_py_pkg' with build type 'ament_python'
[18.365s] Level 1:colcon.colcon_core.shell:create_environment_hook('webots_ros2_bridge_py_pkg', 'ament_prefix_path')
[18.367s] INFO:colcon.colcon_core.shell:Creating environment hook '/home/autretechlab/Documents/GitHub/ATL_WEBOTS_ROS2_bridge/ros2_ws/install/webots_ros2_bridge_py_pkg/share/webots_ros2_bridge_py_pkg/hook/ament_prefix_path.ps1'
[18.371s] INFO:colcon.colcon_core.shell:Creating environment descriptor '/home/autretechlab/Documents/GitHub/ATL_WEBOTS_ROS2_bridge/ros2_ws/install/webots_ros2_bridge_py_pkg/share/webots_ros2_bridge_py_pkg/hook/ament_prefix_path.dsv'
[18.371s] INFO:colcon.colcon_core.shell:Creating environment hook '/home/autretechlab/Documents/GitHub/ATL_WEBOTS_ROS2_bridge/ros2_ws/install/webots_ros2_bridge_py_pkg/share/webots_ros2_bridge_py_pkg/hook/ament_prefix_path.sh'
[18.372s] INFO:colcon.colcon_core.shell:Skip shell extension 'powershell' for command environment: Not usable outside of PowerShell
[18.372s] DEBUG:colcon.colcon_core.shell:Skip shell extension 'dsv' for command environment
[18.386s] DEBUG:colcon.colcon_core.shell:Ignoring prefix path '/opt/ros/foxy'
[19.008s] INFO:colcon.colcon_core.task.python.build:Building Python package in '/home/autretechlab/Documents/GitHub/ATL_WEBOTS_ROS2_bridge/ros2_ws/src/webots_ros2_bridge_py_pkg'
[19.011s] INFO:colcon.colcon_core.shell:Skip shell extension 'powershell' for command environment: Not usable outside of PowerShell
[19.011s] DEBUG:colcon.colcon_core.shell:Skip shell extension 'dsv' for command environment
[19.019s] DEBUG:colcon.colcon_core.shell:Ignoring prefix path '/opt/ros/foxy'
[19.038s] DEBUG:colcon.colcon_core.event_handler.log_command:Invoking command in '/home/autretechlab/Documents/GitHub/ATL_WEBOTS_ROS2_bridge/ros2_ws/src/webots_ros2_bridge_py_pkg': LD_LIBRARY_PATH=/home/autretechlab/Documents/GitHub/ATL_WEBOTS_ROS2_bridge/ros2_ws/install/webots_interfaces/lib:${LD_LIBRARY_PATH} PYTHONPATH=/home/autretechlab/Documents/GitHub/ATL_WEBOTS_ROS2_bridge/ros2_ws/install/webots_ros2_bridge_py_pkg/lib/python3.8/site-packages:/home/autretechlab/Documents/GitHub/ATL_WEBOTS_ROS2_bridge/ros2_ws/install/webots_interfaces/lib/python3.8/site-packages:${PYTHONPATH} /usr/bin/python3 setup.py egg_info --egg-base ../../build/webots_ros2_bridge_py_pkg build --build-base /home/autretechlab/Documents/GitHub/ATL_WEBOTS_ROS2_bridge/ros2_ws/build/webots_ros2_bridge_py_pkg/build install --prefix /home/autretechlab/Documents/GitHub/ATL_WEBOTS_ROS2_bridge/ros2_ws/install/webots_ros2_bridge_py_pkg --record /home/autretechlab/Documents/GitHub/ATL_WEBOTS_ROS2_bridge/ros2_ws/build/webots_ros2_bridge_py_pkg/install.log --single-version-externally-managed
[19.570s] Level 1:colcon.colcon_core.environment:checking '/home/autretechlab/Documents/GitHub/ATL_WEBOTS_ROS2_bridge/ros2_ws/install/webots_ros2_bridge_py_pkg' for CMake module files
[19.571s] DEBUG:colcon.colcon_core.event_handler.log_command:Invoked command in '/home/autretechlab/Documents/GitHub/ATL_WEBOTS_ROS2_bridge/ros2_ws/src/webots_ros2_bridge_py_pkg' returned '0': LD_LIBRARY_PATH=/home/autretechlab/Documents/GitHub/ATL_WEBOTS_ROS2_bridge/ros2_ws/install/webots_interfaces/lib:${LD_LIBRARY_PATH} PYTHONPATH=/home/autretechlab/Documents/GitHub/ATL_WEBOTS_ROS2_bridge/ros2_ws/install/webots_ros2_bridge_py_pkg/lib/python3.8/site-packages:/home/autretechlab/Documents/GitHub/ATL_WEBOTS_ROS2_bridge/ros2_ws/install/webots_interfaces/lib/python3.8/site-packages:${PYTHONPATH} /usr/bin/python3 setup.py egg_info --egg-base ../../build/webots_ros2_bridge_py_pkg build --build-base /home/autretechlab/Documents/GitHub/ATL_WEBOTS_ROS2_bridge/ros2_ws/build/webots_ros2_bridge_py_pkg/build install --prefix /home/autretechlab/Documents/GitHub/ATL_WEBOTS_ROS2_bridge/ros2_ws/install/webots_ros2_bridge_py_pkg --record /home/autretechlab/Documents/GitHub/ATL_WEBOTS_ROS2_bridge/ros2_ws/build/webots_ros2_bridge_py_pkg/install.log --single-version-externally-managed
[19.571s] Level 1:colcon.colcon_core.environment:checking '/home/autretechlab/Documents/GitHub/ATL_WEBOTS_ROS2_bridge/ros2_ws/install/webots_ros2_bridge_py_pkg' for CMake config files
[19.573s] Level 1:colcon.colcon_core.environment:checking '/home/autretechlab/Documents/GitHub/ATL_WEBOTS_ROS2_bridge/ros2_ws/install/webots_ros2_bridge_py_pkg/lib'
[19.574s] Level 1:colcon.colcon_core.environment:checking '/home/autretechlab/Documents/GitHub/ATL_WEBOTS_ROS2_bridge/ros2_ws/install/webots_ros2_bridge_py_pkg/bin'
[19.574s] Level 1:colcon.colcon_core.environment:checking '/home/autretechlab/Documents/GitHub/ATL_WEBOTS_ROS2_bridge/ros2_ws/install/webots_ros2_bridge_py_pkg/lib/pkgconfig/webots_ros2_bridge_py_pkg.pc'
[19.574s] Level 1:colcon.colcon_core.environment:checking '/home/autretechlab/Documents/GitHub/ATL_WEBOTS_ROS2_bridge/ros2_ws/install/webots_ros2_bridge_py_pkg/lib/python3.8/site-packages'
[19.574s] Level 1:colcon.colcon_core.shell:create_environment_hook('webots_ros2_bridge_py_pkg', 'pythonpath')
[19.576s] INFO:colcon.colcon_core.shell:Creating environment hook '/home/autretechlab/Documents/GitHub/ATL_WEBOTS_ROS2_bridge/ros2_ws/install/webots_ros2_bridge_py_pkg/share/webots_ros2_bridge_py_pkg/hook/pythonpath.ps1'
[19.577s] INFO:colcon.colcon_core.shell:Creating environment descriptor '/home/autretechlab/Documents/GitHub/ATL_WEBOTS_ROS2_bridge/ros2_ws/install/webots_ros2_bridge_py_pkg/share/webots_ros2_bridge_py_pkg/hook/pythonpath.dsv'
[19.578s] INFO:colcon.colcon_core.shell:Creating environment hook '/home/autretechlab/Documents/GitHub/ATL_WEBOTS_ROS2_bridge/ros2_ws/install/webots_ros2_bridge_py_pkg/share/webots_ros2_bridge_py_pkg/hook/pythonpath.sh'
[19.579s] Level 1:colcon.colcon_core.environment:create_environment_scripts_only(webots_ros2_bridge_py_pkg)
[19.581s] INFO:colcon.colcon_core.shell:Creating package script '/home/autretechlab/Documents/GitHub/ATL_WEBOTS_ROS2_bridge/ros2_ws/install/webots_ros2_bridge_py_pkg/share/webots_ros2_bridge_py_pkg/package.ps1'
[19.582s] INFO:colcon.colcon_core.shell:Creating package descriptor '/home/autretechlab/Documents/GitHub/ATL_WEBOTS_ROS2_bridge/ros2_ws/install/webots_ros2_bridge_py_pkg/share/webots_ros2_bridge_py_pkg/package.dsv'
[19.583s] INFO:colcon.colcon_core.shell:Creating package script '/home/autretechlab/Documents/GitHub/ATL_WEBOTS_ROS2_bridge/ros2_ws/install/webots_ros2_bridge_py_pkg/share/webots_ros2_bridge_py_pkg/package.sh'
[19.585s] INFO:colcon.colcon_core.shell:Creating package script '/home/autretechlab/Documents/GitHub/ATL_WEBOTS_ROS2_bridge/ros2_ws/install/webots_ros2_bridge_py_pkg/share/webots_ros2_bridge_py_pkg/package.bash'
[19.586s] INFO:colcon.colcon_core.shell:Creating package script '/home/autretechlab/Documents/GitHub/ATL_WEBOTS_ROS2_bridge/ros2_ws/install/webots_ros2_bridge_py_pkg/share/webots_ros2_bridge_py_pkg/package.zsh'
[19.587s] Level 1:colcon.colcon_core.environment:create_file_with_runtime_dependencies(/home/autretechlab/Documents/GitHub/ATL_WEBOTS_ROS2_bridge/ros2_ws/install/webots_ros2_bridge_py_pkg/share/colcon-core/packages/webots_ros2_bridge_py_pkg)
[19.588s] DEBUG:colcon.colcon_parallel_executor.executor.parallel:closing loop
[19.589s] DEBUG:colcon.colcon_parallel_executor.executor.parallel:loop closed
[19.589s] DEBUG:colcon.colcon_parallel_executor.executor.parallel:run_until_complete finished with '0'
[19.589s] DEBUG:colcon.colcon_core.event_reactor:joining thread
[19.619s] INFO:colcon.colcon_core.plugin_system:Skipping extension 'colcon_notification.desktop_notification.terminal_notifier': Not used on non-Darwin systems
[19.620s] INFO:colcon.colcon_core.plugin_system:Skipping extension 'colcon_notification.desktop_notification.win32': Not used on non-Windows systems
[19.620s] INFO:colcon.colcon_notification.desktop_notification:Sending desktop notification using 'notify2'
[19.739s] DEBUG:colcon.colcon_core.event_reactor:joined thread
[19.741s] INFO:colcon.colcon_core.shell:Creating prefix script '/home/autretechlab/Documents/GitHub/ATL_WEBOTS_ROS2_bridge/ros2_ws/install/local_setup.ps1'
[19.743s] INFO:colcon.colcon_core.shell:Creating prefix util module '/home/autretechlab/Documents/GitHub/ATL_WEBOTS_ROS2_bridge/ros2_ws/install/_local_setup_util_ps1.py'
[19.750s] INFO:colcon.colcon_core.shell:Creating prefix chain script '/home/autretechlab/Documents/GitHub/ATL_WEBOTS_ROS2_bridge/ros2_ws/install/setup.ps1'
[19.759s] INFO:colcon.colcon_core.shell:Creating prefix script '/home/autretechlab/Documents/GitHub/ATL_WEBOTS_ROS2_bridge/ros2_ws/install/local_setup.sh'
[19.761s] INFO:colcon.colcon_core.shell:Creating prefix util module '/home/autretechlab/Documents/GitHub/ATL_WEBOTS_ROS2_bridge/ros2_ws/install/_local_setup_util_sh.py'
[19.762s] INFO:colcon.colcon_core.shell:Creating prefix chain script '/home/autretechlab/Documents/GitHub/ATL_WEBOTS_ROS2_bridge/ros2_ws/install/setup.sh'
[19.767s] INFO:colcon.colcon_core.shell:Creating prefix script '/home/autretechlab/Documents/GitHub/ATL_WEBOTS_ROS2_bridge/ros2_ws/install/local_setup.bash'
[19.769s] INFO:colcon.colcon_core.shell:Creating prefix chain script '/home/autretechlab/Documents/GitHub/ATL_WEBOTS_ROS2_bridge/ros2_ws/install/setup.bash'
[19.778s] INFO:colcon.colcon_core.shell:Creating prefix script '/home/autretechlab/Documents/GitHub/ATL_WEBOTS_ROS2_bridge/ros2_ws/install/local_setup.zsh'
[19.780s] INFO:colcon.colcon_core.shell:Creating prefix chain script '/home/autretechlab/Documents/GitHub/ATL_WEBOTS_ROS2_bridge/ros2_ws/install/setup.zsh'
