running egg_info
creating ../../build/webots_ros2_bridge_py_pkg/webots_ros2_bridge_py_pkg.egg-info
writing ../../build/webots_ros2_bridge_py_pkg/webots_ros2_bridge_py_pkg.egg-info/PKG-INFO
writing dependency_links to ../../build/webots_ros2_bridge_py_pkg/webots_ros2_bridge_py_pkg.egg-info/dependency_links.txt
writing entry points to ../../build/webots_ros2_bridge_py_pkg/webots_ros2_bridge_py_pkg.egg-info/entry_points.txt
writing requirements to ../../build/webots_ros2_bridge_py_pkg/webots_ros2_bridge_py_pkg.egg-info/requires.txt
writing top-level names to ../../build/webots_ros2_bridge_py_pkg/webots_ros2_bridge_py_pkg.egg-info/top_level.txt
writing manifest file '../../build/webots_ros2_bridge_py_pkg/webots_ros2_bridge_py_pkg.egg-info/SOURCES.txt'
reading manifest file '../../build/webots_ros2_bridge_py_pkg/webots_ros2_bridge_py_pkg.egg-info/SOURCES.txt'
writing manifest file '../../build/webots_ros2_bridge_py_pkg/webots_ros2_bridge_py_pkg.egg-info/SOURCES.txt'
running build
running build_py
creating /home/autretechlab/Documents/GitHub/ATL_WEBOTS_ROS2_bridge/ros2_ws/build/webots_ros2_bridge_py_pkg/build
creating /home/autretechlab/Documents/GitHub/ATL_WEBOTS_ROS2_bridge/ros2_ws/build/webots_ros2_bridge_py_pkg/build/lib
creating /home/autretechlab/Documents/GitHub/ATL_WEBOTS_ROS2_bridge/ros2_ws/build/webots_ros2_bridge_py_pkg/build/lib/webots_ros2_bridge_py_pkg
copying webots_ros2_bridge_py_pkg/__init__.py -> /home/autretechlab/Documents/GitHub/ATL_WEBOTS_ROS2_bridge/ros2_ws/build/webots_ros2_bridge_py_pkg/build/lib/webots_ros2_bridge_py_pkg
copying webots_ros2_bridge_py_pkg/webots_thymio2_controller_node.py -> /home/autretechlab/Documents/GitHub/ATL_WEBOTS_ROS2_bridge/ros2_ws/build/webots_ros2_bridge_py_pkg/build/lib/webots_ros2_bridge_py_pkg
running install
running install_lib
creating /home/autretechlab/Documents/GitHub/ATL_WEBOTS_ROS2_bridge/ros2_ws/install/webots_ros2_bridge_py_pkg/lib/python3.8/site-packages/webots_ros2_bridge_py_pkg
copying /home/autretechlab/Documents/GitHub/ATL_WEBOTS_ROS2_bridge/ros2_ws/build/webots_ros2_bridge_py_pkg/build/lib/webots_ros2_bridge_py_pkg/__init__.py -> /home/autretechlab/Documents/GitHub/ATL_WEBOTS_ROS2_bridge/ros2_ws/install/webots_ros2_bridge_py_pkg/lib/python3.8/site-packages/webots_ros2_bridge_py_pkg
copying /home/autretechlab/Documents/GitHub/ATL_WEBOTS_ROS2_bridge/ros2_ws/build/webots_ros2_bridge_py_pkg/build/lib/webots_ros2_bridge_py_pkg/webots_thymio2_controller_node.py -> /home/autretechlab/Documents/GitHub/ATL_WEBOTS_ROS2_bridge/ros2_ws/install/webots_ros2_bridge_py_pkg/lib/python3.8/site-packages/webots_ros2_bridge_py_pkg
byte-compiling /home/autretechlab/Documents/GitHub/ATL_WEBOTS_ROS2_bridge/ros2_ws/install/webots_ros2_bridge_py_pkg/lib/python3.8/site-packages/webots_ros2_bridge_py_pkg/__init__.py to __init__.cpython-38.pyc
byte-compiling /home/autretechlab/Documents/GitHub/ATL_WEBOTS_ROS2_bridge/ros2_ws/install/webots_ros2_bridge_py_pkg/lib/python3.8/site-packages/webots_ros2_bridge_py_pkg/webots_thymio2_controller_node.py to webots_thymio2_controller_node.cpython-38.pyc
running install_data
creating /home/autretechlab/Documents/GitHub/ATL_WEBOTS_ROS2_bridge/ros2_ws/install/webots_ros2_bridge_py_pkg/share/ament_index
creating /home/autretechlab/Documents/GitHub/ATL_WEBOTS_ROS2_bridge/ros2_ws/install/webots_ros2_bridge_py_pkg/share/ament_index/resource_index
creating /home/autretechlab/Documents/GitHub/ATL_WEBOTS_ROS2_bridge/ros2_ws/install/webots_ros2_bridge_py_pkg/share/ament_index/resource_index/packages
copying resource/webots_ros2_bridge_py_pkg -> /home/autretechlab/Documents/GitHub/ATL_WEBOTS_ROS2_bridge/ros2_ws/install/webots_ros2_bridge_py_pkg/share/ament_index/resource_index/packages
copying package.xml -> /home/autretechlab/Documents/GitHub/ATL_WEBOTS_ROS2_bridge/ros2_ws/install/webots_ros2_bridge_py_pkg/share/webots_ros2_bridge_py_pkg
running install_egg_info
Copying ../../build/webots_ros2_bridge_py_pkg/webots_ros2_bridge_py_pkg.egg-info to /home/autretechlab/Documents/GitHub/ATL_WEBOTS_ROS2_bridge/ros2_ws/install/webots_ros2_bridge_py_pkg/lib/python3.8/site-packages/webots_ros2_bridge_py_pkg-0.0.1-py3.8.egg-info
running install_scripts
Installing webots_thymio2_controller_node script to /home/autretechlab/Documents/GitHub/ATL_WEBOTS_ROS2_bridge/ros2_ws/install/webots_ros2_bridge_py_pkg/lib/webots_ros2_bridge_py_pkg
writing list of installed files to '/home/autretechlab/Documents/GitHub/ATL_WEBOTS_ROS2_bridge/ros2_ws/build/webots_ros2_bridge_py_pkg/install.log'
