[ 10%] Built target webots_interfaces__rosidl_generator_c
[ 12%] Built target webots_interfaces__cpp
[ 23%] Built target webots_interfaces__rosidl_typesupport_c
[ 34%] Built target webots_interfaces__rosidl_typesupport_cpp
[ 45%] Built target webots_interfaces__rosidl_typesupport_fastrtps_cpp
[ 56%] Built target webots_interfaces__rosidl_typesupport_introspection_c
[ 67%] Built target webots_interfaces__rosidl_typesupport_introspection_cpp
[ 78%] Built target webots_interfaces__rosidl_typesupport_fastrtps_c
[ 78%] Built target webots_interfaces
[ 80%] Built target webots_interfaces__py
[ 89%] Built target webots_interfaces__python
[ 92%] Built target webots_interfaces__rosidl_typesupport_c__pyext
[ 96%] Built target webots_interfaces__rosidl_typesupport_introspection_c__pyext
[100%] Built target webots_interfaces__rosidl_typesupport_fastrtps_c__pyext
-- Install configuration: ""
-- Up-to-date: /home/autretechlab/Documents/GitHub/ATL_WEBOTS_ROS2_bridge/ros2_ws/install/webots_interfaces/share/ament_index/resource_index/rosidl_interfaces/webots_interfaces
-- Up-to-date: /home/autretechlab/Documents/GitHub/ATL_WEBOTS_ROS2_bridge/ros2_ws/install/webots_interfaces/include/webots_interfaces
-- Up-to-date: /home/autretechlab/Documents/GitHub/ATL_WEBOTS_ROS2_bridge/ros2_ws/install/webots_interfaces/include/webots_interfaces/srv
-- Up-to-date: /home/autretechlab/Documents/GitHub/ATL_WEBOTS_ROS2_bridge/ros2_ws/install/webots_interfaces/include/webots_interfaces/srv/webots_thymio2_controller_srv.h
-- Up-to-date: /home/autretechlab/Documents/GitHub/ATL_WEBOTS_ROS2_bridge/ros2_ws/install/webots_interfaces/include/webots_interfaces/srv/webots_thymio2_led_srv.h
-- Up-to-date: /home/autretechlab/Documents/GitHub/ATL_WEBOTS_ROS2_bridge/ros2_ws/install/webots_interfaces/include/webots_interfaces/srv/webots_thymio2_motor_srv.h
-- Up-to-date: /home/autretechlab/Documents/GitHub/ATL_WEBOTS_ROS2_bridge/ros2_ws/install/webots_interfaces/include/webots_interfaces/srv/detail
-- Up-to-date: /home/autretechlab/Documents/GitHub/ATL_WEBOTS_ROS2_bridge/ros2_ws/install/webots_interfaces/include/webots_interfaces/srv/detail/webots_thymio2_controller_srv__functions.h
-- Up-to-date: /home/autretechlab/Documents/GitHub/ATL_WEBOTS_ROS2_bridge/ros2_ws/install/webots_interfaces/include/webots_interfaces/srv/detail/webots_thymio2_motor_srv__struct.h
-- Up-to-date: /home/autretechlab/Documents/GitHub/ATL_WEBOTS_ROS2_bridge/ros2_ws/install/webots_interfaces/include/webots_interfaces/srv/detail/webots_thymio2_motor_srv__functions.h
-- Up-to-date: /home/autretechlab/Documents/GitHub/ATL_WEBOTS_ROS2_bridge/ros2_ws/install/webots_interfaces/include/webots_interfaces/srv/detail/webots_thymio2_motor_srv__type_support.h
-- Up-to-date: /home/autretechlab/Documents/GitHub/ATL_WEBOTS_ROS2_bridge/ros2_ws/install/webots_interfaces/include/webots_interfaces/srv/detail/webots_thymio2_led_srv__type_support.h
-- Up-to-date: /home/autretechlab/Documents/GitHub/ATL_WEBOTS_ROS2_bridge/ros2_ws/install/webots_interfaces/include/webots_interfaces/srv/detail/webots_thymio2_motor_srv__functions.c
-- Up-to-date: /home/autretechlab/Documents/GitHub/ATL_WEBOTS_ROS2_bridge/ros2_ws/install/webots_interfaces/include/webots_interfaces/srv/detail/webots_thymio2_led_srv__struct.h
-- Up-to-date: /home/autretechlab/Documents/GitHub/ATL_WEBOTS_ROS2_bridge/ros2_ws/install/webots_interfaces/include/webots_interfaces/srv/detail/webots_thymio2_controller_srv__type_support.h
-- Up-to-date: /home/autretechlab/Documents/GitHub/ATL_WEBOTS_ROS2_bridge/ros2_ws/install/webots_interfaces/include/webots_interfaces/srv/detail/webots_thymio2_controller_srv__functions.c
-- Up-to-date: /home/autretechlab/Documents/GitHub/ATL_WEBOTS_ROS2_bridge/ros2_ws/install/webots_interfaces/include/webots_interfaces/srv/detail/webots_thymio2_led_srv__functions.c
-- Up-to-date: /home/autretechlab/Documents/GitHub/ATL_WEBOTS_ROS2_bridge/ros2_ws/install/webots_interfaces/include/webots_interfaces/srv/detail/webots_thymio2_controller_srv__struct.h
-- Up-to-date: /home/autretechlab/Documents/GitHub/ATL_WEBOTS_ROS2_bridge/ros2_ws/install/webots_interfaces/include/webots_interfaces/srv/detail/webots_thymio2_led_srv__functions.h
-- Up-to-date: /home/autretechlab/Documents/GitHub/ATL_WEBOTS_ROS2_bridge/ros2_ws/install/webots_interfaces/include/webots_interfaces/msg
-- Up-to-date: /home/autretechlab/Documents/GitHub/ATL_WEBOTS_ROS2_bridge/ros2_ws/install/webots_interfaces/include/webots_interfaces/msg/rosidl_generator_c__visibility_control.h
-- Up-to-date: /home/autretechlab/Documents/GitHub/ATL_WEBOTS_ROS2_bridge/ros2_ws/install/webots_interfaces/include/webots_interfaces/msg/webots_thymio2_controller.h
-- Up-to-date: /home/autretechlab/Documents/GitHub/ATL_WEBOTS_ROS2_bridge/ros2_ws/install/webots_interfaces/include/webots_interfaces/msg/detail
-- Up-to-date: /home/autretechlab/Documents/GitHub/ATL_WEBOTS_ROS2_bridge/ros2_ws/install/webots_interfaces/include/webots_interfaces/msg/detail/webots_thymio2_controller__functions.h
-- Up-to-date: /home/autretechlab/Documents/GitHub/ATL_WEBOTS_ROS2_bridge/ros2_ws/install/webots_interfaces/include/webots_interfaces/msg/detail/webots_thymio2_controller__struct.h
-- Up-to-date: /home/autretechlab/Documents/GitHub/ATL_WEBOTS_ROS2_bridge/ros2_ws/install/webots_interfaces/include/webots_interfaces/msg/detail/webots_thymio2_controller__functions.c
-- Up-to-date: /home/autretechlab/Documents/GitHub/ATL_WEBOTS_ROS2_bridge/ros2_ws/install/webots_interfaces/include/webots_interfaces/msg/detail/webots_thymio2_controller__type_support.h
-- Up-to-date: /home/autretechlab/Documents/GitHub/ATL_WEBOTS_ROS2_bridge/ros2_ws/install/webots_interfaces/share/webots_interfaces/environment/library_path.sh
-- Up-to-date: /home/autretechlab/Documents/GitHub/ATL_WEBOTS_ROS2_bridge/ros2_ws/install/webots_interfaces/share/webots_interfaces/environment/library_path.dsv
-- Up-to-date: /home/autretechlab/Documents/GitHub/ATL_WEBOTS_ROS2_bridge/ros2_ws/install/webots_interfaces/lib/libwebots_interfaces__rosidl_generator_c.so
-- Up-to-date: /home/autretechlab/Documents/GitHub/ATL_WEBOTS_ROS2_bridge/ros2_ws/install/webots_interfaces/include/webots_interfaces
-- Up-to-date: /home/autretechlab/Documents/GitHub/ATL_WEBOTS_ROS2_bridge/ros2_ws/install/webots_interfaces/include/webots_interfaces/srv
-- Up-to-date: /home/autretechlab/Documents/GitHub/ATL_WEBOTS_ROS2_bridge/ros2_ws/install/webots_interfaces/include/webots_interfaces/srv/detail
-- Up-to-date: /home/autretechlab/Documents/GitHub/ATL_WEBOTS_ROS2_bridge/ros2_ws/install/webots_interfaces/include/webots_interfaces/srv/detail/webots_thymio2_led_srv__rosidl_typesupport_fastrtps_c.h
-- Up-to-date: /home/autretechlab/Documents/GitHub/ATL_WEBOTS_ROS2_bridge/ros2_ws/install/webots_interfaces/include/webots_interfaces/srv/detail/webots_thymio2_controller_srv__rosidl_typesupport_fastrtps_c.h
-- Up-to-date: /home/autretechlab/Documents/GitHub/ATL_WEBOTS_ROS2_bridge/ros2_ws/install/webots_interfaces/include/webots_interfaces/srv/detail/webots_thymio2_motor_srv__rosidl_typesupport_fastrtps_c.h
-- Up-to-date: /home/autretechlab/Documents/GitHub/ATL_WEBOTS_ROS2_bridge/ros2_ws/install/webots_interfaces/include/webots_interfaces/msg
-- Up-to-date: /home/autretechlab/Documents/GitHub/ATL_WEBOTS_ROS2_bridge/ros2_ws/install/webots_interfaces/include/webots_interfaces/msg/rosidl_typesupport_fastrtps_c__visibility_control.h
-- Up-to-date: /home/autretechlab/Documents/GitHub/ATL_WEBOTS_ROS2_bridge/ros2_ws/install/webots_interfaces/include/webots_interfaces/msg/detail
-- Up-to-date: /home/autretechlab/Documents/GitHub/ATL_WEBOTS_ROS2_bridge/ros2_ws/install/webots_interfaces/include/webots_interfaces/msg/detail/webots_thymio2_controller__rosidl_typesupport_fastrtps_c.h
-- Up-to-date: /home/autretechlab/Documents/GitHub/ATL_WEBOTS_ROS2_bridge/ros2_ws/install/webots_interfaces/lib/libwebots_interfaces__rosidl_typesupport_fastrtps_c.so
-- Up-to-date: /home/autretechlab/Documents/GitHub/ATL_WEBOTS_ROS2_bridge/ros2_ws/install/webots_interfaces/include/webots_interfaces
-- Up-to-date: /home/autretechlab/Documents/GitHub/ATL_WEBOTS_ROS2_bridge/ros2_ws/install/webots_interfaces/include/webots_interfaces/srv
-- Up-to-date: /home/autretechlab/Documents/GitHub/ATL_WEBOTS_ROS2_bridge/ros2_ws/install/webots_interfaces/include/webots_interfaces/srv/detail
-- Up-to-date: /home/autretechlab/Documents/GitHub/ATL_WEBOTS_ROS2_bridge/ros2_ws/install/webots_interfaces/include/webots_interfaces/srv/detail/dds_fastrtps
-- Up-to-date: /home/autretechlab/Documents/GitHub/ATL_WEBOTS_ROS2_bridge/ros2_ws/install/webots_interfaces/include/webots_interfaces/srv/detail/webots_thymio2_controller_srv__rosidl_typesupport_fastrtps_cpp.hpp
-- Up-to-date: /home/autretechlab/Documents/GitHub/ATL_WEBOTS_ROS2_bridge/ros2_ws/install/webots_interfaces/include/webots_interfaces/srv/detail/webots_thymio2_motor_srv__rosidl_typesupport_fastrtps_cpp.hpp
-- Up-to-date: /home/autretechlab/Documents/GitHub/ATL_WEBOTS_ROS2_bridge/ros2_ws/install/webots_interfaces/include/webots_interfaces/srv/detail/webots_thymio2_led_srv__rosidl_typesupport_fastrtps_cpp.hpp
-- Up-to-date: /home/autretechlab/Documents/GitHub/ATL_WEBOTS_ROS2_bridge/ros2_ws/install/webots_interfaces/include/webots_interfaces/msg
-- Up-to-date: /home/autretechlab/Documents/GitHub/ATL_WEBOTS_ROS2_bridge/ros2_ws/install/webots_interfaces/include/webots_interfaces/msg/rosidl_typesupport_fastrtps_cpp__visibility_control.h
-- Up-to-date: /home/autretechlab/Documents/GitHub/ATL_WEBOTS_ROS2_bridge/ros2_ws/install/webots_interfaces/include/webots_interfaces/msg/detail
-- Up-to-date: /home/autretechlab/Documents/GitHub/ATL_WEBOTS_ROS2_bridge/ros2_ws/install/webots_interfaces/include/webots_interfaces/msg/detail/webots_thymio2_controller__rosidl_typesupport_fastrtps_cpp.hpp
-- Up-to-date: /home/autretechlab/Documents/GitHub/ATL_WEBOTS_ROS2_bridge/ros2_ws/install/webots_interfaces/include/webots_interfaces/msg/detail/dds_fastrtps
-- Up-to-date: /home/autretechlab/Documents/GitHub/ATL_WEBOTS_ROS2_bridge/ros2_ws/install/webots_interfaces/lib/libwebots_interfaces__rosidl_typesupport_fastrtps_cpp.so
-- Up-to-date: /home/autretechlab/Documents/GitHub/ATL_WEBOTS_ROS2_bridge/ros2_ws/install/webots_interfaces/include/webots_interfaces
-- Up-to-date: /home/autretechlab/Documents/GitHub/ATL_WEBOTS_ROS2_bridge/ros2_ws/install/webots_interfaces/include/webots_interfaces/srv
-- Up-to-date: /home/autretechlab/Documents/GitHub/ATL_WEBOTS_ROS2_bridge/ros2_ws/install/webots_interfaces/include/webots_interfaces/srv/detail
-- Up-to-date: /home/autretechlab/Documents/GitHub/ATL_WEBOTS_ROS2_bridge/ros2_ws/install/webots_interfaces/include/webots_interfaces/srv/detail/webots_thymio2_led_srv__rosidl_typesupport_introspection_c.h
-- Up-to-date: /home/autretechlab/Documents/GitHub/ATL_WEBOTS_ROS2_bridge/ros2_ws/install/webots_interfaces/include/webots_interfaces/srv/detail/webots_thymio2_led_srv__type_support.c
-- Up-to-date: /home/autretechlab/Documents/GitHub/ATL_WEBOTS_ROS2_bridge/ros2_ws/install/webots_interfaces/include/webots_interfaces/srv/detail/webots_thymio2_controller_srv__type_support.c
-- Up-to-date: /home/autretechlab/Documents/GitHub/ATL_WEBOTS_ROS2_bridge/ros2_ws/install/webots_interfaces/include/webots_interfaces/srv/detail/webots_thymio2_motor_srv__rosidl_typesupport_introspection_c.h
-- Up-to-date: /home/autretechlab/Documents/GitHub/ATL_WEBOTS_ROS2_bridge/ros2_ws/install/webots_interfaces/include/webots_interfaces/srv/detail/webots_thymio2_motor_srv__type_support.c
-- Up-to-date: /home/autretechlab/Documents/GitHub/ATL_WEBOTS_ROS2_bridge/ros2_ws/install/webots_interfaces/include/webots_interfaces/srv/detail/webots_thymio2_controller_srv__rosidl_typesupport_introspection_c.h
-- Up-to-date: /home/autretechlab/Documents/GitHub/ATL_WEBOTS_ROS2_bridge/ros2_ws/install/webots_interfaces/include/webots_interfaces/msg
-- Up-to-date: /home/autretechlab/Documents/GitHub/ATL_WEBOTS_ROS2_bridge/ros2_ws/install/webots_interfaces/include/webots_interfaces/msg/rosidl_typesupport_introspection_c__visibility_control.h
-- Up-to-date: /home/autretechlab/Documents/GitHub/ATL_WEBOTS_ROS2_bridge/ros2_ws/install/webots_interfaces/include/webots_interfaces/msg/detail
-- Up-to-date: /home/autretechlab/Documents/GitHub/ATL_WEBOTS_ROS2_bridge/ros2_ws/install/webots_interfaces/include/webots_interfaces/msg/detail/webots_thymio2_controller__rosidl_typesupport_introspection_c.h
-- Up-to-date: /home/autretechlab/Documents/GitHub/ATL_WEBOTS_ROS2_bridge/ros2_ws/install/webots_interfaces/include/webots_interfaces/msg/detail/webots_thymio2_controller__type_support.c
-- Up-to-date: /home/autretechlab/Documents/GitHub/ATL_WEBOTS_ROS2_bridge/ros2_ws/install/webots_interfaces/lib/libwebots_interfaces__rosidl_typesupport_introspection_c.so
-- Up-to-date: /home/autretechlab/Documents/GitHub/ATL_WEBOTS_ROS2_bridge/ros2_ws/install/webots_interfaces/lib/libwebots_interfaces__rosidl_typesupport_c.so
-- Up-to-date: /home/autretechlab/Documents/GitHub/ATL_WEBOTS_ROS2_bridge/ros2_ws/install/webots_interfaces/include/webots_interfaces
-- Up-to-date: /home/autretechlab/Documents/GitHub/ATL_WEBOTS_ROS2_bridge/ros2_ws/install/webots_interfaces/include/webots_interfaces/srv
-- Up-to-date: /home/autretechlab/Documents/GitHub/ATL_WEBOTS_ROS2_bridge/ros2_ws/install/webots_interfaces/include/webots_interfaces/srv/webots_thymio2_led_srv.hpp
-- Up-to-date: /home/autretechlab/Documents/GitHub/ATL_WEBOTS_ROS2_bridge/ros2_ws/install/webots_interfaces/include/webots_interfaces/srv/webots_thymio2_motor_srv.hpp
-- Up-to-date: /home/autretechlab/Documents/GitHub/ATL_WEBOTS_ROS2_bridge/ros2_ws/install/webots_interfaces/include/webots_interfaces/srv/webots_thymio2_controller_srv.hpp
-- Up-to-date: /home/autretechlab/Documents/GitHub/ATL_WEBOTS_ROS2_bridge/ros2_ws/install/webots_interfaces/include/webots_interfaces/srv/detail
-- Up-to-date: /home/autretechlab/Documents/GitHub/ATL_WEBOTS_ROS2_bridge/ros2_ws/install/webots_interfaces/include/webots_interfaces/srv/detail/webots_thymio2_motor_srv__traits.hpp
-- Up-to-date: /home/autretechlab/Documents/GitHub/ATL_WEBOTS_ROS2_bridge/ros2_ws/install/webots_interfaces/include/webots_interfaces/srv/detail/webots_thymio2_controller_srv__struct.hpp
-- Up-to-date: /home/autretechlab/Documents/GitHub/ATL_WEBOTS_ROS2_bridge/ros2_ws/install/webots_interfaces/include/webots_interfaces/srv/detail/webots_thymio2_led_srv__struct.hpp
-- Up-to-date: /home/autretechlab/Documents/GitHub/ATL_WEBOTS_ROS2_bridge/ros2_ws/install/webots_interfaces/include/webots_interfaces/srv/detail/webots_thymio2_controller_srv__traits.hpp
-- Up-to-date: /home/autretechlab/Documents/GitHub/ATL_WEBOTS_ROS2_bridge/ros2_ws/install/webots_interfaces/include/webots_interfaces/srv/detail/webots_thymio2_led_srv__traits.hpp
-- Up-to-date: /home/autretechlab/Documents/GitHub/ATL_WEBOTS_ROS2_bridge/ros2_ws/install/webots_interfaces/include/webots_interfaces/srv/detail/webots_thymio2_motor_srv__builder.hpp
-- Up-to-date: /home/autretechlab/Documents/GitHub/ATL_WEBOTS_ROS2_bridge/ros2_ws/install/webots_interfaces/include/webots_interfaces/srv/detail/webots_thymio2_controller_srv__builder.hpp
-- Up-to-date: /home/autretechlab/Documents/GitHub/ATL_WEBOTS_ROS2_bridge/ros2_ws/install/webots_interfaces/include/webots_interfaces/srv/detail/webots_thymio2_motor_srv__struct.hpp
-- Up-to-date: /home/autretechlab/Documents/GitHub/ATL_WEBOTS_ROS2_bridge/ros2_ws/install/webots_interfaces/include/webots_interfaces/srv/detail/webots_thymio2_led_srv__builder.hpp
-- Up-to-date: /home/autretechlab/Documents/GitHub/ATL_WEBOTS_ROS2_bridge/ros2_ws/install/webots_interfaces/include/webots_interfaces/msg
-- Up-to-date: /home/autretechlab/Documents/GitHub/ATL_WEBOTS_ROS2_bridge/ros2_ws/install/webots_interfaces/include/webots_interfaces/msg/webots_thymio2_controller.hpp
-- Up-to-date: /home/autretechlab/Documents/GitHub/ATL_WEBOTS_ROS2_bridge/ros2_ws/install/webots_interfaces/include/webots_interfaces/msg/detail
-- Up-to-date: /home/autretechlab/Documents/GitHub/ATL_WEBOTS_ROS2_bridge/ros2_ws/install/webots_interfaces/include/webots_interfaces/msg/detail/webots_thymio2_controller__struct.hpp
-- Up-to-date: /home/autretechlab/Documents/GitHub/ATL_WEBOTS_ROS2_bridge/ros2_ws/install/webots_interfaces/include/webots_interfaces/msg/detail/webots_thymio2_controller__builder.hpp
-- Up-to-date: /home/autretechlab/Documents/GitHub/ATL_WEBOTS_ROS2_bridge/ros2_ws/install/webots_interfaces/include/webots_interfaces/msg/detail/webots_thymio2_controller__traits.hpp
-- Up-to-date: /home/autretechlab/Documents/GitHub/ATL_WEBOTS_ROS2_bridge/ros2_ws/install/webots_interfaces/include/webots_interfaces
-- Up-to-date: /home/autretechlab/Documents/GitHub/ATL_WEBOTS_ROS2_bridge/ros2_ws/install/webots_interfaces/include/webots_interfaces/srv
-- Up-to-date: /home/autretechlab/Documents/GitHub/ATL_WEBOTS_ROS2_bridge/ros2_ws/install/webots_interfaces/include/webots_interfaces/srv/detail
-- Up-to-date: /home/autretechlab/Documents/GitHub/ATL_WEBOTS_ROS2_bridge/ros2_ws/install/webots_interfaces/include/webots_interfaces/srv/detail/webots_thymio2_controller_srv__type_support.cpp
-- Up-to-date: /home/autretechlab/Documents/GitHub/ATL_WEBOTS_ROS2_bridge/ros2_ws/install/webots_interfaces/include/webots_interfaces/srv/detail/webots_thymio2_led_srv__type_support.cpp
-- Up-to-date: /home/autretechlab/Documents/GitHub/ATL_WEBOTS_ROS2_bridge/ros2_ws/install/webots_interfaces/include/webots_interfaces/srv/detail/webots_thymio2_controller_srv__rosidl_typesupport_introspection_cpp.hpp
-- Up-to-date: /home/autretechlab/Documents/GitHub/ATL_WEBOTS_ROS2_bridge/ros2_ws/install/webots_interfaces/include/webots_interfaces/srv/detail/webots_thymio2_led_srv__rosidl_typesupport_introspection_cpp.hpp
-- Up-to-date: /home/autretechlab/Documents/GitHub/ATL_WEBOTS_ROS2_bridge/ros2_ws/install/webots_interfaces/include/webots_interfaces/srv/detail/webots_thymio2_motor_srv__type_support.cpp
-- Up-to-date: /home/autretechlab/Documents/GitHub/ATL_WEBOTS_ROS2_bridge/ros2_ws/install/webots_interfaces/include/webots_interfaces/srv/detail/webots_thymio2_motor_srv__rosidl_typesupport_introspection_cpp.hpp
-- Up-to-date: /home/autretechlab/Documents/GitHub/ATL_WEBOTS_ROS2_bridge/ros2_ws/install/webots_interfaces/include/webots_interfaces/msg
-- Up-to-date: /home/autretechlab/Documents/GitHub/ATL_WEBOTS_ROS2_bridge/ros2_ws/install/webots_interfaces/include/webots_interfaces/msg/detail
-- Up-to-date: /home/autretechlab/Documents/GitHub/ATL_WEBOTS_ROS2_bridge/ros2_ws/install/webots_interfaces/include/webots_interfaces/msg/detail/webots_thymio2_controller__type_support.cpp
-- Up-to-date: /home/autretechlab/Documents/GitHub/ATL_WEBOTS_ROS2_bridge/ros2_ws/install/webots_interfaces/include/webots_interfaces/msg/detail/webots_thymio2_controller__rosidl_typesupport_introspection_cpp.hpp
-- Up-to-date: /home/autretechlab/Documents/GitHub/ATL_WEBOTS_ROS2_bridge/ros2_ws/install/webots_interfaces/lib/libwebots_interfaces__rosidl_typesupport_introspection_cpp.so
-- Up-to-date: /home/autretechlab/Documents/GitHub/ATL_WEBOTS_ROS2_bridge/ros2_ws/install/webots_interfaces/lib/libwebots_interfaces__rosidl_typesupport_cpp.so
-- Up-to-date: /home/autretechlab/Documents/GitHub/ATL_WEBOTS_ROS2_bridge/ros2_ws/install/webots_interfaces/share/webots_interfaces/environment/pythonpath.sh
-- Up-to-date: /home/autretechlab/Documents/GitHub/ATL_WEBOTS_ROS2_bridge/ros2_ws/install/webots_interfaces/share/webots_interfaces/environment/pythonpath.dsv
-- Up-to-date: /home/autretechlab/Documents/GitHub/ATL_WEBOTS_ROS2_bridge/ros2_ws/install/webots_interfaces/lib/python3.8/site-packages/webots_interfaces/__init__.py
-- Up-to-date: /home/autretechlab/Documents/GitHub/ATL_WEBOTS_ROS2_bridge/ros2_ws/install/webots_interfaces/lib/python3.8/site-packages/webots_interfaces/msg
-- Up-to-date: /home/autretechlab/Documents/GitHub/ATL_WEBOTS_ROS2_bridge/ros2_ws/install/webots_interfaces/lib/python3.8/site-packages/webots_interfaces/msg/__init__.py
-- Up-to-date: /home/autretechlab/Documents/GitHub/ATL_WEBOTS_ROS2_bridge/ros2_ws/install/webots_interfaces/lib/python3.8/site-packages/webots_interfaces/msg/_webots_thymio2_controller_s.c
-- Up-to-date: /home/autretechlab/Documents/GitHub/ATL_WEBOTS_ROS2_bridge/ros2_ws/install/webots_interfaces/lib/python3.8/site-packages/webots_interfaces/msg/_webots_thymio2_controller.py
-- Up-to-date: /home/autretechlab/Documents/GitHub/ATL_WEBOTS_ROS2_bridge/ros2_ws/install/webots_interfaces/lib/python3.8/site-packages/webots_interfaces/srv
-- Up-to-date: /home/autretechlab/Documents/GitHub/ATL_WEBOTS_ROS2_bridge/ros2_ws/install/webots_interfaces/lib/python3.8/site-packages/webots_interfaces/srv/__init__.py
-- Up-to-date: /home/autretechlab/Documents/GitHub/ATL_WEBOTS_ROS2_bridge/ros2_ws/install/webots_interfaces/lib/python3.8/site-packages/webots_interfaces/srv/_webots_thymio2_motor_srv_s.c
-- Up-to-date: /home/autretechlab/Documents/GitHub/ATL_WEBOTS_ROS2_bridge/ros2_ws/install/webots_interfaces/lib/python3.8/site-packages/webots_interfaces/srv/_webots_thymio2_controller_srv.py
-- Up-to-date: /home/autretechlab/Documents/GitHub/ATL_WEBOTS_ROS2_bridge/ros2_ws/install/webots_interfaces/lib/python3.8/site-packages/webots_interfaces/srv/_webots_thymio2_controller_srv_s.c
-- Up-to-date: /home/autretechlab/Documents/GitHub/ATL_WEBOTS_ROS2_bridge/ros2_ws/install/webots_interfaces/lib/python3.8/site-packages/webots_interfaces/srv/_webots_thymio2_led_srv_s.c
-- Up-to-date: /home/autretechlab/Documents/GitHub/ATL_WEBOTS_ROS2_bridge/ros2_ws/install/webots_interfaces/lib/python3.8/site-packages/webots_interfaces/srv/_webots_thymio2_led_srv.py
-- Up-to-date: /home/autretechlab/Documents/GitHub/ATL_WEBOTS_ROS2_bridge/ros2_ws/install/webots_interfaces/lib/python3.8/site-packages/webots_interfaces/srv/_webots_thymio2_motor_srv.py
-- Up-to-date: /home/autretechlab/Documents/GitHub/ATL_WEBOTS_ROS2_bridge/ros2_ws/install/webots_interfaces/lib/python3.8/site-packages/webots_interfaces/webots_interfaces_s__rosidl_typesupport_fastrtps_c.cpython-38-x86_64-linux-gnu.so
-- Up-to-date: /home/autretechlab/Documents/GitHub/ATL_WEBOTS_ROS2_bridge/ros2_ws/install/webots_interfaces/lib/python3.8/site-packages/webots_interfaces/webots_interfaces_s__rosidl_typesupport_introspection_c.cpython-38-x86_64-linux-gnu.so
-- Up-to-date: /home/autretechlab/Documents/GitHub/ATL_WEBOTS_ROS2_bridge/ros2_ws/install/webots_interfaces/lib/python3.8/site-packages/webots_interfaces/webots_interfaces_s__rosidl_typesupport_c.cpython-38-x86_64-linux-gnu.so
-- Up-to-date: /home/autretechlab/Documents/GitHub/ATL_WEBOTS_ROS2_bridge/ros2_ws/install/webots_interfaces/lib/libwebots_interfaces__python.so
-- Up-to-date: /home/autretechlab/Documents/GitHub/ATL_WEBOTS_ROS2_bridge/ros2_ws/install/webots_interfaces/share/webots_interfaces/msg/WebotsThymio2Controller.idl
-- Up-to-date: /home/autretechlab/Documents/GitHub/ATL_WEBOTS_ROS2_bridge/ros2_ws/install/webots_interfaces/share/webots_interfaces/srv/WebotsThymio2ControllerSrv.idl
-- Up-to-date: /home/autretechlab/Documents/GitHub/ATL_WEBOTS_ROS2_bridge/ros2_ws/install/webots_interfaces/share/webots_interfaces/srv/WebotsThymio2MotorSrv.idl
-- Up-to-date: /home/autretechlab/Documents/GitHub/ATL_WEBOTS_ROS2_bridge/ros2_ws/install/webots_interfaces/share/webots_interfaces/srv/WebotsThymio2LEDSrv.idl
-- Up-to-date: /home/autretechlab/Documents/GitHub/ATL_WEBOTS_ROS2_bridge/ros2_ws/install/webots_interfaces/share/webots_interfaces/msg/WebotsThymio2Controller.msg
-- Up-to-date: /home/autretechlab/Documents/GitHub/ATL_WEBOTS_ROS2_bridge/ros2_ws/install/webots_interfaces/share/webots_interfaces/srv/WebotsThymio2ControllerSrv.srv
-- Up-to-date: /home/autretechlab/Documents/GitHub/ATL_WEBOTS_ROS2_bridge/ros2_ws/install/webots_interfaces/share/webots_interfaces/srv/WebotsThymio2ControllerSrv_Request.msg
-- Up-to-date: /home/autretechlab/Documents/GitHub/ATL_WEBOTS_ROS2_bridge/ros2_ws/install/webots_interfaces/share/webots_interfaces/srv/WebotsThymio2ControllerSrv_Response.msg
-- Up-to-date: /home/autretechlab/Documents/GitHub/ATL_WEBOTS_ROS2_bridge/ros2_ws/install/webots_interfaces/share/webots_interfaces/srv/WebotsThymio2MotorSrv.srv
-- Up-to-date: /home/autretechlab/Documents/GitHub/ATL_WEBOTS_ROS2_bridge/ros2_ws/install/webots_interfaces/share/webots_interfaces/srv/WebotsThymio2MotorSrv_Request.msg
-- Up-to-date: /home/autretechlab/Documents/GitHub/ATL_WEBOTS_ROS2_bridge/ros2_ws/install/webots_interfaces/share/webots_interfaces/srv/WebotsThymio2MotorSrv_Response.msg
-- Up-to-date: /home/autretechlab/Documents/GitHub/ATL_WEBOTS_ROS2_bridge/ros2_ws/install/webots_interfaces/share/webots_interfaces/srv/WebotsThymio2LEDSrv.srv
-- Up-to-date: /home/autretechlab/Documents/GitHub/ATL_WEBOTS_ROS2_bridge/ros2_ws/install/webots_interfaces/share/webots_interfaces/srv/WebotsThymio2LEDSrv_Request.msg
-- Up-to-date: /home/autretechlab/Documents/GitHub/ATL_WEBOTS_ROS2_bridge/ros2_ws/install/webots_interfaces/share/webots_interfaces/srv/WebotsThymio2LEDSrv_Response.msg
-- Up-to-date: /home/autretechlab/Documents/GitHub/ATL_WEBOTS_ROS2_bridge/ros2_ws/install/webots_interfaces/share/ament_index/resource_index/package_run_dependencies/webots_interfaces
-- Up-to-date: /home/autretechlab/Documents/GitHub/ATL_WEBOTS_ROS2_bridge/ros2_ws/install/webots_interfaces/share/ament_index/resource_index/parent_prefix_path/webots_interfaces
-- Up-to-date: /home/autretechlab/Documents/GitHub/ATL_WEBOTS_ROS2_bridge/ros2_ws/install/webots_interfaces/share/webots_interfaces/environment/ament_prefix_path.sh
-- Up-to-date: /home/autretechlab/Documents/GitHub/ATL_WEBOTS_ROS2_bridge/ros2_ws/install/webots_interfaces/share/webots_interfaces/environment/ament_prefix_path.dsv
-- Up-to-date: /home/autretechlab/Documents/GitHub/ATL_WEBOTS_ROS2_bridge/ros2_ws/install/webots_interfaces/share/webots_interfaces/environment/path.sh
-- Up-to-date: /home/autretechlab/Documents/GitHub/ATL_WEBOTS_ROS2_bridge/ros2_ws/install/webots_interfaces/share/webots_interfaces/environment/path.dsv
-- Up-to-date: /home/autretechlab/Documents/GitHub/ATL_WEBOTS_ROS2_bridge/ros2_ws/install/webots_interfaces/share/webots_interfaces/local_setup.bash
-- Up-to-date: /home/autretechlab/Documents/GitHub/ATL_WEBOTS_ROS2_bridge/ros2_ws/install/webots_interfaces/share/webots_interfaces/local_setup.sh
-- Up-to-date: /home/autretechlab/Documents/GitHub/ATL_WEBOTS_ROS2_bridge/ros2_ws/install/webots_interfaces/share/webots_interfaces/local_setup.zsh
-- Up-to-date: /home/autretechlab/Documents/GitHub/ATL_WEBOTS_ROS2_bridge/ros2_ws/install/webots_interfaces/share/webots_interfaces/local_setup.dsv
-- Installing: /home/autretechlab/Documents/GitHub/ATL_WEBOTS_ROS2_bridge/ros2_ws/install/webots_interfaces/share/webots_interfaces/package.dsv
-- Up-to-date: /home/autretechlab/Documents/GitHub/ATL_WEBOTS_ROS2_bridge/ros2_ws/install/webots_interfaces/share/ament_index/resource_index/packages/webots_interfaces
-- Up-to-date: /home/autretechlab/Documents/GitHub/ATL_WEBOTS_ROS2_bridge/ros2_ws/install/webots_interfaces/share/webots_interfaces/cmake/webots_interfaces__rosidl_generator_cExport.cmake
-- Up-to-date: /home/autretechlab/Documents/GitHub/ATL_WEBOTS_ROS2_bridge/ros2_ws/install/webots_interfaces/share/webots_interfaces/cmake/webots_interfaces__rosidl_generator_cExport-noconfig.cmake
-- Up-to-date: /home/autretechlab/Documents/GitHub/ATL_WEBOTS_ROS2_bridge/ros2_ws/install/webots_interfaces/share/webots_interfaces/cmake/webots_interfaces__rosidl_typesupport_introspection_cExport.cmake
-- Up-to-date: /home/autretechlab/Documents/GitHub/ATL_WEBOTS_ROS2_bridge/ros2_ws/install/webots_interfaces/share/webots_interfaces/cmake/webots_interfaces__rosidl_typesupport_introspection_cExport-noconfig.cmake
-- Up-to-date: /home/autretechlab/Documents/GitHub/ATL_WEBOTS_ROS2_bridge/ros2_ws/install/webots_interfaces/share/webots_interfaces/cmake/webots_interfaces__rosidl_typesupport_cExport.cmake
-- Up-to-date: /home/autretechlab/Documents/GitHub/ATL_WEBOTS_ROS2_bridge/ros2_ws/install/webots_interfaces/share/webots_interfaces/cmake/webots_interfaces__rosidl_typesupport_cExport-noconfig.cmake
-- Up-to-date: /home/autretechlab/Documents/GitHub/ATL_WEBOTS_ROS2_bridge/ros2_ws/install/webots_interfaces/share/webots_interfaces/cmake/webots_interfaces__rosidl_generator_cppExport.cmake
-- Up-to-date: /home/autretechlab/Documents/GitHub/ATL_WEBOTS_ROS2_bridge/ros2_ws/install/webots_interfaces/share/webots_interfaces/cmake/webots_interfaces__rosidl_typesupport_introspection_cppExport.cmake
-- Up-to-date: /home/autretechlab/Documents/GitHub/ATL_WEBOTS_ROS2_bridge/ros2_ws/install/webots_interfaces/share/webots_interfaces/cmake/webots_interfaces__rosidl_typesupport_introspection_cppExport-noconfig.cmake
-- Up-to-date: /home/autretechlab/Documents/GitHub/ATL_WEBOTS_ROS2_bridge/ros2_ws/install/webots_interfaces/share/webots_interfaces/cmake/webots_interfaces__rosidl_typesupport_cppExport.cmake
-- Up-to-date: /home/autretechlab/Documents/GitHub/ATL_WEBOTS_ROS2_bridge/ros2_ws/install/webots_interfaces/share/webots_interfaces/cmake/webots_interfaces__rosidl_typesupport_cppExport-noconfig.cmake
-- Up-to-date: /home/autretechlab/Documents/GitHub/ATL_WEBOTS_ROS2_bridge/ros2_ws/install/webots_interfaces/share/webots_interfaces/cmake/rosidl_cmake-extras.cmake
-- Up-to-date: /home/autretechlab/Documents/GitHub/ATL_WEBOTS_ROS2_bridge/ros2_ws/install/webots_interfaces/share/webots_interfaces/cmake/ament_cmake_export_dependencies-extras.cmake
-- Up-to-date: /home/autretechlab/Documents/GitHub/ATL_WEBOTS_ROS2_bridge/ros2_ws/install/webots_interfaces/share/webots_interfaces/cmake/ament_cmake_export_libraries-extras.cmake
-- Up-to-date: /home/autretechlab/Documents/GitHub/ATL_WEBOTS_ROS2_bridge/ros2_ws/install/webots_interfaces/share/webots_interfaces/cmake/ament_cmake_export_targets-extras.cmake
-- Up-to-date: /home/autretechlab/Documents/GitHub/ATL_WEBOTS_ROS2_bridge/ros2_ws/install/webots_interfaces/share/webots_interfaces/cmake/ament_cmake_export_include_directories-extras.cmake
-- Up-to-date: /home/autretechlab/Documents/GitHub/ATL_WEBOTS_ROS2_bridge/ros2_ws/install/webots_interfaces/share/webots_interfaces/cmake/rosidl_cmake_export_typesupport_libraries-extras.cmake
-- Up-to-date: /home/autretechlab/Documents/GitHub/ATL_WEBOTS_ROS2_bridge/ros2_ws/install/webots_interfaces/share/webots_interfaces/cmake/rosidl_cmake_export_typesupport_targets-extras.cmake
-- Up-to-date: /home/autretechlab/Documents/GitHub/ATL_WEBOTS_ROS2_bridge/ros2_ws/install/webots_interfaces/share/webots_interfaces/cmake/webots_interfacesConfig.cmake
-- Up-to-date: /home/autretechlab/Documents/GitHub/ATL_WEBOTS_ROS2_bridge/ros2_ws/install/webots_interfaces/share/webots_interfaces/cmake/webots_interfacesConfig-version.cmake
-- Up-to-date: /home/autretechlab/Documents/GitHub/ATL_WEBOTS_ROS2_bridge/ros2_ws/install/webots_interfaces/share/webots_interfaces/package.xml
