[0.039s] Invoking command in '/home/autretechlab/Documents/GitHub/ATL_WEBOTS_ROS2_bridge/ros2_ws/build/webots_interfaces': CMAKE_PREFIX_PATH=${CMAKE_PREFIX_PATH}:/home/autretechlab/Documents/GitHub/ATL_WEBOTS_ROS2_bridge/ros2_ws/install/webots_ros2_bridge_py_pkg:/home/autretechlab/Documents/GitHub/ATL_Robotics_IDE/ros2_ws/install/atl_blockly_ide_py_pkg:/home/autretechlab/Documents/GitHub/ATL_ThymioII_ROS2_bridge/install/thymio2_ros2_tutorials_py_pkg:/home/autretechlab/Documents/GitHub/ATL_ThymioII_ROS2_bridge/install/thymio2_ros2_bridge_py_pkg:/home/autretechlab/Documents/GitHub/ATL_ThymioII_ROS2_bridge/install/thymio2_ROS2_bridge_py_pkg:/opt/ros/foxy /usr/bin/cmake --build /home/autretechlab/Documents/GitHub/ATL_WEBOTS_ROS2_bridge/ros2_ws/build/webots_interfaces -- -j4 -l4
[0.149s] [ 10%] Built target webots_interfaces__rosidl_generator_c
[0.149s] [ 12%] Built target webots_interfaces__cpp
[0.192s] [ 23%] Built target webots_interfaces__rosidl_typesupport_c
[0.205s] [ 34%] Built target webots_interfaces__rosidl_typesupport_cpp
[0.218s] [ 45%] Built target webots_interfaces__rosidl_typesupport_fastrtps_cpp
[0.228s] [ 56%] Built target webots_interfaces__rosidl_typesupport_introspection_c
[0.248s] [ 67%] Built target webots_interfaces__rosidl_typesupport_introspection_cpp
[0.268s] [ 78%] Built target webots_interfaces__rosidl_typesupport_fastrtps_c
[0.302s] [ 78%] Built target webots_interfaces
[0.336s] [ 80%] Built target webots_interfaces__py
[0.384s] [ 89%] Built target webots_interfaces__python
[0.429s] [ 92%] Built target webots_interfaces__rosidl_typesupport_c__pyext
[0.438s] [ 96%] Built target webots_interfaces__rosidl_typesupport_introspection_c__pyext
[0.445s] [100%] Built target webots_interfaces__rosidl_typesupport_fastrtps_c__pyext
[0.460s] Invoked command in '/home/autretechlab/Documents/GitHub/ATL_WEBOTS_ROS2_bridge/ros2_ws/build/webots_interfaces' returned '0': CMAKE_PREFIX_PATH=${CMAKE_PREFIX_PATH}:/home/autretechlab/Documents/GitHub/ATL_WEBOTS_ROS2_bridge/ros2_ws/install/webots_ros2_bridge_py_pkg:/home/autretechlab/Documents/GitHub/ATL_Robotics_IDE/ros2_ws/install/atl_blockly_ide_py_pkg:/home/autretechlab/Documents/GitHub/ATL_ThymioII_ROS2_bridge/install/thymio2_ros2_tutorials_py_pkg:/home/autretechlab/Documents/GitHub/ATL_ThymioII_ROS2_bridge/install/thymio2_ros2_bridge_py_pkg:/home/autretechlab/Documents/GitHub/ATL_ThymioII_ROS2_bridge/install/thymio2_ROS2_bridge_py_pkg:/opt/ros/foxy /usr/bin/cmake --build /home/autretechlab/Documents/GitHub/ATL_WEBOTS_ROS2_bridge/ros2_ws/build/webots_interfaces -- -j4 -l4
[0.636s] Invoking command in '/home/autretechlab/Documents/GitHub/ATL_WEBOTS_ROS2_bridge/ros2_ws/build/webots_interfaces': CMAKE_PREFIX_PATH=${CMAKE_PREFIX_PATH}:/home/autretechlab/Documents/GitHub/ATL_WEBOTS_ROS2_bridge/ros2_ws/install/webots_ros2_bridge_py_pkg:/home/autretechlab/Documents/GitHub/ATL_Robotics_IDE/ros2_ws/install/atl_blockly_ide_py_pkg:/home/autretechlab/Documents/GitHub/ATL_ThymioII_ROS2_bridge/install/thymio2_ros2_tutorials_py_pkg:/home/autretechlab/Documents/GitHub/ATL_ThymioII_ROS2_bridge/install/thymio2_ros2_bridge_py_pkg:/home/autretechlab/Documents/GitHub/ATL_ThymioII_ROS2_bridge/install/thymio2_ROS2_bridge_py_pkg:/opt/ros/foxy /usr/bin/cmake --install /home/autretechlab/Documents/GitHub/ATL_WEBOTS_ROS2_bridge/ros2_ws/build/webots_interfaces
[0.656s] -- Install configuration: ""
[0.657s] -- Up-to-date: /home/autretechlab/Documents/GitHub/ATL_WEBOTS_ROS2_bridge/ros2_ws/install/webots_interfaces/share/ament_index/resource_index/rosidl_interfaces/webots_interfaces
[0.657s] -- Up-to-date: /home/autretechlab/Documents/GitHub/ATL_WEBOTS_ROS2_bridge/ros2_ws/install/webots_interfaces/include/webots_interfaces
[0.657s] -- Up-to-date: /home/autretechlab/Documents/GitHub/ATL_WEBOTS_ROS2_bridge/ros2_ws/install/webots_interfaces/include/webots_interfaces/srv
[0.657s] -- Up-to-date: /home/autretechlab/Documents/GitHub/ATL_WEBOTS_ROS2_bridge/ros2_ws/install/webots_interfaces/include/webots_interfaces/srv/webots_thymio2_controller_srv.h
[0.657s] -- Up-to-date: /home/autretechlab/Documents/GitHub/ATL_WEBOTS_ROS2_bridge/ros2_ws/install/webots_interfaces/include/webots_interfaces/srv/webots_thymio2_led_srv.h
[0.657s] -- Up-to-date: /home/autretechlab/Documents/GitHub/ATL_WEBOTS_ROS2_bridge/ros2_ws/install/webots_interfaces/include/webots_interfaces/srv/webots_thymio2_motor_srv.h
[0.658s] -- Up-to-date: /home/autretechlab/Documents/GitHub/ATL_WEBOTS_ROS2_bridge/ros2_ws/install/webots_interfaces/include/webots_interfaces/srv/detail
[0.658s] -- Up-to-date: /home/autretechlab/Documents/GitHub/ATL_WEBOTS_ROS2_bridge/ros2_ws/install/webots_interfaces/include/webots_interfaces/srv/detail/webots_thymio2_controller_srv__functions.h
[0.658s] -- Up-to-date: /home/autretechlab/Documents/GitHub/ATL_WEBOTS_ROS2_bridge/ros2_ws/install/webots_interfaces/include/webots_interfaces/srv/detail/webots_thymio2_motor_srv__struct.h
[0.658s] -- Up-to-date: /home/autretechlab/Documents/GitHub/ATL_WEBOTS_ROS2_bridge/ros2_ws/install/webots_interfaces/include/webots_interfaces/srv/detail/webots_thymio2_motor_srv__functions.h
[0.658s] -- Up-to-date: /home/autretechlab/Documents/GitHub/ATL_WEBOTS_ROS2_bridge/ros2_ws/install/webots_interfaces/include/webots_interfaces/srv/detail/webots_thymio2_motor_srv__type_support.h
[0.658s] -- Up-to-date: /home/autretechlab/Documents/GitHub/ATL_WEBOTS_ROS2_bridge/ros2_ws/install/webots_interfaces/include/webots_interfaces/srv/detail/webots_thymio2_led_srv__type_support.h
[0.659s] -- Up-to-date: /home/autretechlab/Documents/GitHub/ATL_WEBOTS_ROS2_bridge/ros2_ws/install/webots_interfaces/include/webots_interfaces/srv/detail/webots_thymio2_motor_srv__functions.c
[0.659s] -- Up-to-date: /home/autretechlab/Documents/GitHub/ATL_WEBOTS_ROS2_bridge/ros2_ws/install/webots_interfaces/include/webots_interfaces/srv/detail/webots_thymio2_led_srv__struct.h
[0.659s] -- Up-to-date: /home/autretechlab/Documents/GitHub/ATL_WEBOTS_ROS2_bridge/ros2_ws/install/webots_interfaces/include/webots_interfaces/srv/detail/webots_thymio2_controller_srv__type_support.h
[0.659s] -- Up-to-date: /home/autretechlab/Documents/GitHub/ATL_WEBOTS_ROS2_bridge/ros2_ws/install/webots_interfaces/include/webots_interfaces/srv/detail/webots_thymio2_controller_srv__functions.c
[0.659s] -- Up-to-date: /home/autretechlab/Documents/GitHub/ATL_WEBOTS_ROS2_bridge/ros2_ws/install/webots_interfaces/include/webots_interfaces/srv/detail/webots_thymio2_led_srv__functions.c
[0.659s] -- Up-to-date: /home/autretechlab/Documents/GitHub/ATL_WEBOTS_ROS2_bridge/ros2_ws/install/webots_interfaces/include/webots_interfaces/srv/detail/webots_thymio2_controller_srv__struct.h
[0.660s] -- Up-to-date: /home/autretechlab/Documents/GitHub/ATL_WEBOTS_ROS2_bridge/ros2_ws/install/webots_interfaces/include/webots_interfaces/srv/detail/webots_thymio2_led_srv__functions.h
[0.660s] -- Up-to-date: /home/autretechlab/Documents/GitHub/ATL_WEBOTS_ROS2_bridge/ros2_ws/install/webots_interfaces/include/webots_interfaces/msg
[0.660s] -- Up-to-date: /home/autretechlab/Documents/GitHub/ATL_WEBOTS_ROS2_bridge/ros2_ws/install/webots_interfaces/include/webots_interfaces/msg/rosidl_generator_c__visibility_control.h
[0.660s] -- Up-to-date: /home/autretechlab/Documents/GitHub/ATL_WEBOTS_ROS2_bridge/ros2_ws/install/webots_interfaces/include/webots_interfaces/msg/webots_thymio2_controller.h
[0.660s] -- Up-to-date: /home/autretechlab/Documents/GitHub/ATL_WEBOTS_ROS2_bridge/ros2_ws/install/webots_interfaces/include/webots_interfaces/msg/detail
[0.660s] -- Up-to-date: /home/autretechlab/Documents/GitHub/ATL_WEBOTS_ROS2_bridge/ros2_ws/install/webots_interfaces/include/webots_interfaces/msg/detail/webots_thymio2_controller__functions.h
[0.661s] -- Up-to-date: /home/autretechlab/Documents/GitHub/ATL_WEBOTS_ROS2_bridge/ros2_ws/install/webots_interfaces/include/webots_interfaces/msg/detail/webots_thymio2_controller__struct.h
[0.661s] -- Up-to-date: /home/autretechlab/Documents/GitHub/ATL_WEBOTS_ROS2_bridge/ros2_ws/install/webots_interfaces/include/webots_interfaces/msg/detail/webots_thymio2_controller__functions.c
[0.661s] -- Up-to-date: /home/autretechlab/Documents/GitHub/ATL_WEBOTS_ROS2_bridge/ros2_ws/install/webots_interfaces/include/webots_interfaces/msg/detail/webots_thymio2_controller__type_support.h
[0.661s] -- Up-to-date: /home/autretechlab/Documents/GitHub/ATL_WEBOTS_ROS2_bridge/ros2_ws/install/webots_interfaces/share/webots_interfaces/environment/library_path.sh
[0.661s] -- Up-to-date: /home/autretechlab/Documents/GitHub/ATL_WEBOTS_ROS2_bridge/ros2_ws/install/webots_interfaces/share/webots_interfaces/environment/library_path.dsv
[0.661s] -- Up-to-date: /home/autretechlab/Documents/GitHub/ATL_WEBOTS_ROS2_bridge/ros2_ws/install/webots_interfaces/lib/libwebots_interfaces__rosidl_generator_c.so
[0.661s] -- Up-to-date: /home/autretechlab/Documents/GitHub/ATL_WEBOTS_ROS2_bridge/ros2_ws/install/webots_interfaces/include/webots_interfaces
[0.662s] -- Up-to-date: /home/autretechlab/Documents/GitHub/ATL_WEBOTS_ROS2_bridge/ros2_ws/install/webots_interfaces/include/webots_interfaces/srv
[0.662s] -- Up-to-date: /home/autretechlab/Documents/GitHub/ATL_WEBOTS_ROS2_bridge/ros2_ws/install/webots_interfaces/include/webots_interfaces/srv/detail
[0.662s] -- Up-to-date: /home/autretechlab/Documents/GitHub/ATL_WEBOTS_ROS2_bridge/ros2_ws/install/webots_interfaces/include/webots_interfaces/srv/detail/webots_thymio2_led_srv__rosidl_typesupport_fastrtps_c.h
[0.662s] -- Up-to-date: /home/autretechlab/Documents/GitHub/ATL_WEBOTS_ROS2_bridge/ros2_ws/install/webots_interfaces/include/webots_interfaces/srv/detail/webots_thymio2_controller_srv__rosidl_typesupport_fastrtps_c.h
[0.663s] -- Up-to-date: /home/autretechlab/Documents/GitHub/ATL_WEBOTS_ROS2_bridge/ros2_ws/install/webots_interfaces/include/webots_interfaces/srv/detail/webots_thymio2_motor_srv__rosidl_typesupport_fastrtps_c.h
[0.663s] -- Up-to-date: /home/autretechlab/Documents/GitHub/ATL_WEBOTS_ROS2_bridge/ros2_ws/install/webots_interfaces/include/webots_interfaces/msg
[0.663s] -- Up-to-date: /home/autretechlab/Documents/GitHub/ATL_WEBOTS_ROS2_bridge/ros2_ws/install/webots_interfaces/include/webots_interfaces/msg/rosidl_typesupport_fastrtps_c__visibility_control.h
[0.663s] -- Up-to-date: /home/autretechlab/Documents/GitHub/ATL_WEBOTS_ROS2_bridge/ros2_ws/install/webots_interfaces/include/webots_interfaces/msg/detail
[0.663s] -- Up-to-date: /home/autretechlab/Documents/GitHub/ATL_WEBOTS_ROS2_bridge/ros2_ws/install/webots_interfaces/include/webots_interfaces/msg/detail/webots_thymio2_controller__rosidl_typesupport_fastrtps_c.h
[0.663s] -- Up-to-date: /home/autretechlab/Documents/GitHub/ATL_WEBOTS_ROS2_bridge/ros2_ws/install/webots_interfaces/lib/libwebots_interfaces__rosidl_typesupport_fastrtps_c.so
[0.663s] -- Up-to-date: /home/autretechlab/Documents/GitHub/ATL_WEBOTS_ROS2_bridge/ros2_ws/install/webots_interfaces/include/webots_interfaces
[0.663s] -- Up-to-date: /home/autretechlab/Documents/GitHub/ATL_WEBOTS_ROS2_bridge/ros2_ws/install/webots_interfaces/include/webots_interfaces/srv
[0.664s] -- Up-to-date: /home/autretechlab/Documents/GitHub/ATL_WEBOTS_ROS2_bridge/ros2_ws/install/webots_interfaces/include/webots_interfaces/srv/detail
[0.664s] -- Up-to-date: /home/autretechlab/Documents/GitHub/ATL_WEBOTS_ROS2_bridge/ros2_ws/install/webots_interfaces/include/webots_interfaces/srv/detail/dds_fastrtps
[0.664s] -- Up-to-date: /home/autretechlab/Documents/GitHub/ATL_WEBOTS_ROS2_bridge/ros2_ws/install/webots_interfaces/include/webots_interfaces/srv/detail/webots_thymio2_controller_srv__rosidl_typesupport_fastrtps_cpp.hpp
[0.664s] -- Up-to-date: /home/autretechlab/Documents/GitHub/ATL_WEBOTS_ROS2_bridge/ros2_ws/install/webots_interfaces/include/webots_interfaces/srv/detail/webots_thymio2_motor_srv__rosidl_typesupport_fastrtps_cpp.hpp
[0.664s] -- Up-to-date: /home/autretechlab/Documents/GitHub/ATL_WEBOTS_ROS2_bridge/ros2_ws/install/webots_interfaces/include/webots_interfaces/srv/detail/webots_thymio2_led_srv__rosidl_typesupport_fastrtps_cpp.hpp
[0.664s] -- Up-to-date: /home/autretechlab/Documents/GitHub/ATL_WEBOTS_ROS2_bridge/ros2_ws/install/webots_interfaces/include/webots_interfaces/msg
[0.664s] -- Up-to-date: /home/autretechlab/Documents/GitHub/ATL_WEBOTS_ROS2_bridge/ros2_ws/install/webots_interfaces/include/webots_interfaces/msg/rosidl_typesupport_fastrtps_cpp__visibility_control.h
[0.665s] -- Up-to-date: /home/autretechlab/Documents/GitHub/ATL_WEBOTS_ROS2_bridge/ros2_ws/install/webots_interfaces/include/webots_interfaces/msg/detail
[0.665s] -- Up-to-date: /home/autretechlab/Documents/GitHub/ATL_WEBOTS_ROS2_bridge/ros2_ws/install/webots_interfaces/include/webots_interfaces/msg/detail/webots_thymio2_controller__rosidl_typesupport_fastrtps_cpp.hpp
[0.665s] -- Up-to-date: /home/autretechlab/Documents/GitHub/ATL_WEBOTS_ROS2_bridge/ros2_ws/install/webots_interfaces/include/webots_interfaces/msg/detail/dds_fastrtps
[0.665s] -- Up-to-date: /home/autretechlab/Documents/GitHub/ATL_WEBOTS_ROS2_bridge/ros2_ws/install/webots_interfaces/lib/libwebots_interfaces__rosidl_typesupport_fastrtps_cpp.so
[0.665s] -- Up-to-date: /home/autretechlab/Documents/GitHub/ATL_WEBOTS_ROS2_bridge/ros2_ws/install/webots_interfaces/include/webots_interfaces
[0.666s] -- Up-to-date: /home/autretechlab/Documents/GitHub/ATL_WEBOTS_ROS2_bridge/ros2_ws/install/webots_interfaces/include/webots_interfaces/srv
[0.666s] -- Up-to-date: /home/autretechlab/Documents/GitHub/ATL_WEBOTS_ROS2_bridge/ros2_ws/install/webots_interfaces/include/webots_interfaces/srv/detail
[0.666s] -- Up-to-date: /home/autretechlab/Documents/GitHub/ATL_WEBOTS_ROS2_bridge/ros2_ws/install/webots_interfaces/include/webots_interfaces/srv/detail/webots_thymio2_led_srv__rosidl_typesupport_introspection_c.h
[0.666s] -- Up-to-date: /home/autretechlab/Documents/GitHub/ATL_WEBOTS_ROS2_bridge/ros2_ws/install/webots_interfaces/include/webots_interfaces/srv/detail/webots_thymio2_led_srv__type_support.c
[0.666s] -- Up-to-date: /home/autretechlab/Documents/GitHub/ATL_WEBOTS_ROS2_bridge/ros2_ws/install/webots_interfaces/include/webots_interfaces/srv/detail/webots_thymio2_controller_srv__type_support.c
[0.667s] -- Up-to-date: /home/autretechlab/Documents/GitHub/ATL_WEBOTS_ROS2_bridge/ros2_ws/install/webots_interfaces/include/webots_interfaces/srv/detail/webots_thymio2_motor_srv__rosidl_typesupport_introspection_c.h
[0.667s] -- Up-to-date: /home/autretechlab/Documents/GitHub/ATL_WEBOTS_ROS2_bridge/ros2_ws/install/webots_interfaces/include/webots_interfaces/srv/detail/webots_thymio2_motor_srv__type_support.c
[0.667s] -- Up-to-date: /home/autretechlab/Documents/GitHub/ATL_WEBOTS_ROS2_bridge/ros2_ws/install/webots_interfaces/include/webots_interfaces/srv/detail/webots_thymio2_controller_srv__rosidl_typesupport_introspection_c.h
[0.667s] -- Up-to-date: /home/autretechlab/Documents/GitHub/ATL_WEBOTS_ROS2_bridge/ros2_ws/install/webots_interfaces/include/webots_interfaces/msg
[0.667s] -- Up-to-date: /home/autretechlab/Documents/GitHub/ATL_WEBOTS_ROS2_bridge/ros2_ws/install/webots_interfaces/include/webots_interfaces/msg/rosidl_typesupport_introspection_c__visibility_control.h
[0.668s] -- Up-to-date: /home/autretechlab/Documents/GitHub/ATL_WEBOTS_ROS2_bridge/ros2_ws/install/webots_interfaces/include/webots_interfaces/msg/detail
[0.668s] -- Up-to-date: /home/autretechlab/Documents/GitHub/ATL_WEBOTS_ROS2_bridge/ros2_ws/install/webots_interfaces/include/webots_interfaces/msg/detail/webots_thymio2_controller__rosidl_typesupport_introspection_c.h
[0.668s] -- Up-to-date: /home/autretechlab/Documents/GitHub/ATL_WEBOTS_ROS2_bridge/ros2_ws/install/webots_interfaces/include/webots_interfaces/msg/detail/webots_thymio2_controller__type_support.c
[0.668s] -- Up-to-date: /home/autretechlab/Documents/GitHub/ATL_WEBOTS_ROS2_bridge/ros2_ws/install/webots_interfaces/lib/libwebots_interfaces__rosidl_typesupport_introspection_c.so
[0.668s] -- Up-to-date: /home/autretechlab/Documents/GitHub/ATL_WEBOTS_ROS2_bridge/ros2_ws/install/webots_interfaces/lib/libwebots_interfaces__rosidl_typesupport_c.so
[0.669s] -- Up-to-date: /home/autretechlab/Documents/GitHub/ATL_WEBOTS_ROS2_bridge/ros2_ws/install/webots_interfaces/include/webots_interfaces
[0.669s] -- Up-to-date: /home/autretechlab/Documents/GitHub/ATL_WEBOTS_ROS2_bridge/ros2_ws/install/webots_interfaces/include/webots_interfaces/srv
[0.669s] -- Up-to-date: /home/autretechlab/Documents/GitHub/ATL_WEBOTS_ROS2_bridge/ros2_ws/install/webots_interfaces/include/webots_interfaces/srv/webots_thymio2_led_srv.hpp
[0.669s] -- Up-to-date: /home/autretechlab/Documents/GitHub/ATL_WEBOTS_ROS2_bridge/ros2_ws/install/webots_interfaces/include/webots_interfaces/srv/webots_thymio2_motor_srv.hpp
[0.669s] -- Up-to-date: /home/autretechlab/Documents/GitHub/ATL_WEBOTS_ROS2_bridge/ros2_ws/install/webots_interfaces/include/webots_interfaces/srv/webots_thymio2_controller_srv.hpp
[0.670s] -- Up-to-date: /home/autretechlab/Documents/GitHub/ATL_WEBOTS_ROS2_bridge/ros2_ws/install/webots_interfaces/include/webots_interfaces/srv/detail
[0.671s] -- Up-to-date: /home/autretechlab/Documents/GitHub/ATL_WEBOTS_ROS2_bridge/ros2_ws/install/webots_interfaces/include/webots_interfaces/srv/detail/webots_thymio2_motor_srv__traits.hpp
[0.671s] -- Up-to-date: /home/autretechlab/Documents/GitHub/ATL_WEBOTS_ROS2_bridge/ros2_ws/install/webots_interfaces/include/webots_interfaces/srv/detail/webots_thymio2_controller_srv__struct.hpp
[0.671s] -- Up-to-date: /home/autretechlab/Documents/GitHub/ATL_WEBOTS_ROS2_bridge/ros2_ws/install/webots_interfaces/include/webots_interfaces/srv/detail/webots_thymio2_led_srv__struct.hpp
[0.672s] -- Up-to-date: /home/autretechlab/Documents/GitHub/ATL_WEBOTS_ROS2_bridge/ros2_ws/install/webots_interfaces/include/webots_interfaces/srv/detail/webots_thymio2_controller_srv__traits.hpp
[0.672s] -- Up-to-date: /home/autretechlab/Documents/GitHub/ATL_WEBOTS_ROS2_bridge/ros2_ws/install/webots_interfaces/include/webots_interfaces/srv/detail/webots_thymio2_led_srv__traits.hpp
[0.672s] -- Up-to-date: /home/autretechlab/Documents/GitHub/ATL_WEBOTS_ROS2_bridge/ros2_ws/install/webots_interfaces/include/webots_interfaces/srv/detail/webots_thymio2_motor_srv__builder.hpp
[0.673s] -- Up-to-date: /home/autretechlab/Documents/GitHub/ATL_WEBOTS_ROS2_bridge/ros2_ws/install/webots_interfaces/include/webots_interfaces/srv/detail/webots_thymio2_controller_srv__builder.hpp
[0.673s] -- Up-to-date: /home/autretechlab/Documents/GitHub/ATL_WEBOTS_ROS2_bridge/ros2_ws/install/webots_interfaces/include/webots_interfaces/srv/detail/webots_thymio2_motor_srv__struct.hpp
[0.673s] -- Up-to-date: /home/autretechlab/Documents/GitHub/ATL_WEBOTS_ROS2_bridge/ros2_ws/install/webots_interfaces/include/webots_interfaces/srv/detail/webots_thymio2_led_srv__builder.hpp
[0.673s] -- Up-to-date: /home/autretechlab/Documents/GitHub/ATL_WEBOTS_ROS2_bridge/ros2_ws/install/webots_interfaces/include/webots_interfaces/msg
[0.673s] -- Up-to-date: /home/autretechlab/Documents/GitHub/ATL_WEBOTS_ROS2_bridge/ros2_ws/install/webots_interfaces/include/webots_interfaces/msg/webots_thymio2_controller.hpp
[0.674s] -- Up-to-date: /home/autretechlab/Documents/GitHub/ATL_WEBOTS_ROS2_bridge/ros2_ws/install/webots_interfaces/include/webots_interfaces/msg/detail
[0.674s] -- Up-to-date: /home/autretechlab/Documents/GitHub/ATL_WEBOTS_ROS2_bridge/ros2_ws/install/webots_interfaces/include/webots_interfaces/msg/detail/webots_thymio2_controller__struct.hpp
[0.675s] -- Up-to-date: /home/autretechlab/Documents/GitHub/ATL_WEBOTS_ROS2_bridge/ros2_ws/install/webots_interfaces/include/webots_interfaces/msg/detail/webots_thymio2_controller__builder.hpp
[0.675s] -- Up-to-date: /home/autretechlab/Documents/GitHub/ATL_WEBOTS_ROS2_bridge/ros2_ws/install/webots_interfaces/include/webots_interfaces/msg/detail/webots_thymio2_controller__traits.hpp
[0.675s] -- Up-to-date: /home/autretechlab/Documents/GitHub/ATL_WEBOTS_ROS2_bridge/ros2_ws/install/webots_interfaces/include/webots_interfaces
[0.676s] -- Up-to-date: /home/autretechlab/Documents/GitHub/ATL_WEBOTS_ROS2_bridge/ros2_ws/install/webots_interfaces/include/webots_interfaces/srv
[0.676s] -- Up-to-date: /home/autretechlab/Documents/GitHub/ATL_WEBOTS_ROS2_bridge/ros2_ws/install/webots_interfaces/include/webots_interfaces/srv/detail
[0.676s] -- Up-to-date: /home/autretechlab/Documents/GitHub/ATL_WEBOTS_ROS2_bridge/ros2_ws/install/webots_interfaces/include/webots_interfaces/srv/detail/webots_thymio2_controller_srv__type_support.cpp
[0.676s] -- Up-to-date: /home/autretechlab/Documents/GitHub/ATL_WEBOTS_ROS2_bridge/ros2_ws/install/webots_interfaces/include/webots_interfaces/srv/detail/webots_thymio2_led_srv__type_support.cpp
[0.677s] -- Up-to-date: /home/autretechlab/Documents/GitHub/ATL_WEBOTS_ROS2_bridge/ros2_ws/install/webots_interfaces/include/webots_interfaces/srv/detail/webots_thymio2_controller_srv__rosidl_typesupport_introspection_cpp.hpp
[0.677s] -- Up-to-date: /home/autretechlab/Documents/GitHub/ATL_WEBOTS_ROS2_bridge/ros2_ws/install/webots_interfaces/include/webots_interfaces/srv/detail/webots_thymio2_led_srv__rosidl_typesupport_introspection_cpp.hpp
[0.677s] -- Up-to-date: /home/autretechlab/Documents/GitHub/ATL_WEBOTS_ROS2_bridge/ros2_ws/install/webots_interfaces/include/webots_interfaces/srv/detail/webots_thymio2_motor_srv__type_support.cpp
[0.677s] -- Up-to-date: /home/autretechlab/Documents/GitHub/ATL_WEBOTS_ROS2_bridge/ros2_ws/install/webots_interfaces/include/webots_interfaces/srv/detail/webots_thymio2_motor_srv__rosidl_typesupport_introspection_cpp.hpp
[0.677s] -- Up-to-date: /home/autretechlab/Documents/GitHub/ATL_WEBOTS_ROS2_bridge/ros2_ws/install/webots_interfaces/include/webots_interfaces/msg
[0.678s] -- Up-to-date: /home/autretechlab/Documents/GitHub/ATL_WEBOTS_ROS2_bridge/ros2_ws/install/webots_interfaces/include/webots_interfaces/msg/detail
[0.678s] -- Up-to-date: /home/autretechlab/Documents/GitHub/ATL_WEBOTS_ROS2_bridge/ros2_ws/install/webots_interfaces/include/webots_interfaces/msg/detail/webots_thymio2_controller__type_support.cpp
[0.678s] -- Up-to-date: /home/autretechlab/Documents/GitHub/ATL_WEBOTS_ROS2_bridge/ros2_ws/install/webots_interfaces/include/webots_interfaces/msg/detail/webots_thymio2_controller__rosidl_typesupport_introspection_cpp.hpp
[0.678s] -- Up-to-date: /home/autretechlab/Documents/GitHub/ATL_WEBOTS_ROS2_bridge/ros2_ws/install/webots_interfaces/lib/libwebots_interfaces__rosidl_typesupport_introspection_cpp.so
[0.678s] -- Up-to-date: /home/autretechlab/Documents/GitHub/ATL_WEBOTS_ROS2_bridge/ros2_ws/install/webots_interfaces/lib/libwebots_interfaces__rosidl_typesupport_cpp.so
[0.679s] -- Up-to-date: /home/autretechlab/Documents/GitHub/ATL_WEBOTS_ROS2_bridge/ros2_ws/install/webots_interfaces/share/webots_interfaces/environment/pythonpath.sh
[0.680s] -- Up-to-date: /home/autretechlab/Documents/GitHub/ATL_WEBOTS_ROS2_bridge/ros2_ws/install/webots_interfaces/share/webots_interfaces/environment/pythonpath.dsv
[0.681s] -- Up-to-date: /home/autretechlab/Documents/GitHub/ATL_WEBOTS_ROS2_bridge/ros2_ws/install/webots_interfaces/lib/python3.8/site-packages/webots_interfaces/__init__.py
[0.727s] -- Up-to-date: /home/autretechlab/Documents/GitHub/ATL_WEBOTS_ROS2_bridge/ros2_ws/install/webots_interfaces/lib/python3.8/site-packages/webots_interfaces/msg
[0.728s] -- Up-to-date: /home/autretechlab/Documents/GitHub/ATL_WEBOTS_ROS2_bridge/ros2_ws/install/webots_interfaces/lib/python3.8/site-packages/webots_interfaces/msg/__init__.py
[0.728s] -- Up-to-date: /home/autretechlab/Documents/GitHub/ATL_WEBOTS_ROS2_bridge/ros2_ws/install/webots_interfaces/lib/python3.8/site-packages/webots_interfaces/msg/_webots_thymio2_controller_s.c
[0.728s] -- Up-to-date: /home/autretechlab/Documents/GitHub/ATL_WEBOTS_ROS2_bridge/ros2_ws/install/webots_interfaces/lib/python3.8/site-packages/webots_interfaces/msg/_webots_thymio2_controller.py
[0.728s] -- Up-to-date: /home/autretechlab/Documents/GitHub/ATL_WEBOTS_ROS2_bridge/ros2_ws/install/webots_interfaces/lib/python3.8/site-packages/webots_interfaces/srv
[0.728s] -- Up-to-date: /home/autretechlab/Documents/GitHub/ATL_WEBOTS_ROS2_bridge/ros2_ws/install/webots_interfaces/lib/python3.8/site-packages/webots_interfaces/srv/__init__.py
[0.728s] -- Up-to-date: /home/autretechlab/Documents/GitHub/ATL_WEBOTS_ROS2_bridge/ros2_ws/install/webots_interfaces/lib/python3.8/site-packages/webots_interfaces/srv/_webots_thymio2_motor_srv_s.c
[0.729s] -- Up-to-date: /home/autretechlab/Documents/GitHub/ATL_WEBOTS_ROS2_bridge/ros2_ws/install/webots_interfaces/lib/python3.8/site-packages/webots_interfaces/srv/_webots_thymio2_controller_srv.py
[0.729s] -- Up-to-date: /home/autretechlab/Documents/GitHub/ATL_WEBOTS_ROS2_bridge/ros2_ws/install/webots_interfaces/lib/python3.8/site-packages/webots_interfaces/srv/_webots_thymio2_controller_srv_s.c
[0.729s] -- Up-to-date: /home/autretechlab/Documents/GitHub/ATL_WEBOTS_ROS2_bridge/ros2_ws/install/webots_interfaces/lib/python3.8/site-packages/webots_interfaces/srv/_webots_thymio2_led_srv_s.c
[0.729s] -- Up-to-date: /home/autretechlab/Documents/GitHub/ATL_WEBOTS_ROS2_bridge/ros2_ws/install/webots_interfaces/lib/python3.8/site-packages/webots_interfaces/srv/_webots_thymio2_led_srv.py
[0.729s] -- Up-to-date: /home/autretechlab/Documents/GitHub/ATL_WEBOTS_ROS2_bridge/ros2_ws/install/webots_interfaces/lib/python3.8/site-packages/webots_interfaces/srv/_webots_thymio2_motor_srv.py
[0.729s] -- Up-to-date: /home/autretechlab/Documents/GitHub/ATL_WEBOTS_ROS2_bridge/ros2_ws/install/webots_interfaces/lib/python3.8/site-packages/webots_interfaces/webots_interfaces_s__rosidl_typesupport_fastrtps_c.cpython-38-x86_64-linux-gnu.so
[0.730s] -- Up-to-date: /home/autretechlab/Documents/GitHub/ATL_WEBOTS_ROS2_bridge/ros2_ws/install/webots_interfaces/lib/python3.8/site-packages/webots_interfaces/webots_interfaces_s__rosidl_typesupport_introspection_c.cpython-38-x86_64-linux-gnu.so
[0.732s] -- Up-to-date: /home/autretechlab/Documents/GitHub/ATL_WEBOTS_ROS2_bridge/ros2_ws/install/webots_interfaces/lib/python3.8/site-packages/webots_interfaces/webots_interfaces_s__rosidl_typesupport_c.cpython-38-x86_64-linux-gnu.so
[0.733s] -- Up-to-date: /home/autretechlab/Documents/GitHub/ATL_WEBOTS_ROS2_bridge/ros2_ws/install/webots_interfaces/lib/libwebots_interfaces__python.so
[0.733s] -- Up-to-date: /home/autretechlab/Documents/GitHub/ATL_WEBOTS_ROS2_bridge/ros2_ws/install/webots_interfaces/share/webots_interfaces/msg/WebotsThymio2Controller.idl
[0.734s] -- Up-to-date: /home/autretechlab/Documents/GitHub/ATL_WEBOTS_ROS2_bridge/ros2_ws/install/webots_interfaces/share/webots_interfaces/srv/WebotsThymio2ControllerSrv.idl
[0.734s] -- Up-to-date: /home/autretechlab/Documents/GitHub/ATL_WEBOTS_ROS2_bridge/ros2_ws/install/webots_interfaces/share/webots_interfaces/srv/WebotsThymio2MotorSrv.idl
[0.734s] -- Up-to-date: /home/autretechlab/Documents/GitHub/ATL_WEBOTS_ROS2_bridge/ros2_ws/install/webots_interfaces/share/webots_interfaces/srv/WebotsThymio2LEDSrv.idl
[0.734s] -- Up-to-date: /home/autretechlab/Documents/GitHub/ATL_WEBOTS_ROS2_bridge/ros2_ws/install/webots_interfaces/share/webots_interfaces/msg/WebotsThymio2Controller.msg
[0.735s] -- Up-to-date: /home/autretechlab/Documents/GitHub/ATL_WEBOTS_ROS2_bridge/ros2_ws/install/webots_interfaces/share/webots_interfaces/srv/WebotsThymio2ControllerSrv.srv
[0.736s] -- Up-to-date: /home/autretechlab/Documents/GitHub/ATL_WEBOTS_ROS2_bridge/ros2_ws/install/webots_interfaces/share/webots_interfaces/srv/WebotsThymio2ControllerSrv_Request.msg
[0.736s] -- Up-to-date: /home/autretechlab/Documents/GitHub/ATL_WEBOTS_ROS2_bridge/ros2_ws/install/webots_interfaces/share/webots_interfaces/srv/WebotsThymio2ControllerSrv_Response.msg
[0.736s] -- Up-to-date: /home/autretechlab/Documents/GitHub/ATL_WEBOTS_ROS2_bridge/ros2_ws/install/webots_interfaces/share/webots_interfaces/srv/WebotsThymio2MotorSrv.srv
[0.737s] -- Up-to-date: /home/autretechlab/Documents/GitHub/ATL_WEBOTS_ROS2_bridge/ros2_ws/install/webots_interfaces/share/webots_interfaces/srv/WebotsThymio2MotorSrv_Request.msg
[0.737s] -- Up-to-date: /home/autretechlab/Documents/GitHub/ATL_WEBOTS_ROS2_bridge/ros2_ws/install/webots_interfaces/share/webots_interfaces/srv/WebotsThymio2MotorSrv_Response.msg
[0.737s] -- Up-to-date: /home/autretechlab/Documents/GitHub/ATL_WEBOTS_ROS2_bridge/ros2_ws/install/webots_interfaces/share/webots_interfaces/srv/WebotsThymio2LEDSrv.srv
[0.738s] -- Up-to-date: /home/autretechlab/Documents/GitHub/ATL_WEBOTS_ROS2_bridge/ros2_ws/install/webots_interfaces/share/webots_interfaces/srv/WebotsThymio2LEDSrv_Request.msg
[0.738s] -- Up-to-date: /home/autretechlab/Documents/GitHub/ATL_WEBOTS_ROS2_bridge/ros2_ws/install/webots_interfaces/share/webots_interfaces/srv/WebotsThymio2LEDSrv_Response.msg
[0.739s] -- Up-to-date: /home/autretechlab/Documents/GitHub/ATL_WEBOTS_ROS2_bridge/ros2_ws/install/webots_interfaces/share/ament_index/resource_index/package_run_dependencies/webots_interfaces
[0.739s] -- Up-to-date: /home/autretechlab/Documents/GitHub/ATL_WEBOTS_ROS2_bridge/ros2_ws/install/webots_interfaces/share/ament_index/resource_index/parent_prefix_path/webots_interfaces
[0.739s] -- Up-to-date: /home/autretechlab/Documents/GitHub/ATL_WEBOTS_ROS2_bridge/ros2_ws/install/webots_interfaces/share/webots_interfaces/environment/ament_prefix_path.sh
[0.740s] -- Up-to-date: /home/autretechlab/Documents/GitHub/ATL_WEBOTS_ROS2_bridge/ros2_ws/install/webots_interfaces/share/webots_interfaces/environment/ament_prefix_path.dsv
[0.741s] -- Up-to-date: /home/autretechlab/Documents/GitHub/ATL_WEBOTS_ROS2_bridge/ros2_ws/install/webots_interfaces/share/webots_interfaces/environment/path.sh
[0.742s] -- Up-to-date: /home/autretechlab/Documents/GitHub/ATL_WEBOTS_ROS2_bridge/ros2_ws/install/webots_interfaces/share/webots_interfaces/environment/path.dsv
[0.742s] -- Up-to-date: /home/autretechlab/Documents/GitHub/ATL_WEBOTS_ROS2_bridge/ros2_ws/install/webots_interfaces/share/webots_interfaces/local_setup.bash
[0.743s] -- Up-to-date: /home/autretechlab/Documents/GitHub/ATL_WEBOTS_ROS2_bridge/ros2_ws/install/webots_interfaces/share/webots_interfaces/local_setup.sh
[0.743s] -- Up-to-date: /home/autretechlab/Documents/GitHub/ATL_WEBOTS_ROS2_bridge/ros2_ws/install/webots_interfaces/share/webots_interfaces/local_setup.zsh
[0.744s] -- Up-to-date: /home/autretechlab/Documents/GitHub/ATL_WEBOTS_ROS2_bridge/ros2_ws/install/webots_interfaces/share/webots_interfaces/local_setup.dsv
[0.744s] -- Installing: /home/autretechlab/Documents/GitHub/ATL_WEBOTS_ROS2_bridge/ros2_ws/install/webots_interfaces/share/webots_interfaces/package.dsv
[0.744s] -- Up-to-date: /home/autretechlab/Documents/GitHub/ATL_WEBOTS_ROS2_bridge/ros2_ws/install/webots_interfaces/share/ament_index/resource_index/packages/webots_interfaces
[0.744s] -- Up-to-date: /home/autretechlab/Documents/GitHub/ATL_WEBOTS_ROS2_bridge/ros2_ws/install/webots_interfaces/share/webots_interfaces/cmake/webots_interfaces__rosidl_generator_cExport.cmake
[0.744s] -- Up-to-date: /home/autretechlab/Documents/GitHub/ATL_WEBOTS_ROS2_bridge/ros2_ws/install/webots_interfaces/share/webots_interfaces/cmake/webots_interfaces__rosidl_generator_cExport-noconfig.cmake
[0.745s] -- Up-to-date: /home/autretechlab/Documents/GitHub/ATL_WEBOTS_ROS2_bridge/ros2_ws/install/webots_interfaces/share/webots_interfaces/cmake/webots_interfaces__rosidl_typesupport_introspection_cExport.cmake
[0.745s] -- Up-to-date: /home/autretechlab/Documents/GitHub/ATL_WEBOTS_ROS2_bridge/ros2_ws/install/webots_interfaces/share/webots_interfaces/cmake/webots_interfaces__rosidl_typesupport_introspection_cExport-noconfig.cmake
[0.745s] -- Up-to-date: /home/autretechlab/Documents/GitHub/ATL_WEBOTS_ROS2_bridge/ros2_ws/install/webots_interfaces/share/webots_interfaces/cmake/webots_interfaces__rosidl_typesupport_cExport.cmake
[0.745s] -- Up-to-date: /home/autretechlab/Documents/GitHub/ATL_WEBOTS_ROS2_bridge/ros2_ws/install/webots_interfaces/share/webots_interfaces/cmake/webots_interfaces__rosidl_typesupport_cExport-noconfig.cmake
[0.745s] -- Up-to-date: /home/autretechlab/Documents/GitHub/ATL_WEBOTS_ROS2_bridge/ros2_ws/install/webots_interfaces/share/webots_interfaces/cmake/webots_interfaces__rosidl_generator_cppExport.cmake
[0.745s] -- Up-to-date: /home/autretechlab/Documents/GitHub/ATL_WEBOTS_ROS2_bridge/ros2_ws/install/webots_interfaces/share/webots_interfaces/cmake/webots_interfaces__rosidl_typesupport_introspection_cppExport.cmake
[0.745s] -- Up-to-date: /home/autretechlab/Documents/GitHub/ATL_WEBOTS_ROS2_bridge/ros2_ws/install/webots_interfaces/share/webots_interfaces/cmake/webots_interfaces__rosidl_typesupport_introspection_cppExport-noconfig.cmake
[0.745s] -- Up-to-date: /home/autretechlab/Documents/GitHub/ATL_WEBOTS_ROS2_bridge/ros2_ws/install/webots_interfaces/share/webots_interfaces/cmake/webots_interfaces__rosidl_typesupport_cppExport.cmake
[0.745s] -- Up-to-date: /home/autretechlab/Documents/GitHub/ATL_WEBOTS_ROS2_bridge/ros2_ws/install/webots_interfaces/share/webots_interfaces/cmake/webots_interfaces__rosidl_typesupport_cppExport-noconfig.cmake
[0.746s] -- Up-to-date: /home/autretechlab/Documents/GitHub/ATL_WEBOTS_ROS2_bridge/ros2_ws/install/webots_interfaces/share/webots_interfaces/cmake/rosidl_cmake-extras.cmake
[0.746s] -- Up-to-date: /home/autretechlab/Documents/GitHub/ATL_WEBOTS_ROS2_bridge/ros2_ws/install/webots_interfaces/share/webots_interfaces/cmake/ament_cmake_export_dependencies-extras.cmake
[0.746s] -- Up-to-date: /home/autretechlab/Documents/GitHub/ATL_WEBOTS_ROS2_bridge/ros2_ws/install/webots_interfaces/share/webots_interfaces/cmake/ament_cmake_export_libraries-extras.cmake
[0.746s] -- Up-to-date: /home/autretechlab/Documents/GitHub/ATL_WEBOTS_ROS2_bridge/ros2_ws/install/webots_interfaces/share/webots_interfaces/cmake/ament_cmake_export_targets-extras.cmake
[0.746s] -- Up-to-date: /home/autretechlab/Documents/GitHub/ATL_WEBOTS_ROS2_bridge/ros2_ws/install/webots_interfaces/share/webots_interfaces/cmake/ament_cmake_export_include_directories-extras.cmake
[0.746s] -- Up-to-date: /home/autretechlab/Documents/GitHub/ATL_WEBOTS_ROS2_bridge/ros2_ws/install/webots_interfaces/share/webots_interfaces/cmake/rosidl_cmake_export_typesupport_libraries-extras.cmake
[0.747s] -- Up-to-date: /home/autretechlab/Documents/GitHub/ATL_WEBOTS_ROS2_bridge/ros2_ws/install/webots_interfaces/share/webots_interfaces/cmake/rosidl_cmake_export_typesupport_targets-extras.cmake
[0.747s] -- Up-to-date: /home/autretechlab/Documents/GitHub/ATL_WEBOTS_ROS2_bridge/ros2_ws/install/webots_interfaces/share/webots_interfaces/cmake/webots_interfacesConfig.cmake
[0.748s] -- Up-to-date: /home/autretechlab/Documents/GitHub/ATL_WEBOTS_ROS2_bridge/ros2_ws/install/webots_interfaces/share/webots_interfaces/cmake/webots_interfacesConfig-version.cmake
[0.749s] -- Up-to-date: /home/autretechlab/Documents/GitHub/ATL_WEBOTS_ROS2_bridge/ros2_ws/install/webots_interfaces/share/webots_interfaces/package.xml
[0.749s] Invoked command in '/home/autretechlab/Documents/GitHub/ATL_WEBOTS_ROS2_bridge/ros2_ws/build/webots_interfaces' returned '0': CMAKE_PREFIX_PATH=${CMAKE_PREFIX_PATH}:/home/autretechlab/Documents/GitHub/ATL_WEBOTS_ROS2_bridge/ros2_ws/install/webots_ros2_bridge_py_pkg:/home/autretechlab/Documents/GitHub/ATL_Robotics_IDE/ros2_ws/install/atl_blockly_ide_py_pkg:/home/autretechlab/Documents/GitHub/ATL_ThymioII_ROS2_bridge/install/thymio2_ros2_tutorials_py_pkg:/home/autretechlab/Documents/GitHub/ATL_ThymioII_ROS2_bridge/install/thymio2_ros2_bridge_py_pkg:/home/autretechlab/Documents/GitHub/ATL_ThymioII_ROS2_bridge/install/thymio2_ROS2_bridge_py_pkg:/opt/ros/foxy /usr/bin/cmake --install /home/autretechlab/Documents/GitHub/ATL_WEBOTS_ROS2_bridge/ros2_ws/build/webots_interfaces
